{"meta": {"format": 3, "version": "7.10.7", "timestamp": "2025-10-12T15:18:32.910564", "branch_coverage": false, "show_contexts": false}, "files": {"app.py": {"executed_lines": [1, 2, 3, 4, 5, 6, 7, 8, 11, 13, 14, 17, 18, 19, 20, 22, 23, 27, 28, 29, 30, 31, 33, 35, 36, 38, 42, 45, 48, 51, 55, 56, 65, 66, 69, 70, 76, 77, 79, 80, 82, 84, 85, 86, 87, 106, 107, 108, 109, 110, 111, 112, 113, 114, 115, 116, 117, 119, 120, 121, 122, 123, 124, 125, 126, 127, 128, 129, 130, 133, 134, 135, 139, 140, 149, 150, 151, 153, 155, 156, 157, 159, 166, 170, 174, 177, 202], "summary": {"covered_lines": 87, "num_statements": 128, "percent_covered": 67.96875, "percent_covered_display": "68", "missing_lines": 41, "excluded_lines": 0}, "missing_lines": [39, 46, 52, 59, 60, 63, 72, 73, 74, 91, 92, 93, 94, 95, 98, 99, 101, 103, 137, 142, 163, 164, 171, 178, 179, 181, 182, 183, 184, 187, 190, 192, 193, 195, 196, 197, 198, 199, 200, 204, 205], "excluded_lines": [], "functions": {"create_app": {"executed_lines": [13, 14, 17, 18, 19, 20, 22, 23, 33, 35, 36, 65, 66, 76, 77, 106, 107, 108, 109, 110, 111, 112, 113, 114, 115, 116, 117, 119, 120, 121, 122, 123, 124, 125, 126, 127, 128, 129, 130, 133, 134, 135, 139, 140, 149, 150, 155, 156, 157, 159, 166], "summary": {"covered_lines": 51, "num_statements": 53, "percent_covered": 96.22641509433963, "percent_covered_display": "96", "missing_lines": 2, "excluded_lines": 0}, "missing_lines": [163, 164], "excluded_lines": []}, "create_app.format_price": {"executed_lines": [27, 28, 29, 30, 31], "summary": {"covered_lines": 5, "num_statements": 5, "percent_covered": 100.0, "percent_covered_display": "100", "missing_lines": 0, "excluded_lines": 0}, "missing_lines": [], "excluded_lines": []}, "create_app.format_phone": {"executed_lines": [38, 42, 45, 48, 51, 55, 56], "summary": {"covered_lines": 7, "num_statements": 13, "percent_covered": 53.84615384615385, "percent_covered_display": "54", "missing_lines": 6, "excluded_lines": 0}, "missing_lines": [39, 46, 52, 59, 60, 63], "excluded_lines": []}, "create_app.yesdash": {"executed_lines": [69, 70], "summary": {"covered_lines": 2, "num_statements": 5, "percent_covered": 40.0, "percent_covered_display": "40", "missing_lines": 3, "excluded_lines": 0}, "missing_lines": [72, 73, 74], "excluded_lines": []}, "create_app.format_date": {"executed_lines": [79, 80, 82, 84, 85, 86, 87], "summary": {"covered_lines": 7, "num_statements": 16, "percent_covered": 43.75, "percent_covered_display": "44", "missing_lines": 9, "excluded_lines": 0}, "missing_lines": [91, 92, 93, 94, 95, 98, 99, 101, 103], "excluded_lines": []}, "create_app.dashboard": {"executed_lines": [], "summary": {"covered_lines": 0, "num_statements": 1, "percent_covered": 0.0, "percent_covered_display": "0", "missing_lines": 1, "excluded_lines": 0}, "missing_lines": [137], "excluded_lines": []}, "create_app.health_check": {"executed_lines": [], "summary": {"covered_lines": 0, "num_statements": 1, "percent_covered": 0.0, "percent_covered_display": "0", "missing_lines": 1, "excluded_lines": 0}, "missing_lines": [142], "excluded_lines": []}, "create_app.load_user": {"executed_lines": [151, 153], "summary": {"covered_lines": 2, "num_statements": 2, "percent_covered": 100.0, "percent_covered_display": "100", "missing_lines": 0, "excluded_lines": 0}, "missing_lines": [], "excluded_lines": []}, "": {"executed_lines": [1, 2, 3, 4, 5, 6, 7, 8, 11, 170, 174, 177, 202], "summary": {"covered_lines": 13, "num_statements": 32, "percent_covered": 40.625, "percent_covered_display": "41", "missing_lines": 19, "excluded_lines": 0}, "missing_lines": [171, 178, 179, 181, 182, 183, 184, 187, 190, 192, 193, 195, 196, 197, 198, 199, 200, 204, 205], "excluded_lines": []}}, "classes": {"": {"executed_lines": [1, 2, 3, 4, 5, 6, 7, 8, 11, 13, 14, 17, 18, 19, 20, 22, 23, 27, 28, 29, 30, 31, 33, 35, 36, 38, 42, 45, 48, 51, 55, 56, 65, 66, 69, 70, 76, 77, 79, 80, 82, 84, 85, 86, 87, 106, 107, 108, 109, 110, 111, 112, 113, 114, 115, 116, 117, 119, 120, 121, 122, 123, 124, 125, 126, 127, 128, 129, 130, 133, 134, 135, 139, 140, 149, 150, 151, 153, 155, 156, 157, 159, 166, 170, 174, 177, 202], "summary": {"covered_lines": 87, "num_statements": 128, "percent_covered": 67.96875, "percent_covered_display": "68", "missing_lines": 41, "excluded_lines": 0}, "missing_lines": [39, 46, 52, 59, 60, 63, 72, 73, 74, 91, 92, 93, 94, 95, 98, 99, 101, 103, 137, 142, 163, 164, 171, 178, 179, 181, 182, 183, 184, 187, 190, 192, 193, 195, 196, 197, 198, 199, 200, 204, 205], "excluded_lines": []}}}, "application.py": {"executed_lines": [], "summary": {"covered_lines": 0, "num_statements": 3, "percent_covered": 0.0, "percent_covered_display": "0", "missing_lines": 3, "excluded_lines": 0}, "missing_lines": [6, 8, 9], "excluded_lines": [], "functions": {"": {"executed_lines": [], "summary": {"covered_lines": 0, "num_statements": 3, "percent_covered": 0.0, "percent_covered_display": "0", "missing_lines": 3, "excluded_lines": 0}, "missing_lines": [6, 8, 9], "excluded_lines": []}}, "classes": {"": {"executed_lines": [], "summary": {"covered_lines": 0, "num_statements": 3, "percent_covered": 0.0, "percent_covered_display": "0", "missing_lines": 3, "excluded_lines": 0}, "missing_lines": [6, 8, 9], "excluded_lines": []}}}, "config.py": {"executed_lines": [1, 2, 5, 6, 7, 8, 10, 11, 12, 14, 15, 16, 18, 19, 28, 42, 43, 44, 45, 47, 88, 89, 90, 93, 94, 95, 98, 99, 100, 103, 104, 105, 106, 107, 108, 111, 112, 115], "summary": {"covered_lines": 38, "num_statements": 38, "percent_covered": 100.0, "percent_covered_display": "100", "missing_lines": 0, "excluded_lines": 0}, "missing_lines": [], "excluded_lines": [], "functions": {"": {"executed_lines": [1, 2, 5, 6, 7, 8, 10, 11, 12, 14, 15, 16, 18, 19, 28, 42, 43, 44, 45, 47, 88, 89, 90, 93, 94, 95, 98, 99, 100, 103, 104, 105, 106, 107, 108, 111, 112, 115], "summary": {"covered_lines": 38, "num_statements": 38, "percent_covered": 100.0, "percent_covered_display": "100", "missing_lines": 0, "excluded_lines": 0}, "missing_lines": [], "excluded_lines": []}}, "classes": {"Config": {"executed_lines": [], "summary": {"covered_lines": 0, "num_statements": 0, "percent_covered": 100.0, "percent_covered_display": "100", "missing_lines": 0, "excluded_lines": 0}, "missing_lines": [], "excluded_lines": []}, "DevelopmentConfig": {"executed_lines": [], "summary": {"covered_lines": 0, "num_statements": 0, "percent_covered": 100.0, "percent_covered_display": "100", "missing_lines": 0, "excluded_lines": 0}, "missing_lines": [], "excluded_lines": []}, "ProductionConfig": {"executed_lines": [], "summary": {"covered_lines": 0, "num_statements": 0, "percent_covered": 100.0, "percent_covered_display": "100", "missing_lines": 0, "excluded_lines": 0}, "missing_lines": [], "excluded_lines": []}, "TestingConfig": {"executed_lines": [], "summary": {"covered_lines": 0, "num_statements": 0, "percent_covered": 100.0, "percent_covered_display": "100", "missing_lines": 0, "excluded_lines": 0}, "missing_lines": [], "excluded_lines": []}, "": {"executed_lines": [1, 2, 5, 6, 7, 8, 10, 11, 12, 14, 15, 16, 18, 19, 28, 42, 43, 44, 45, 47, 88, 89, 90, 93, 94, 95, 98, 99, 100, 103, 104, 105, 106, 107, 108, 111, 112, 115], "summary": {"covered_lines": 38, "num_statements": 38, "percent_covered": 100.0, "percent_covered_display": "100", "missing_lines": 0, "excluded_lines": 0}, "missing_lines": [], "excluded_lines": []}}}, "decorators.py": {"executed_lines": [1, 2, 3, 6, 9, 10, 11, 12, 13, 14, 15, 16, 18, 20], "summary": {"covered_lines": 14, "num_statements": 14, "percent_covered": 100.0, "percent_covered_display": "100", "missing_lines": 0, "excluded_lines": 0}, "missing_lines": [], "excluded_lines": [], "functions": {"role_required": {"executed_lines": [9, 10, 20], "summary": {"covered_lines": 3, "num_statements": 3, "percent_covered": 100.0, "percent_covered_display": "100", "missing_lines": 0, "excluded_lines": 0}, "missing_lines": [], "excluded_lines": []}, "role_required.decorator": {"executed_lines": [11, 18], "summary": {"covered_lines": 2, "num_statements": 2, "percent_covered": 100.0, "percent_covered_display": "100", "missing_lines": 0, "excluded_lines": 0}, "missing_lines": [], "excluded_lines": []}, "role_required.decorator.decorated_function": {"executed_lines": [12, 13, 14, 15, 16], "summary": {"covered_lines": 5, "num_statements": 5, "percent_covered": 100.0, "percent_covered_display": "100", "missing_lines": 0, "excluded_lines": 0}, "missing_lines": [], "excluded_lines": []}, "": {"executed_lines": [1, 2, 3, 6], "summary": {"covered_lines": 4, "num_statements": 4, "percent_covered": 100.0, "percent_covered_display": "100", "missing_lines": 0, "excluded_lines": 0}, "missing_lines": [], "excluded_lines": []}}, "classes": {"": {"executed_lines": [1, 2, 3, 6, 9, 10, 11, 12, 13, 14, 15, 16, 18, 20], "summary": {"covered_lines": 14, "num_statements": 14, "percent_covered": 100.0, "percent_covered_display": "100", "missing_lines": 0, "excluded_lines": 0}, "missing_lines": [], "excluded_lines": []}}}, "extensions.py": {"executed_lines": [1, 2, 3, 6, 7, 8], "summary": {"covered_lines": 6, "num_statements": 6, "percent_covered": 100.0, "percent_covered_display": "100", "missing_lines": 0, "excluded_lines": 0}, "missing_lines": [], "excluded_lines": [], "functions": {"": {"executed_lines": [1, 2, 3, 6, 7, 8], "summary": {"covered_lines": 6, "num_statements": 6, "percent_covered": 100.0, "percent_covered_display": "100", "missing_lines": 0, "excluded_lines": 0}, "missing_lines": [], "excluded_lines": []}}, "classes": {"": {"executed_lines": [1, 2, 3, 6, 7, 8], "summary": {"covered_lines": 6, "num_statements": 6, "percent_covered": 100.0, "percent_covered_display": "100", "missing_lines": 0, "excluded_lines": 0}, "missing_lines": [], "excluded_lines": []}}}, "models/__init__.py": {"executed_lines": [2, 9], "summary": {"covered_lines": 2, "num_statements": 2, "percent_covered": 100.0, "percent_covered_display": "100", "missing_lines": 0, "excluded_lines": 0}, "missing_lines": [], "excluded_lines": [], "functions": {"": {"executed_lines": [2, 9], "summary": {"covered_lines": 2, "num_statements": 2, "percent_covered": 100.0, "percent_covered_display": "100", "missing_lines": 0, "excluded_lines": 0}, "missing_lines": [], "excluded_lines": []}}, "classes": {"": {"executed_lines": [2, 9], "summary": {"covered_lines": 2, "num_statements": 2, "percent_covered": 100.0, "percent_covered_display": "100", "missing_lines": 0, "excluded_lines": 0}, "missing_lines": [], "excluded_lines": []}}}, "models/customer.py": {"executed_lines": [1, 4, 5, 8, 9, 10, 11, 12, 13, 14, 15, 16, 17, 18, 19, 20, 21, 22, 23, 24, 26, 29, 30, 31, 32, 35, 38, 43, 45, 47, 72, 74, 75, 76, 78, 80, 81, 82, 83, 84, 85, 87, 89, 90, 91, 92, 95, 96, 97, 98, 99, 100, 101, 103, 104, 105, 109, 111, 113, 115, 116, 118, 119, 120, 122, 123, 124, 125, 126, 127, 128, 130, 131, 132, 138, 140, 142, 143, 144, 145, 146, 148, 149], "summary": {"covered_lines": 83, "num_statements": 85, "percent_covered": 97.6470588235294, "percent_covered_display": "98", "missing_lines": 2, "excluded_lines": 0}, "missing_lines": [93, 136], "excluded_lines": [], "functions": {"Customer.to_dict": {"executed_lines": [47], "summary": {"covered_lines": 1, "num_statements": 1, "percent_covered": 100.0, "percent_covered_display": "100", "missing_lines": 0, "excluded_lines": 0}, "missing_lines": [], "excluded_lines": []}, "Customer.clean_email": {"executed_lines": [74, 75, 76], "summary": {"covered_lines": 3, "num_statements": 3, "percent_covered": 100.0, "percent_covered_display": "100", "missing_lines": 0, "excluded_lines": 0}, "missing_lines": [], "excluded_lines": []}, "Customer.clean_phone": {"executed_lines": [80, 81, 82, 83, 84, 85], "summary": {"covered_lines": 6, "num_statements": 6, "percent_covered": 100.0, "percent_covered_display": "100", "missing_lines": 0, "excluded_lines": 0}, "missing_lines": [], "excluded_lines": []}, "Customer.get_full_address": {"executed_lines": [89, 90, 91, 92, 95, 96, 97, 98, 99, 100, 101, 103, 104, 105, 109, 111], "summary": {"covered_lines": 16, "num_statements": 17, "percent_covered": 94.11764705882354, "percent_covered_display": "94", "missing_lines": 1, "excluded_lines": 0}, "missing_lines": [93], "excluded_lines": []}, "Customer.get_mailing_address": {"executed_lines": [115, 116, 118, 119, 120, 122, 123, 124, 125, 126, 127, 128, 130, 131, 132, 138], "summary": {"covered_lines": 16, "num_statements": 17, "percent_covered": 94.11764705882354, "percent_covered_display": "94", "missing_lines": 1, "excluded_lines": 0}, "missing_lines": [136], "excluded_lines": []}, "Customer.get_primary_phone": {"executed_lines": [142, 143, 144, 145, 146], "summary": {"covered_lines": 5, "num_statements": 5, "percent_covered": 100.0, "percent_covered_display": "100", "missing_lines": 0, "excluded_lines": 0}, "missing_lines": [], "excluded_lines": []}, "Customer.__repr__": {"executed_lines": [149], "summary": {"covered_lines": 1, "num_statements": 1, "percent_covered": 100.0, "percent_covered_display": "100", "missing_lines": 0, "excluded_lines": 0}, "missing_lines": [], "excluded_lines": []}, "": {"executed_lines": [1, 4, 5, 8, 9, 10, 11, 12, 13, 14, 15, 16, 17, 18, 19, 20, 21, 22, 23, 24, 26, 29, 30, 31, 32, 35, 38, 43, 45, 72, 78, 87, 113, 140, 148], "summary": {"covered_lines": 35, "num_statements": 35, "percent_covered": 100.0, "percent_covered_display": "100", "missing_lines": 0, "excluded_lines": 0}, "missing_lines": [], "excluded_lines": []}}, "classes": {"Customer": {"executed_lines": [47, 74, 75, 76, 80, 81, 82, 83, 84, 85, 89, 90, 91, 92, 95, 96, 97, 98, 99, 100, 101, 103, 104, 105, 109, 111, 115, 116, 118, 119, 120, 122, 123, 124, 125, 126, 127, 128, 130, 131, 132, 138, 142, 143, 144, 145, 146, 149], "summary": {"covered_lines": 48, "num_statements": 50, "percent_covered": 96.0, "percent_covered_display": "96", "missing_lines": 2, "excluded_lines": 0}, "missing_lines": [93, 136], "excluded_lines": []}, "": {"executed_lines": [1, 4, 5, 8, 9, 10, 11, 12, 13, 14, 15, 16, 17, 18, 19, 20, 21, 22, 23, 24, 26, 29, 30, 31, 32, 35, 38, 43, 45, 72, 78, 87, 113, 140, 148], "summary": {"covered_lines": 35, "num_statements": 35, "percent_covered": 100.0, "percent_covered_display": "100", "missing_lines": 0, "excluded_lines": 0}, "missing_lines": [], "excluded_lines": []}}}, "models/inventory.py": {"executed_lines": [1, 4, 5, 8, 9, 10, 11, 12, 13, 14, 15, 16, 18, 20, 32, 33], "summary": {"covered_lines": 16, "num_statements": 16, "percent_covered": 100.0, "percent_covered_display": "100", "missing_lines": 0, "excluded_lines": 0}, "missing_lines": [], "excluded_lines": [], "functions": {"Inventory.to_dict": {"executed_lines": [20], "summary": {"covered_lines": 1, "num_statements": 1, "percent_covered": 100.0, "percent_covered_display": "100", "missing_lines": 0, "excluded_lines": 0}, "missing_lines": [], "excluded_lines": []}, "Inventory.__repr__": {"executed_lines": [33], "summary": {"covered_lines": 1, "num_statements": 1, "percent_covered": 100.0, "percent_covered_display": "100", "missing_lines": 0, "excluded_lines": 0}, "missing_lines": [], "excluded_lines": []}, "": {"executed_lines": [1, 4, 5, 8, 9, 10, 11, 12, 13, 14, 15, 16, 18, 32], "summary": {"covered_lines": 14, "num_statements": 14, "percent_covered": 100.0, "percent_covered_display": "100", "missing_lines": 0, "excluded_lines": 0}, "missing_lines": [], "excluded_lines": []}}, "classes": {"Inventory": {"executed_lines": [20, 33], "summary": {"covered_lines": 2, "num_statements": 2, "percent_covered": 100.0, "percent_covered_display": "100", "missing_lines": 0, "excluded_lines": 0}, "missing_lines": [], "excluded_lines": []}, "": {"executed_lines": [1, 4, 5, 8, 9, 10, 11, 12, 13, 14, 15, 16, 18, 32], "summary": {"covered_lines": 14, "num_statements": 14, "percent_covered": 100.0, "percent_covered_display": "100", "missing_lines": 0, "excluded_lines": 0}, "missing_lines": [], "excluded_lines": []}}}, "models/invite_token.py": {"executed_lines": [1, 2, 3, 6, 7, 9, 10, 11, 12, 13, 15, 16, 21, 22, 23, 24, 25], "summary": {"covered_lines": 17, "num_statements": 17, "percent_covered": 100.0, "percent_covered_display": "100", "missing_lines": 0, "excluded_lines": 0}, "missing_lines": [], "excluded_lines": [], "functions": {"InviteToken.generate_token": {"executed_lines": [21, 22, 23, 24, 25], "summary": {"covered_lines": 5, "num_statements": 5, "percent_covered": 100.0, "percent_covered_display": "100", "missing_lines": 0, "excluded_lines": 0}, "missing_lines": [], "excluded_lines": []}, "": {"executed_lines": [1, 2, 3, 6, 7, 9, 10, 11, 12, 13, 15, 16], "summary": {"covered_lines": 12, "num_statements": 12, "percent_covered": 100.0, "percent_covered_display": "100", "missing_lines": 0, "excluded_lines": 0}, "missing_lines": [], "excluded_lines": []}}, "classes": {"InviteToken": {"executed_lines": [21, 22, 23, 24, 25], "summary": {"covered_lines": 5, "num_statements": 5, "percent_covered": 100.0, "percent_covered_display": "100", "missing_lines": 0, "excluded_lines": 0}, "missing_lines": [], "excluded_lines": []}, "": {"executed_lines": [1, 2, 3, 6, 7, 9, 10, 11, 12, 13, 15, 16], "summary": {"covered_lines": 12, "num_statements": 12, "percent_covered": 100.0, "percent_covered_display": "100", "missing_lines": 0, "excluded_lines": 0}, "missing_lines": [], "excluded_lines": []}}}, "models/repair_order.py": {"executed_lines": [1, 2, 3, 6, 7, 10, 13, 17, 18, 21, 22, 25, 26, 27, 28, 29, 32, 33, 34, 37, 38, 39, 44, 47, 48, 49, 50, 51, 52, 53, 54, 55, 56, 57, 58, 61, 64, 65, 68, 69, 74, 80, 88, 89, 93, 94, 107, 109, 160, 161, 163, 164, 167, 168, 171, 174, 183, 184, 186, 191, 192, 193, 194, 195, 198, 199, 201, 203, 216, 217, 219, 220], "summary": {"covered_lines": 72, "num_statements": 78, "percent_covered": 92.3076923076923, "percent_covered_display": "92", "missing_lines": 6, "excluded_lines": 0}, "missing_lines": [91, 100, 101, 103, 104, 105], "excluded_lines": [], "functions": {"RepairWorkOrder.sync_source_name": {"executed_lines": [88, 89], "summary": {"covered_lines": 2, "num_statements": 3, "percent_covered": 66.66666666666667, "percent_covered_display": "67", "missing_lines": 1, "excluded_lines": 0}, "missing_lines": [91], "excluded_lines": []}, "RepairWorkOrder.customer_source_name": {"executed_lines": [], "summary": {"covered_lines": 0, "num_statements": 5, "percent_covered": 0.0, "percent_covered_display": "0", "missing_lines": 5, "excluded_lines": 0}, "missing_lines": [100, 101, 103, 104, 105], "excluded_lines": []}, "RepairWorkOrder.to_dict": {"executed_lines": [109], "summary": {"covered_lines": 1, "num_statements": 1, "percent_covered": 100.0, "percent_covered_display": "100", "missing_lines": 0, "excluded_lines": 0}, "missing_lines": [], "excluded_lines": []}, "RepairWorkOrder.__repr__": {"executed_lines": [161], "summary": {"covered_lines": 1, "num_statements": 1, "percent_covered": 100.0, "percent_covered_display": "100", "missing_lines": 0, "excluded_lines": 0}, "missing_lines": [], "excluded_lines": []}, "RepairWorkOrder.__str__": {"executed_lines": [164], "summary": {"covered_lines": 1, "num_statements": 1, "percent_covered": 100.0, "percent_covered_display": "100", "missing_lines": 0, "excluded_lines": 0}, "missing_lines": [], "excluded_lines": []}, "RepairWorkOrderItem.to_dict": {"executed_lines": [203], "summary": {"covered_lines": 1, "num_statements": 1, "percent_covered": 100.0, "percent_covered_display": "100", "missing_lines": 0, "excluded_lines": 0}, "missing_lines": [], "excluded_lines": []}, "RepairWorkOrderItem.__repr__": {"executed_lines": [217], "summary": {"covered_lines": 1, "num_statements": 1, "percent_covered": 100.0, "percent_covered_display": "100", "missing_lines": 0, "excluded_lines": 0}, "missing_lines": [], "excluded_lines": []}, "RepairWorkOrderItem.__str__": {"executed_lines": [220], "summary": {"covered_lines": 1, "num_statements": 1, "percent_covered": 100.0, "percent_covered_display": "100", "missing_lines": 0, "excluded_lines": 0}, "missing_lines": [], "excluded_lines": []}, "": {"executed_lines": [1, 2, 3, 6, 7, 10, 13, 17, 18, 21, 22, 25, 26, 27, 28, 29, 32, 33, 34, 37, 38, 39, 44, 47, 48, 49, 50, 51, 52, 53, 54, 55, 56, 57, 58, 61, 64, 65, 68, 69, 74, 80, 93, 94, 107, 160, 163, 167, 168, 171, 174, 183, 184, 186, 191, 192, 193, 194, 195, 198, 199, 201, 216, 219], "summary": {"covered_lines": 64, "num_statements": 64, "percent_covered": 100.0, "percent_covered_display": "100", "missing_lines": 0, "excluded_lines": 0}, "missing_lines": [], "excluded_lines": []}}, "classes": {"RepairWorkOrder": {"executed_lines": [88, 89, 109, 161, 164], "summary": {"covered_lines": 5, "num_statements": 11, "percent_covered": 45.45454545454545, "percent_covered_display": "45", "missing_lines": 6, "excluded_lines": 0}, "missing_lines": [91, 100, 101, 103, 104, 105], "excluded_lines": []}, "RepairWorkOrderItem": {"executed_lines": [203, 217, 220], "summary": {"covered_lines": 3, "num_statements": 3, "percent_covered": 100.0, "percent_covered_display": "100", "missing_lines": 0, "excluded_lines": 0}, "missing_lines": [], "excluded_lines": []}, "": {"executed_lines": [1, 2, 3, 6, 7, 10, 13, 17, 18, 21, 22, 25, 26, 27, 28, 29, 32, 33, 34, 37, 38, 39, 44, 47, 48, 49, 50, 51, 52, 53, 54, 55, 56, 57, 58, 61, 64, 65, 68, 69, 74, 80, 93, 94, 107, 160, 163, 167, 168, 171, 174, 183, 184, 186, 191, 192, 193, 194, 195, 198, 199, 201, 216, 219], "summary": {"covered_lines": 64, "num_statements": 64, "percent_covered": 100.0, "percent_covered_display": "100", "missing_lines": 0, "excluded_lines": 0}, "missing_lines": [], "excluded_lines": []}}}, "models/repair_order_file.py": {"executed_lines": [1, 2, 5, 6, 9, 12, 20, 21, 22, 23, 26, 28], "summary": {"covered_lines": 12, "num_statements": 13, "percent_covered": 92.3076923076923, "percent_covered_display": "92", "missing_lines": 1, "excluded_lines": 0}, "missing_lines": [29], "excluded_lines": [], "functions": {"RepairOrderFile.to_dict": {"executed_lines": [], "summary": {"covered_lines": 0, "num_statements": 1, "percent_covered": 0.0, "percent_covered_display": "0", "missing_lines": 1, "excluded_lines": 0}, "missing_lines": [29], "excluded_lines": []}, "": {"executed_lines": [1, 2, 5, 6, 9, 12, 20, 21, 22, 23, 26, 28], "summary": {"covered_lines": 12, "num_statements": 12, "percent_covered": 100.0, "percent_covered_display": "100", "missing_lines": 0, "excluded_lines": 0}, "missing_lines": [], "excluded_lines": []}}, "classes": {"RepairOrderFile": {"executed_lines": [], "summary": {"covered_lines": 0, "num_statements": 1, "percent_covered": 0.0, "percent_covered_display": "0", "missing_lines": 1, "excluded_lines": 0}, "missing_lines": [29], "excluded_lines": []}, "": {"executed_lines": [1, 2, 5, 6, 9, 12, 20, 21, 22, 23, 26, 28], "summary": {"covered_lines": 12, "num_statements": 12, "percent_covered": 100.0, "percent_covered_display": "100", "missing_lines": 0, "excluded_lines": 0}, "missing_lines": [], "excluded_lines": []}}}, "models/source.py": {"executed_lines": [1, 4, 5, 9, 10, 11, 12, 13, 14, 15, 16, 18, 20, 22, 34, 36, 37, 38, 40, 42, 43, 44, 46, 48, 49, 50, 52, 53, 54, 55, 56, 57, 58, 60, 61, 62, 68, 70, 71], "summary": {"covered_lines": 39, "num_statements": 40, "percent_covered": 97.5, "percent_covered_display": "98", "missing_lines": 1, "excluded_lines": 0}, "missing_lines": [66], "excluded_lines": [], "functions": {"Source.to_dict": {"executed_lines": [22], "summary": {"covered_lines": 1, "num_statements": 1, "percent_covered": 100.0, "percent_covered_display": "100", "missing_lines": 0, "excluded_lines": 0}, "missing_lines": [], "excluded_lines": []}, "Source.clean_email": {"executed_lines": [36, 37, 38], "summary": {"covered_lines": 3, "num_statements": 3, "percent_covered": 100.0, "percent_covered_display": "100", "missing_lines": 0, "excluded_lines": 0}, "missing_lines": [], "excluded_lines": []}, "Source.clean_phone": {"executed_lines": [42, 43, 44], "summary": {"covered_lines": 3, "num_statements": 3, "percent_covered": 100.0, "percent_covered_display": "100", "missing_lines": 0, "excluded_lines": 0}, "missing_lines": [], "excluded_lines": []}, "Source.get_full_address": {"executed_lines": [48, 49, 50, 52, 53, 54, 55, 56, 57, 58, 60, 61, 62, 68], "summary": {"covered_lines": 14, "num_statements": 15, "percent_covered": 93.33333333333333, "percent_covered_display": "93", "missing_lines": 1, "excluded_lines": 0}, "missing_lines": [66], "excluded_lines": []}, "Source.__repr__": {"executed_lines": [71], "summary": {"covered_lines": 1, "num_statements": 1, "percent_covered": 100.0, "percent_covered_display": "100", "missing_lines": 0, "excluded_lines": 0}, "missing_lines": [], "excluded_lines": []}, "": {"executed_lines": [1, 4, 5, 9, 10, 11, 12, 13, 14, 15, 16, 18, 20, 34, 40, 46, 70], "summary": {"covered_lines": 17, "num_statements": 17, "percent_covered": 100.0, "percent_covered_display": "100", "missing_lines": 0, "excluded_lines": 0}, "missing_lines": [], "excluded_lines": []}}, "classes": {"Source": {"executed_lines": [22, 36, 37, 38, 42, 43, 44, 48, 49, 50, 52, 53, 54, 55, 56, 57, 58, 60, 61, 62, 68, 71], "summary": {"covered_lines": 22, "num_statements": 23, "percent_covered": 95.65217391304348, "percent_covered_display": "96", "missing_lines": 1, "excluded_lines": 0}, "missing_lines": [66], "excluded_lines": []}, "": {"executed_lines": [1, 4, 5, 9, 10, 11, 12, 13, 14, 15, 16, 18, 20, 34, 40, 46, 70], "summary": {"covered_lines": 17, "num_statements": 17, "percent_covered": 100.0, "percent_covered_display": "100", "missing_lines": 0, "excluded_lines": 0}, "missing_lines": [], "excluded_lines": []}}}, "models/user.py": {"executed_lines": [1, 2, 3, 4, 7, 8, 10, 11, 12, 13, 19, 22, 23], "summary": {"covered_lines": 13, "num_statements": 13, "percent_covered": 100.0, "percent_covered_display": "100", "missing_lines": 0, "excluded_lines": 0}, "missing_lines": [], "excluded_lines": [], "functions": {"User.__repr__": {"executed_lines": [23], "summary": {"covered_lines": 1, "num_statements": 1, "percent_covered": 100.0, "percent_covered_display": "100", "missing_lines": 0, "excluded_lines": 0}, "missing_lines": [], "excluded_lines": []}, "": {"executed_lines": [1, 2, 3, 4, 7, 8, 10, 11, 12, 13, 19, 22], "summary": {"covered_lines": 12, "num_statements": 12, "percent_covered": 100.0, "percent_covered_display": "100", "missing_lines": 0, "excluded_lines": 0}, "missing_lines": [], "excluded_lines": []}}, "classes": {"User": {"executed_lines": [23], "summary": {"covered_lines": 1, "num_statements": 1, "percent_covered": 100.0, "percent_covered_display": "100", "missing_lines": 0, "excluded_lines": 0}, "missing_lines": [], "excluded_lines": []}, "": {"executed_lines": [1, 2, 3, 4, 7, 8, 10, 11, 12, 13, 19, 22], "summary": {"covered_lines": 12, "num_statements": 12, "percent_covered": 100.0, "percent_covered_display": "100", "missing_lines": 0, "excluded_lines": 0}, "missing_lines": [], "excluded_lines": []}}}, "models/work_order.py": {"executed_lines": [1, 2, 3, 6, 7, 10, 11, 15, 16, 18, 19, 20, 21, 23, 24, 25, 26, 27, 29, 30, 31, 32, 34, 35, 38, 39, 40, 42, 45, 48, 49, 53, 60, 62, 64, 71, 72, 79, 80, 81, 86, 87, 89, 90, 94, 102, 103, 107, 108, 121, 122, 124, 158, 159, 160, 162, 163, 165, 166, 169, 170, 173, 176, 183, 188, 189, 192, 193, 194, 195, 196, 199, 200, 202, 204, 217, 218, 220, 221], "summary": {"covered_lines": 79, "num_statements": 89, "percent_covered": 88.76404494382022, "percent_covered_display": "89", "missing_lines": 10, "excluded_lines": 0}, "missing_lines": [82, 84, 91, 92, 105, 114, 115, 117, 118, 119], "excluded_lines": [], "functions": {"WorkOrder.is_sail_order": {"executed_lines": [79, 80, 81], "summary": {"covered_lines": 3, "num_statements": 5, "percent_covered": 60.0, "percent_covered_display": "60", "missing_lines": 2, "excluded_lines": 0}, "missing_lines": [82, 84], "excluded_lines": []}, "WorkOrder.get_sail_order_sources": {"executed_lines": [89, 90], "summary": {"covered_lines": 2, "num_statements": 4, "percent_covered": 50.0, "percent_covered_display": "50", "missing_lines": 2, "excluded_lines": 0}, "missing_lines": [91, 92], "excluded_lines": []}, "WorkOrder.sync_source_name": {"executed_lines": [102, 103], "summary": {"covered_lines": 2, "num_statements": 3, "percent_covered": 66.66666666666667, "percent_covered_display": "67", "missing_lines": 1, "excluded_lines": 0}, "missing_lines": [105], "excluded_lines": []}, "WorkOrder.customer_source_name": {"executed_lines": [], "summary": {"covered_lines": 0, "num_statements": 5, "percent_covered": 0.0, "percent_covered_display": "0", "missing_lines": 5, "excluded_lines": 0}, "missing_lines": [114, 115, 117, 118, 119], "excluded_lines": []}, "WorkOrder.to_dict": {"executed_lines": [122, 124, 158, 159, 160], "summary": {"covered_lines": 5, "num_statements": 5, "percent_covered": 100.0, "percent_covered_display": "100", "missing_lines": 0, "excluded_lines": 0}, "missing_lines": [], "excluded_lines": []}, "WorkOrder.__repr__": {"executed_lines": [163], "summary": {"covered_lines": 1, "num_statements": 1, "percent_covered": 100.0, "percent_covered_display": "100", "missing_lines": 0, "excluded_lines": 0}, "missing_lines": [], "excluded_lines": []}, "WorkOrder.__str__": {"executed_lines": [166], "summary": {"covered_lines": 1, "num_statements": 1, "percent_covered": 100.0, "percent_covered_display": "100", "missing_lines": 0, "excluded_lines": 0}, "missing_lines": [], "excluded_lines": []}, "WorkOrderItem.to_dict": {"executed_lines": [204], "summary": {"covered_lines": 1, "num_statements": 1, "percent_covered": 100.0, "percent_covered_display": "100", "missing_lines": 0, "excluded_lines": 0}, "missing_lines": [], "excluded_lines": []}, "WorkOrderItem.__repr__": {"executed_lines": [218], "summary": {"covered_lines": 1, "num_statements": 1, "percent_covered": 100.0, "percent_covered_display": "100", "missing_lines": 0, "excluded_lines": 0}, "missing_lines": [], "excluded_lines": []}, "WorkOrderItem.__str__": {"executed_lines": [221], "summary": {"covered_lines": 1, "num_statements": 1, "percent_covered": 100.0, "percent_covered_display": "100", "missing_lines": 0, "excluded_lines": 0}, "missing_lines": [], "excluded_lines": []}, "": {"executed_lines": [1, 2, 3, 6, 7, 10, 11, 15, 16, 18, 19, 20, 21, 23, 24, 25, 26, 27, 29, 30, 31, 32, 34, 35, 38, 39, 40, 42, 45, 48, 49, 53, 60, 62, 64, 71, 72, 86, 87, 94, 107, 108, 121, 162, 165, 169, 170, 173, 176, 183, 188, 189, 192, 193, 194, 195, 196, 199, 200, 202, 217, 220], "summary": {"covered_lines": 62, "num_statements": 62, "percent_covered": 100.0, "percent_covered_display": "100", "missing_lines": 0, "excluded_lines": 0}, "missing_lines": [], "excluded_lines": []}}, "classes": {"WorkOrder": {"executed_lines": [79, 80, 81, 89, 90, 102, 103, 122, 124, 158, 159, 160, 163, 166], "summary": {"covered_lines": 14, "num_statements": 24, "percent_covered": 58.333333333333336, "percent_covered_display": "58", "missing_lines": 10, "excluded_lines": 0}, "missing_lines": [82, 84, 91, 92, 105, 114, 115, 117, 118, 119], "excluded_lines": []}, "WorkOrderItem": {"executed_lines": [204, 218, 221], "summary": {"covered_lines": 3, "num_statements": 3, "percent_covered": 100.0, "percent_covered_display": "100", "missing_lines": 0, "excluded_lines": 0}, "missing_lines": [], "excluded_lines": []}, "": {"executed_lines": [1, 2, 3, 6, 7, 10, 11, 15, 16, 18, 19, 20, 21, 23, 24, 25, 26, 27, 29, 30, 31, 32, 34, 35, 38, 39, 40, 42, 45, 48, 49, 53, 60, 62, 64, 71, 72, 86, 87, 94, 107, 108, 121, 162, 165, 169, 170, 173, 176, 183, 188, 189, 192, 193, 194, 195, 196, 199, 200, 202, 217, 220], "summary": {"covered_lines": 62, "num_statements": 62, "percent_covered": 100.0, "percent_covered_display": "100", "missing_lines": 0, "excluded_lines": 0}, "missing_lines": [], "excluded_lines": []}}}, "models/work_order_file.py": {"executed_lines": [1, 2, 5, 6, 9, 12, 20, 21, 22, 23, 26, 28, 29], "summary": {"covered_lines": 13, "num_statements": 13, "percent_covered": 100.0, "percent_covered_display": "100", "missing_lines": 0, "excluded_lines": 0}, "missing_lines": [], "excluded_lines": [], "functions": {"WorkOrderFile.to_dict": {"executed_lines": [29], "summary": {"covered_lines": 1, "num_statements": 1, "percent_covered": 100.0, "percent_covered_display": "100", "missing_lines": 0, "excluded_lines": 0}, "missing_lines": [], "excluded_lines": []}, "": {"executed_lines": [1, 2, 5, 6, 9, 12, 20, 21, 22, 23, 26, 28], "summary": {"covered_lines": 12, "num_statements": 12, "percent_covered": 100.0, "percent_covered_display": "100", "missing_lines": 0, "excluded_lines": 0}, "missing_lines": [], "excluded_lines": []}}, "classes": {"WorkOrderFile": {"executed_lines": [29], "summary": {"covered_lines": 1, "num_statements": 1, "percent_covered": 100.0, "percent_covered_display": "100", "missing_lines": 0, "excluded_lines": 0}, "missing_lines": [], "excluded_lines": []}, "": {"executed_lines": [1, 2, 5, 6, 9, 12, 20, 21, 22, 23, 26, 28], "summary": {"covered_lines": 12, "num_statements": 12, "percent_covered": 100.0, "percent_covered_display": "100", "missing_lines": 0, "excluded_lines": 0}, "missing_lines": [], "excluded_lines": []}}}, "routes/__init__.py": {"executed_lines": [0], "summary": {"covered_lines": 0, "num_statements": 0, "percent_covered": 100.0, "percent_covered_display": "100", "missing_lines": 0, "excluded_lines": 0}, "missing_lines": [], "excluded_lines": [], "functions": {"": {"executed_lines": [], "summary": {"covered_lines": 0, "num_statements": 0, "percent_covered": 100.0, "percent_covered_display": "100", "missing_lines": 0, "excluded_lines": 0}, "missing_lines": [], "excluded_lines": []}}, "classes": {"": {"executed_lines": [], "summary": {"covered_lines": 0, "num_statements": 0, "percent_covered": 100.0, "percent_covered_display": "100", "missing_lines": 0, "excluded_lines": 0}, "missing_lines": [], "excluded_lines": []}}}, "routes/admin.py": {"executed_lines": [1, 2, 3, 4, 5, 6, 8, 11, 12, 13, 14, 26, 27, 28, 29, 41, 42, 43, 44], "summary": {"covered_lines": 19, "num_statements": 43, "percent_covered": 44.18604651162791, "percent_covered_display": "44", "missing_lines": 24, "excluded_lines": 0}, "missing_lines": [15, 16, 17, 18, 19, 21, 22, 23, 30, 31, 32, 33, 35, 36, 37, 38, 45, 46, 47, 48, 50, 51, 52, 54], "excluded_lines": [], "functions": {"manage_users": {"executed_lines": [], "summary": {"covered_lines": 0, "num_statements": 8, "percent_covered": 0.0, "percent_covered_display": "0", "missing_lines": 8, "excluded_lines": 0}, "missing_lines": [15, 16, 17, 18, 19, 21, 22, 23], "excluded_lines": []}, "delete_user": {"executed_lines": [], "summary": {"covered_lines": 0, "num_statements": 8, "percent_covered": 0.0, "percent_covered_display": "0", "missing_lines": 8, "excluded_lines": 0}, "missing_lines": [30, 31, 32, 33, 35, 36, 37, 38], "excluded_lines": []}, "update_user_role": {"executed_lines": [], "summary": {"covered_lines": 0, "num_statements": 8, "percent_covered": 0.0, "percent_covered_display": "0", "missing_lines": 8, "excluded_lines": 0}, "missing_lines": [45, 46, 47, 48, 50, 51, 52, 54], "excluded_lines": []}, "": {"executed_lines": [1, 2, 3, 4, 5, 6, 8, 11, 12, 13, 14, 26, 27, 28, 29, 41, 42, 43, 44], "summary": {"covered_lines": 19, "num_statements": 19, "percent_covered": 100.0, "percent_covered_display": "100", "missing_lines": 0, "excluded_lines": 0}, "missing_lines": [], "excluded_lines": []}}, "classes": {"": {"executed_lines": [1, 2, 3, 4, 5, 6, 8, 11, 12, 13, 14, 26, 27, 28, 29, 41, 42, 43, 44], "summary": {"covered_lines": 19, "num_statements": 43, "percent_covered": 44.18604651162791, "percent_covered_display": "44", "missing_lines": 24, "excluded_lines": 0}, "missing_lines": [15, 16, 17, 18, 19, 21, 22, 23, 30, 31, 32, 33, 35, 36, 37, 38, 45, 46, 47, 48, 50, 51, 52, 54], "excluded_lines": []}}}, "routes/analytics.py": {"executed_lines": [1, 2, 3, 4, 5, 6, 7, 8, 9, 10, 13, 19, 27, 92, 143, 171, 214, 243, 252, 324, 325, 326, 327, 328, 346, 347, 348, 349, 350], "summary": {"covered_lines": 29, "num_statements": 157, "percent_covered": 18.471337579617835, "percent_covered_display": "18", "missing_lines": 128, "excluded_lines": 0}, "missing_lines": [29, 30, 33, 44, 47, 48, 51, 54, 57, 60, 65, 68, 69, 70, 73, 74, 76, 77, 79, 80, 81, 83, 84, 94, 95, 107, 108, 109, 110, 114, 115, 117, 120, 121, 124, 125, 126, 130, 145, 146, 150, 151, 153, 165, 166, 168, 173, 174, 176, 177, 178, 181, 186, 189, 190, 191, 192, 193, 195, 196, 199, 201, 206, 209, 211, 216, 217, 220, 221, 222, 224, 225, 226, 229, 230, 233, 238, 240, 245, 246, 248, 249, 258, 259, 262, 263, 264, 269, 274, 277, 279, 280, 283, 284, 285, 291, 293, 294, 297, 298, 299, 301, 305, 307, 308, 330, 331, 332, 334, 336, 337, 338, 340, 341, 352, 353, 355, 356, 357, 358, 360, 361, 365, 380, 381, 382, 384, 385], "excluded_lines": [], "functions": {"load_work_orders": {"executed_lines": [], "summary": {"covered_lines": 0, "num_statements": 23, "percent_covered": 0.0, "percent_covered_display": "0", "missing_lines": 23, "excluded_lines": 0}, "missing_lines": [29, 30, 33, 44, 47, 48, 51, 54, 57, 60, 65, 68, 69, 70, 73, 74, 76, 77, 79, 80, 81, 83, 84], "excluded_lines": []}, "calculate_kpis": {"executed_lines": [], "summary": {"covered_lines": 0, "num_statements": 15, "percent_covered": 0.0, "percent_covered_display": "0", "missing_lines": 15, "excluded_lines": 0}, "missing_lines": [94, 95, 107, 108, 109, 110, 114, 115, 117, 120, 121, 124, 125, 126, 130], "excluded_lines": []}, "get_monthly_trends": {"executed_lines": [], "summary": {"covered_lines": 0, "num_statements": 8, "percent_covered": 0.0, "percent_covered_display": "0", "missing_lines": 8, "excluded_lines": 0}, "missing_lines": [145, 146, 150, 151, 153, 165, 166, 168], "excluded_lines": []}, "get_daily_throughput": {"executed_lines": [], "summary": {"covered_lines": 0, "num_statements": 19, "percent_covered": 0.0, "percent_covered_display": "0", "missing_lines": 19, "excluded_lines": 0}, "missing_lines": [173, 174, 176, 177, 178, 181, 186, 189, 190, 191, 192, 193, 195, 196, 199, 201, 206, 209, 211], "excluded_lines": []}, "get_backlog_data": {"executed_lines": [], "summary": {"covered_lines": 0, "num_statements": 13, "percent_covered": 0.0, "percent_covered_display": "0", "missing_lines": 13, "excluded_lines": 0}, "missing_lines": [216, 217, 220, 221, 222, 224, 225, 226, 229, 230, 233, 238, 240], "excluded_lines": []}, "get_revenue_by_product_type": {"executed_lines": [], "summary": {"covered_lines": 0, "num_statements": 4, "percent_covered": 0.0, "percent_covered_display": "0", "missing_lines": 4, "excluded_lines": 0}, "missing_lines": [245, 246, 248, 249], "excluded_lines": []}, "get_weekly_sq_ft_cleaned_kde": {"executed_lines": [], "summary": {"covered_lines": 0, "num_statements": 23, "percent_covered": 0.0, "percent_covered_display": "0", "missing_lines": 23, "excluded_lines": 0}, "missing_lines": [258, 259, 262, 263, 264, 269, 274, 277, 279, 280, 283, 284, 285, 291, 293, 294, 297, 298, 299, 301, 305, 307, 308], "excluded_lines": []}, "analytics_dashboard": {"executed_lines": [], "summary": {"covered_lines": 0, "num_statements": 9, "percent_covered": 0.0, "percent_covered_display": "0", "missing_lines": 9, "excluded_lines": 0}, "missing_lines": [330, 331, 332, 334, 336, 337, 338, 340, 341], "excluded_lines": []}, "get_analytics_data": {"executed_lines": [], "summary": {"covered_lines": 0, "num_statements": 14, "percent_covered": 0.0, "percent_covered_display": "0", "missing_lines": 14, "excluded_lines": 0}, "missing_lines": [352, 353, 355, 356, 357, 358, 360, 361, 365, 380, 381, 382, 384, 385], "excluded_lines": []}, "": {"executed_lines": [1, 2, 3, 4, 5, 6, 7, 8, 9, 10, 13, 19, 27, 92, 143, 171, 214, 243, 252, 324, 325, 326, 327, 328, 346, 347, 348, 349, 350], "summary": {"covered_lines": 29, "num_statements": 29, "percent_covered": 100.0, "percent_covered_display": "100", "missing_lines": 0, "excluded_lines": 0}, "missing_lines": [], "excluded_lines": []}}, "classes": {"": {"executed_lines": [1, 2, 3, 4, 5, 6, 7, 8, 9, 10, 13, 19, 27, 92, 143, 171, 214, 243, 252, 324, 325, 326, 327, 328, 346, 347, 348, 349, 350], "summary": {"covered_lines": 29, "num_statements": 157, "percent_covered": 18.471337579617835, "percent_covered_display": "18", "missing_lines": 128, "excluded_lines": 0}, "missing_lines": [29, 30, 33, 44, 47, 48, 51, 54, 57, 60, 65, 68, 69, 70, 73, 74, 76, 77, 79, 80, 81, 83, 84, 94, 95, 107, 108, 109, 110, 114, 115, 117, 120, 121, 124, 125, 126, 130, 145, 146, 150, 151, 153, 165, 166, 168, 173, 174, 176, 177, 178, 181, 186, 189, 190, 191, 192, 193, 195, 196, 199, 201, 206, 209, 211, 216, 217, 220, 221, 222, 224, 225, 226, 229, 230, 233, 238, 240, 245, 246, 248, 249, 258, 259, 262, 263, 264, 269, 274, 277, 279, 280, 283, 284, 285, 291, 293, 294, 297, 298, 299, 301, 305, 307, 308, 330, 331, 332, 334, 336, 337, 338, 340, 341, 352, 353, 355, 356, 357, 358, 360, 361, 365, 380, 381, 382, 384, 385], "excluded_lines": []}}}, "routes/auth.py": {"executed_lines": [1, 2, 3, 4, 5, 6, 8, 11, 12, 13, 14, 16, 17, 18, 20, 22, 23, 24, 25, 27, 29, 32, 33, 34, 35, 36, 39, 40, 41, 42, 43, 45, 46, 47, 49, 50, 51, 53, 54, 55, 57, 58, 59, 60, 61, 62, 65, 71, 74, 75, 77, 79, 80, 82], "summary": {"covered_lines": 54, "num_statements": 54, "percent_covered": 100.0, "percent_covered_display": "100", "missing_lines": 0, "excluded_lines": 0}, "missing_lines": [], "excluded_lines": [], "functions": {"login": {"executed_lines": [13, 14, 16, 17, 18, 20, 22, 23, 24, 25, 27, 29], "summary": {"covered_lines": 12, "num_statements": 12, "percent_covered": 100.0, "percent_covered_display": "100", "missing_lines": 0, "excluded_lines": 0}, "missing_lines": [], "excluded_lines": []}, "logout": {"executed_lines": [34, 35, 36], "summary": {"covered_lines": 3, "num_statements": 3, "percent_covered": 100.0, "percent_covered_display": "100", "missing_lines": 0, "excluded_lines": 0}, "missing_lines": [], "excluded_lines": []}, "register": {"executed_lines": [41, 42, 43, 45, 46, 47, 49, 50, 51, 53, 54, 55, 57, 58, 59, 60, 61, 62, 65, 71, 74, 75, 77, 79, 80, 82], "summary": {"covered_lines": 26, "num_statements": 26, "percent_covered": 100.0, "percent_covered_display": "100", "missing_lines": 0, "excluded_lines": 0}, "missing_lines": [], "excluded_lines": []}, "": {"executed_lines": [1, 2, 3, 4, 5, 6, 8, 11, 12, 32, 33, 39, 40], "summary": {"covered_lines": 13, "num_statements": 13, "percent_covered": 100.0, "percent_covered_display": "100", "missing_lines": 0, "excluded_lines": 0}, "missing_lines": [], "excluded_lines": []}}, "classes": {"": {"executed_lines": [1, 2, 3, 4, 5, 6, 8, 11, 12, 13, 14, 16, 17, 18, 20, 22, 23, 24, 25, 27, 29, 32, 33, 34, 35, 36, 39, 40, 41, 42, 43, 45, 46, 47, 49, 50, 51, 53, 54, 55, 57, 58, 59, 60, 61, 62, 65, 71, 74, 75, 77, 79, 80, 82], "summary": {"covered_lines": 54, "num_statements": 54, "percent_covered": 100.0, "percent_covered_display": "100", "missing_lines": 0, "excluded_lines": 0}, "missing_lines": [], "excluded_lines": []}}}, "routes/customers.py": {"executed_lines": [1, 2, 3, 4, 5, 6, 7, 8, 9, 10, 11, 12, 13, 16, 19, 20, 23, 24, 29, 36, 38, 41, 42, 43, 45, 46, 49, 51, 59, 60, 61, 64, 65, 67, 70, 71, 72, 73, 86, 96, 97, 98, 99, 100, 102, 105, 115, 116, 117, 118, 119, 120, 121, 122, 123, 124, 125, 126, 128, 129, 131, 132, 134, 135, 136, 137, 155, 168, 169, 170, 172, 175, 176, 177, 179, 180, 183, 190, 195, 204, 205, 206, 207, 209, 210, 212, 213, 214, 218, 220, 223, 225, 247, 248, 249, 250, 251, 252, 253, 255, 256, 259, 261, 262, 273, 274, 277, 278, 279, 280, 282, 284, 285, 287, 296, 298, 299, 300, 301, 302, 303, 304, 305, 306, 307, 308, 309, 310, 311, 312, 313, 314, 317, 318, 319, 320, 321, 322, 323, 325, 328, 330, 331, 339, 340, 345, 346, 347, 348, 349, 360, 361, 362, 363, 365, 367, 368, 369, 372, 374, 379], "summary": {"covered_lines": 161, "num_statements": 173, "percent_covered": 93.0635838150289, "percent_covered_display": "93", "missing_lines": 12, "excluded_lines": 0}, "missing_lines": [266, 267, 268, 269, 288, 289, 335, 336, 337, 375, 376, 377], "excluded_lines": [], "functions": {"user_can_edit": {"executed_lines": [20], "summary": {"covered_lines": 1, "num_statements": 1, "percent_covered": 100.0, "percent_covered_display": "100", "missing_lines": 0, "excluded_lines": 0}, "missing_lines": [], "excluded_lines": []}, "get_customer_filter_options": {"executed_lines": [29, 36, 38], "summary": {"covered_lines": 3, "num_statements": 3, "percent_covered": 100.0, "percent_covered_display": "100", "missing_lines": 0, "excluded_lines": 0}, "missing_lines": [], "excluded_lines": []}, "list_customers": {"executed_lines": [45, 46, 49, 51], "summary": {"covered_lines": 4, "num_statements": 4, "percent_covered": 100.0, "percent_covered_display": "100", "missing_lines": 0, "excluded_lines": 0}, "missing_lines": [], "excluded_lines": []}, "api_customers": {"executed_lines": [64, 65, 67, 70, 71, 72, 73, 86, 96, 97, 98, 99, 100, 102, 105, 115, 116, 117, 118, 119, 120, 121, 122, 123, 124, 125, 126, 128, 129, 131, 132, 134, 135, 136, 137, 155], "summary": {"covered_lines": 36, "num_statements": 36, "percent_covered": 100.0, "percent_covered_display": "100", "missing_lines": 0, "excluded_lines": 0}, "missing_lines": [], "excluded_lines": []}, "view_customer": {"executed_lines": [172], "summary": {"covered_lines": 1, "num_statements": 1, "percent_covered": 100.0, "percent_covered_display": "100", "missing_lines": 0, "excluded_lines": 0}, "missing_lines": [], "excluded_lines": []}, "customer_detail": {"executed_lines": [179, 180, 183, 190, 195], "summary": {"covered_lines": 5, "num_statements": 5, "percent_covered": 100.0, "percent_covered_display": "100", "missing_lines": 0, "excluded_lines": 0}, "missing_lines": [], "excluded_lines": []}, "create_customer": {"executed_lines": [209, 210, 212, 213, 214, 218, 220, 223, 225, 247, 248, 249, 250, 251, 252, 253, 255, 256, 259, 261, 262, 273, 274], "summary": {"covered_lines": 23, "num_statements": 27, "percent_covered": 85.18518518518519, "percent_covered_display": "85", "missing_lines": 4, "excluded_lines": 0}, "missing_lines": [266, 267, 268, 269], "excluded_lines": []}, "edit_customer": {"executed_lines": [282, 284, 285, 287, 296, 298, 299, 300, 301, 302, 303, 304, 305, 306, 307, 308, 309, 310, 311, 312, 313, 314, 317, 318, 319, 320, 321, 322, 323, 325, 328, 330, 331, 339, 340], "summary": {"covered_lines": 35, "num_statements": 40, "percent_covered": 87.5, "percent_covered_display": "88", "missing_lines": 5, "excluded_lines": 0}, "missing_lines": [288, 289, 335, 336, 337], "excluded_lines": []}, "api_source_info": {"executed_lines": [348, 349], "summary": {"covered_lines": 2, "num_statements": 2, "percent_covered": 100.0, "percent_covered_display": "100", "missing_lines": 0, "excluded_lines": 0}, "missing_lines": [], "excluded_lines": []}, "delete_customer": {"executed_lines": [365, 367, 368, 369, 372, 374, 379], "summary": {"covered_lines": 7, "num_statements": 10, "percent_covered": 70.0, "percent_covered_display": "70", "missing_lines": 3, "excluded_lines": 0}, "missing_lines": [375, 376, 377], "excluded_lines": []}, "": {"executed_lines": [1, 2, 3, 4, 5, 6, 7, 8, 9, 10, 11, 12, 13, 16, 19, 23, 24, 41, 42, 43, 59, 60, 61, 168, 169, 170, 175, 176, 177, 204, 205, 206, 207, 277, 278, 279, 280, 345, 346, 347, 360, 361, 362, 363], "summary": {"covered_lines": 44, "num_statements": 44, "percent_covered": 100.0, "percent_covered_display": "100", "missing_lines": 0, "excluded_lines": 0}, "missing_lines": [], "excluded_lines": []}}, "classes": {"": {"executed_lines": [1, 2, 3, 4, 5, 6, 7, 8, 9, 10, 11, 12, 13, 16, 19, 20, 23, 24, 29, 36, 38, 41, 42, 43, 45, 46, 49, 51, 59, 60, 61, 64, 65, 67, 70, 71, 72, 73, 86, 96, 97, 98, 99, 100, 102, 105, 115, 116, 117, 118, 119, 120, 121, 122, 123, 124, 125, 126, 128, 129, 131, 132, 134, 135, 136, 137, 155, 168, 169, 170, 172, 175, 176, 177, 179, 180, 183, 190, 195, 204, 205, 206, 207, 209, 210, 212, 213, 214, 218, 220, 223, 225, 247, 248, 249, 250, 251, 252, 253, 255, 256, 259, 261, 262, 273, 274, 277, 278, 279, 280, 282, 284, 285, 287, 296, 298, 299, 300, 301, 302, 303, 304, 305, 306, 307, 308, 309, 310, 311, 312, 313, 314, 317, 318, 319, 320, 321, 322, 323, 325, 328, 330, 331, 339, 340, 345, 346, 347, 348, 349, 360, 361, 362, 363, 365, 367, 368, 369, 372, 374, 379], "summary": {"covered_lines": 161, "num_statements": 173, "percent_covered": 93.0635838150289, "percent_covered_display": "93", "missing_lines": 12, "excluded_lines": 0}, "missing_lines": [266, 267, 268, 269, 288, 289, 335, 336, 337, 375, 376, 377], "excluded_lines": []}}}, "routes/dashboard.py": {"executed_lines": [1, 2, 3, 4, 5, 6, 7, 8, 11, 14, 15, 41, 42, 43, 44, 62, 63, 64, 65], "summary": {"covered_lines": 19, "num_statements": 25, "percent_covered": 76.0, "percent_covered_display": "76", "missing_lines": 6, "excluded_lines": 0}, "missing_lines": [33, 38, 45, 46, 47, 51], "excluded_lines": [], "functions": {"get_recent_orders": {"executed_lines": [15], "summary": {"covered_lines": 1, "num_statements": 3, "percent_covered": 33.333333333333336, "percent_covered_display": "33", "missing_lines": 2, "excluded_lines": 0}, "missing_lines": [33, 38], "excluded_lines": []}, "dashboard": {"executed_lines": [43, 44, 62, 63, 64, 65], "summary": {"covered_lines": 6, "num_statements": 10, "percent_covered": 60.0, "percent_covered_display": "60", "missing_lines": 4, "excluded_lines": 0}, "missing_lines": [45, 46, 47, 51], "excluded_lines": []}, "": {"executed_lines": [1, 2, 3, 4, 5, 6, 7, 8, 11, 14, 41, 42], "summary": {"covered_lines": 12, "num_statements": 12, "percent_covered": 100.0, "percent_covered_display": "100", "missing_lines": 0, "excluded_lines": 0}, "missing_lines": [], "excluded_lines": []}}, "classes": {"": {"executed_lines": [1, 2, 3, 4, 5, 6, 7, 8, 11, 14, 15, 41, 42, 43, 44, 62, 63, 64, 65], "summary": {"covered_lines": 19, "num_statements": 25, "percent_covered": 76.0, "percent_covered_display": "76", "missing_lines": 6, "excluded_lines": 0}, "missing_lines": [33, 38, 45, 46, 47, 51], "excluded_lines": []}}}, "routes/in_progress.py": {"executed_lines": [1, 2, 3, 4, 5, 6, 7, 8, 9, 11, 14, 15, 16, 21, 22, 23, 24, 25, 27, 31, 34, 36, 45, 46, 47, 72, 73, 74, 75, 76, 78, 86, 89, 91, 100, 101, 102, 103, 104, 106, 110, 113, 115, 124, 125, 126, 127, 128, 130, 136, 139, 141, 150, 151, 152, 153, 154, 156, 168, 171, 173, 181, 182, 183, 184, 185, 187, 188, 189, 196, 198, 199, 200, 203, 204, 205, 206, 207, 209, 210, 212, 216, 217, 219, 220, 224, 225, 227, 228, 229, 232, 233, 234, 235, 237, 238, 240, 241, 242, 244, 245, 246], "summary": {"covered_lines": 102, "num_statements": 120, "percent_covered": 85.0, "percent_covered_display": "85", "missing_lines": 18, "excluded_lines": 0}, "missing_lines": [17, 48, 49, 51, 58, 61, 63, 186, 190, 197, 208, 213, 218, 221, 222, 236, 239, 243], "excluded_lines": [], "functions": {"in_progress_home": {"executed_lines": [], "summary": {"covered_lines": 0, "num_statements": 1, "percent_covered": 0.0, "percent_covered_display": "0", "missing_lines": 1, "excluded_lines": 0}, "missing_lines": [17], "excluded_lines": []}, "list_in_progress": {"executed_lines": [24, 25, 27, 31, 34, 36], "summary": {"covered_lines": 6, "num_statements": 6, "percent_covered": 100.0, "percent_covered_display": "100", "missing_lines": 0, "excluded_lines": 0}, "missing_lines": [], "excluded_lines": []}, "list_recently_cleaned": {"executed_lines": [], "summary": {"covered_lines": 0, "num_statements": 6, "percent_covered": 0.0, "percent_covered_display": "0", "missing_lines": 6, "excluded_lines": 0}, "missing_lines": [48, 49, 51, 58, 61, 63], "excluded_lines": []}, "list_cleaned": {"executed_lines": [75, 76, 78, 86, 89, 91], "summary": {"covered_lines": 6, "num_statements": 6, "percent_covered": 100.0, "percent_covered_display": "100", "missing_lines": 0, "excluded_lines": 0}, "missing_lines": [], "excluded_lines": []}, "list_treated": {"executed_lines": [103, 104, 106, 110, 113, 115], "summary": {"covered_lines": 6, "num_statements": 6, "percent_covered": 100.0, "percent_covered_display": "100", "missing_lines": 0, "excluded_lines": 0}, "missing_lines": [], "excluded_lines": []}, "list_packaged": {"executed_lines": [127, 128, 130, 136, 139, 141], "summary": {"covered_lines": 6, "num_statements": 6, "percent_covered": 100.0, "percent_covered_display": "100", "missing_lines": 0, "excluded_lines": 0}, "missing_lines": [], "excluded_lines": []}, "all_recent": {"executed_lines": [153, 154, 156, 168, 171, 173], "summary": {"covered_lines": 6, "num_statements": 6, "percent_covered": 100.0, "percent_covered_display": "100", "missing_lines": 0, "excluded_lines": 0}, "missing_lines": [], "excluded_lines": []}, "treat_work_order": {"executed_lines": [184, 185, 187, 188, 189, 196, 198, 199, 200], "summary": {"covered_lines": 9, "num_statements": 12, "percent_covered": 75.0, "percent_covered_display": "75", "missing_lines": 3, "excluded_lines": 0}, "missing_lines": [186, 190, 197], "excluded_lines": []}, "package_work_order": {"executed_lines": [206, 207, 209, 210, 212, 216, 217, 219, 220, 224, 225, 227, 228, 229], "summary": {"covered_lines": 14, "num_statements": 19, "percent_covered": 73.6842105263158, "percent_covered_display": "74", "missing_lines": 5, "excluded_lines": 0}, "missing_lines": [208, 213, 218, 221, 222], "excluded_lines": []}, "complete_work_order": {"executed_lines": [235, 237, 238, 240, 241, 242, 244, 245, 246], "summary": {"covered_lines": 9, "num_statements": 12, "percent_covered": 75.0, "percent_covered_display": "75", "missing_lines": 3, "excluded_lines": 0}, "missing_lines": [236, 239, 243], "excluded_lines": []}, "": {"executed_lines": [1, 2, 3, 4, 5, 6, 7, 8, 9, 11, 14, 15, 16, 21, 22, 23, 45, 46, 47, 72, 73, 74, 100, 101, 102, 124, 125, 126, 150, 151, 152, 181, 182, 183, 203, 204, 205, 232, 233, 234], "summary": {"covered_lines": 40, "num_statements": 40, "percent_covered": 100.0, "percent_covered_display": "100", "missing_lines": 0, "excluded_lines": 0}, "missing_lines": [], "excluded_lines": []}}, "classes": {"": {"executed_lines": [1, 2, 3, 4, 5, 6, 7, 8, 9, 11, 14, 15, 16, 21, 22, 23, 24, 25, 27, 31, 34, 36, 45, 46, 47, 72, 73, 74, 75, 76, 78, 86, 89, 91, 100, 101, 102, 103, 104, 106, 110, 113, 115, 124, 125, 126, 127, 128, 130, 136, 139, 141, 150, 151, 152, 153, 154, 156, 168, 171, 173, 181, 182, 183, 184, 185, 187, 188, 189, 196, 198, 199, 200, 203, 204, 205, 206, 207, 209, 210, 212, 216, 217, 219, 220, 224, 225, 227, 228, 229, 232, 233, 234, 235, 237, 238, 240, 241, 242, 244, 245, 246], "summary": {"covered_lines": 102, "num_statements": 120, "percent_covered": 85.0, "percent_covered_display": "85", "missing_lines": 18, "excluded_lines": 0}, "missing_lines": [17, 48, 49, 51, 58, 61, 63, 186, 190, 197, 208, 213, 218, 221, 222, 236, 239, 243], "excluded_lines": []}}}, "routes/inventory.py": {"executed_lines": [1, 2, 3, 4, 5, 6, 7, 9, 12, 13, 14, 43, 44, 45, 51, 52, 53, 54, 96, 97, 98, 99, 134, 135, 136, 154, 155, 156, 158, 159, 161, 164, 167, 168, 171, 172, 181, 183, 201, 202, 203, 205, 207, 224, 225, 226, 228, 230, 233, 234, 235, 236, 238, 241, 242, 243, 245, 246, 253, 254, 255, 256, 257, 258, 259, 261, 263, 264, 265, 267, 278, 279, 282, 288, 289, 290, 291, 292, 293, 295, 297, 298, 301, 302, 303, 304, 305, 306, 307, 309, 310, 316, 317, 318, 319, 321, 323, 324, 325, 326], "summary": {"covered_lines": 100, "num_statements": 174, "percent_covered": 57.47126436781609, "percent_covered_display": "57", "missing_lines": 74, "excluded_lines": 0}, "missing_lines": [16, 17, 18, 20, 23, 24, 34, 36, 47, 48, 56, 57, 59, 61, 64, 65, 66, 68, 80, 81, 83, 84, 88, 89, 90, 91, 93, 101, 103, 104, 106, 108, 109, 110, 112, 113, 114, 115, 116, 117, 118, 119, 121, 122, 123, 127, 128, 129, 131, 138, 140, 141, 142, 143, 144, 145, 146, 148, 162, 231, 239, 248, 249, 250, 283, 284, 285, 299, 311, 312, 313, 327, 328, 329], "excluded_lines": [], "functions": {"inventory_list": {"executed_lines": [], "summary": {"covered_lines": 0, "num_statements": 8, "percent_covered": 0.0, "percent_covered_display": "0", "missing_lines": 8, "excluded_lines": 0}, "missing_lines": [16, 17, 18, 20, 23, 24, 34, 36], "excluded_lines": []}, "inventory_detail": {"executed_lines": [], "summary": {"covered_lines": 0, "num_statements": 2, "percent_covered": 0.0, "percent_covered_display": "0", "missing_lines": 2, "excluded_lines": 0}, "missing_lines": [47, 48], "excluded_lines": []}, "create_inventory": {"executed_lines": [], "summary": {"covered_lines": 0, "num_statements": 17, "percent_covered": 0.0, "percent_covered_display": "0", "missing_lines": 17, "excluded_lines": 0}, "missing_lines": [56, 57, 59, 61, 64, 65, 66, 68, 80, 81, 83, 84, 88, 89, 90, 91, 93], "excluded_lines": []}, "edit_inventory": {"executed_lines": [], "summary": {"covered_lines": 0, "num_statements": 22, "percent_covered": 0.0, "percent_covered_display": "0", "missing_lines": 22, "excluded_lines": 0}, "missing_lines": [101, 103, 104, 106, 108, 109, 110, 112, 113, 114, 115, 116, 117, 118, 119, 121, 122, 123, 127, 128, 129, 131], "excluded_lines": []}, "delete_inventory": {"executed_lines": [], "summary": {"covered_lines": 0, "num_statements": 9, "percent_covered": 0.0, "percent_covered_display": "0", "missing_lines": 9, "excluded_lines": 0}, "missing_lines": [138, 140, 141, 142, 143, 144, 145, 146, 148], "excluded_lines": []}, "api_search_inventory": {"executed_lines": [158, 159, 161, 164, 167, 168, 171, 172, 181, 183], "summary": {"covered_lines": 10, "num_statements": 11, "percent_covered": 90.9090909090909, "percent_covered_display": "91", "missing_lines": 1, "excluded_lines": 0}, "missing_lines": [162], "excluded_lines": []}, "api_customer_inventory": {"executed_lines": [205, 207], "summary": {"covered_lines": 2, "num_statements": 2, "percent_covered": 100.0, "percent_covered_display": "100", "missing_lines": 0, "excluded_lines": 0}, "missing_lines": [], "excluded_lines": []}, "api_bulk_update_inventory": {"executed_lines": [228, 230, 233, 234, 235, 236, 238, 241, 242, 243, 245, 246], "summary": {"covered_lines": 12, "num_statements": 17, "percent_covered": 70.58823529411765, "percent_covered_display": "71", "missing_lines": 5, "excluded_lines": 0}, "missing_lines": [231, 239, 248, 249, 250], "excluded_lines": []}, "add_inventory_ajax": {"executed_lines": [257, 258, 259, 261, 263, 264, 265, 267, 278, 279, 282], "summary": {"covered_lines": 11, "num_statements": 14, "percent_covered": 78.57142857142857, "percent_covered_display": "79", "missing_lines": 3, "excluded_lines": 0}, "missing_lines": [283, 284, 285], "excluded_lines": []}, "edit_inventory_ajax": {"executed_lines": [292, 293, 295, 297, 298, 301, 302, 303, 304, 305, 306, 307, 309, 310], "summary": {"covered_lines": 14, "num_statements": 18, "percent_covered": 77.77777777777777, "percent_covered_display": "78", "missing_lines": 4, "excluded_lines": 0}, "missing_lines": [299, 311, 312, 313], "excluded_lines": []}, "delete_inventory_ajax": {"executed_lines": [321, 323, 324, 325, 326], "summary": {"covered_lines": 5, "num_statements": 8, "percent_covered": 62.5, "percent_covered_display": "62", "missing_lines": 3, "excluded_lines": 0}, "missing_lines": [327, 328, 329], "excluded_lines": []}, "": {"executed_lines": [1, 2, 3, 4, 5, 6, 7, 9, 12, 13, 14, 43, 44, 45, 51, 52, 53, 54, 96, 97, 98, 99, 134, 135, 136, 154, 155, 156, 201, 202, 203, 224, 225, 226, 253, 254, 255, 256, 288, 289, 290, 291, 316, 317, 318, 319], "summary": {"covered_lines": 46, "num_statements": 46, "percent_covered": 100.0, "percent_covered_display": "100", "missing_lines": 0, "excluded_lines": 0}, "missing_lines": [], "excluded_lines": []}}, "classes": {"": {"executed_lines": [1, 2, 3, 4, 5, 6, 7, 9, 12, 13, 14, 43, 44, 45, 51, 52, 53, 54, 96, 97, 98, 99, 134, 135, 136, 154, 155, 156, 158, 159, 161, 164, 167, 168, 171, 172, 181, 183, 201, 202, 203, 205, 207, 224, 225, 226, 228, 230, 233, 234, 235, 236, 238, 241, 242, 243, 245, 246, 253, 254, 255, 256, 257, 258, 259, 261, 263, 264, 265, 267, 278, 279, 282, 288, 289, 290, 291, 292, 293, 295, 297, 298, 301, 302, 303, 304, 305, 306, 307, 309, 310, 316, 317, 318, 319, 321, 323, 324, 325, 326], "summary": {"covered_lines": 100, "num_statements": 174, "percent_covered": 57.47126436781609, "percent_covered_display": "57", "missing_lines": 74, "excluded_lines": 0}, "missing_lines": [16, 17, 18, 20, 23, 24, 34, 36, 47, 48, 56, 57, 59, 61, 64, 65, 66, 68, 80, 81, 83, 84, 88, 89, 90, 91, 93, 101, 103, 104, 106, 108, 109, 110, 112, 113, 114, 115, 116, 117, 118, 119, 121, 122, 123, 127, 128, 129, 131, 138, 140, 141, 142, 143, 144, 145, 146, 148, 162, 231, 239, 248, 249, 250, 283, 284, 285, 299, 311, 312, 313, 327, 328, 329], "excluded_lines": []}}}, "routes/ml.py": {"executed_lines": [1, 2, 3, 4, 5, 6, 7, 8, 9, 10, 11, 12, 13, 14, 15, 16, 18, 21, 24, 49, 50, 53, 57, 58, 59, 60, 61, 64, 119, 120, 121, 125, 126, 129, 130, 131, 143, 144, 150, 151, 181, 182, 204, 205, 307, 308, 309, 316, 317, 318, 457, 458, 459, 531, 532, 533, 617, 618, 619, 685, 686, 687, 703, 704, 914], "summary": {"covered_lines": 65, "num_statements": 394, "percent_covered": 16.497461928934012, "percent_covered_display": "16", "missing_lines": 329, "excluded_lines": 0}, "missing_lines": [69, 70, 71, 74, 79, 80, 81, 84, 86, 88, 89, 92, 93, 96, 97, 99, 102, 103, 104, 105, 108, 109, 110, 111, 112, 114, 117, 133, 134, 141, 146, 147, 148, 153, 155, 156, 157, 160, 174, 176, 177, 178, 179, 185, 186, 187, 188, 191, 192, 195, 196, 197, 202, 207, 208, 211, 212, 214, 216, 217, 219, 222, 223, 224, 225, 226, 229, 232, 235, 236, 239, 242, 244, 247, 251, 252, 256, 258, 259, 263, 266, 267, 268, 269, 270, 277, 282, 283, 285, 290, 291, 293, 294, 295, 296, 299, 302, 304, 310, 322, 323, 324, 325, 328, 329, 330, 333, 334, 337, 362, 363, 364, 365, 368, 370, 371, 373, 374, 376, 377, 380, 385, 387, 401, 402, 405, 406, 407, 409, 410, 411, 414, 415, 427, 428, 429, 430, 431, 432, 433, 434, 435, 437, 448, 449, 451, 453, 454, 463, 464, 466, 467, 470, 471, 489, 490, 491, 495, 498, 501, 502, 504, 505, 507, 510, 513, 514, 516, 527, 528, 537, 538, 540, 542, 548, 550, 551, 552, 554, 555, 556, 558, 559, 573, 576, 577, 578, 582, 584, 585, 586, 588, 589, 591, 592, 594, 605, 606, 607, 609, 613, 614, 623, 624, 627, 628, 629, 631, 633, 634, 648, 649, 650, 651, 653, 656, 657, 658, 660, 661, 663, 666, 667, 669, 681, 682, 691, 708, 709, 711, 712, 716, 718, 719, 720, 723, 724, 727, 728, 729, 730, 731, 736, 737, 739, 742, 767, 768, 769, 770, 773, 775, 776, 777, 778, 783, 784, 786, 787, 788, 789, 793, 798, 800, 815, 816, 818, 821, 822, 823, 826, 827, 828, 830, 835, 836, 850, 851, 852, 853, 855, 856, 857, 858, 859, 860, 861, 862, 864, 865, 867, 870, 887, 888, 890, 891, 892, 893, 894, 895, 898, 900, 901, 902, 903, 905, 916, 918, 921, 926, 927, 928, 931, 937, 938, 939, 942, 943, 946, 947, 948, 949, 950, 951, 954, 955, 959, 960, 962], "excluded_lines": [], "functions": {"load_latest_model_from_s3": {"executed_lines": [57, 58, 59, 60, 61, 64, 119, 120, 121], "summary": {"covered_lines": 9, "num_statements": 36, "percent_covered": 25.0, "percent_covered_display": "25", "missing_lines": 27, "excluded_lines": 0}, "missing_lines": [69, 70, 71, 74, 79, 80, 81, 84, 86, 88, 89, 92, 93, 96, 97, 99, 102, 103, 104, 105, 108, 109, 110, 111, 112, 114, 117], "excluded_lines": []}, "MLService.convert_to_binary": {"executed_lines": [], "summary": {"covered_lines": 0, "num_statements": 3, "percent_covered": 0.0, "percent_covered_display": "0", "missing_lines": 3, "excluded_lines": 0}, "missing_lines": [133, 134, 141], "excluded_lines": []}, "MLService.convert_to_numeric": {"executed_lines": [], "summary": {"covered_lines": 0, "num_statements": 3, "percent_covered": 0.0, "percent_covered_display": "0", "missing_lines": 3, "excluded_lines": 0}, "missing_lines": [146, 147, 148], "excluded_lines": []}, "MLService.load_work_orders": {"executed_lines": [], "summary": {"covered_lines": 0, "num_statements": 10, "percent_covered": 0.0, "percent_covered_display": "0", "missing_lines": 10, "excluded_lines": 0}, "missing_lines": [153, 155, 156, 157, 160, 174, 176, 177, 178, 179], "excluded_lines": []}, "MLService.preprocess_data": {"executed_lines": [], "summary": {"covered_lines": 0, "num_statements": 10, "percent_covered": 0.0, "percent_covered_display": "0", "missing_lines": 10, "excluded_lines": 0}, "missing_lines": [185, 186, 187, 188, 191, 192, 195, 196, 197, 202], "excluded_lines": []}, "MLService.engineer_features": {"executed_lines": [], "summary": {"covered_lines": 0, "num_statements": 45, "percent_covered": 0.0, "percent_covered_display": "0", "missing_lines": 45, "excluded_lines": 0}, "missing_lines": [207, 208, 211, 212, 214, 216, 217, 219, 222, 223, 224, 225, 226, 229, 232, 235, 236, 239, 242, 244, 247, 251, 252, 256, 258, 259, 263, 266, 267, 268, 269, 270, 277, 282, 283, 285, 290, 291, 293, 294, 295, 296, 299, 302, 304], "excluded_lines": []}, "dashboard": {"executed_lines": [], "summary": {"covered_lines": 0, "num_statements": 1, "percent_covered": 0.0, "percent_covered_display": "0", "missing_lines": 1, "excluded_lines": 0}, "missing_lines": [310], "excluded_lines": []}, "train_model": {"executed_lines": [], "summary": {"covered_lines": 0, "num_statements": 49, "percent_covered": 0.0, "percent_covered_display": "0", "missing_lines": 49, "excluded_lines": 0}, "missing_lines": [322, 323, 324, 325, 328, 329, 330, 333, 334, 337, 362, 363, 364, 365, 368, 370, 371, 373, 374, 376, 377, 380, 385, 387, 401, 402, 405, 406, 407, 409, 410, 411, 414, 415, 427, 428, 429, 430, 431, 432, 433, 434, 435, 437, 448, 449, 451, 453, 454], "excluded_lines": []}, "predict": {"executed_lines": [], "summary": {"covered_lines": 0, "num_statements": 22, "percent_covered": 0.0, "percent_covered_display": "0", "missing_lines": 22, "excluded_lines": 0}, "missing_lines": [463, 464, 466, 467, 470, 471, 489, 490, 491, 495, 498, 501, 502, 504, 505, 507, 510, 513, 514, 516, 527, 528], "excluded_lines": []}, "batch_predict": {"executed_lines": [], "summary": {"covered_lines": 0, "num_statements": 32, "percent_covered": 0.0, "percent_covered_display": "0", "missing_lines": 32, "excluded_lines": 0}, "missing_lines": [537, 538, 540, 542, 548, 550, 551, 552, 554, 555, 556, 558, 559, 573, 576, 577, 578, 582, 584, 585, 586, 588, 589, 591, 592, 594, 605, 606, 607, 609, 613, 614], "excluded_lines": []}, "predict_work_order": {"executed_lines": [], "summary": {"covered_lines": 0, "num_statements": 24, "percent_covered": 0.0, "percent_covered_display": "0", "missing_lines": 24, "excluded_lines": 0}, "missing_lines": [623, 624, 627, 628, 629, 631, 633, 634, 648, 649, 650, 651, 653, 656, 657, 658, 660, 661, 663, 666, 667, 669, 681, 682], "excluded_lines": []}, "status": {"executed_lines": [], "summary": {"covered_lines": 0, "num_statements": 1, "percent_covered": 0.0, "percent_covered_display": "0", "missing_lines": 1, "excluded_lines": 0}, "missing_lines": [691], "excluded_lines": []}, "cron_retrain": {"executed_lines": [], "summary": {"covered_lines": 0, "num_statements": 79, "percent_covered": 0.0, "percent_covered_display": "0", "missing_lines": 79, "excluded_lines": 0}, "missing_lines": [708, 709, 711, 712, 716, 718, 719, 720, 723, 724, 727, 728, 729, 730, 731, 736, 737, 739, 742, 767, 768, 769, 770, 773, 775, 776, 777, 778, 783, 784, 786, 787, 788, 789, 793, 798, 800, 815, 816, 818, 821, 822, 823, 826, 827, 828, 830, 835, 836, 850, 851, 852, 853, 855, 856, 857, 858, 859, 860, 861, 862, 864, 865, 867, 870, 887, 888, 890, 891, 892, 893, 894, 895, 898, 900, 901, 902, 903, 905], "excluded_lines": []}, "cleanup_old_s3_models": {"executed_lines": [], "summary": {"covered_lines": 0, "num_statements": 23, "percent_covered": 0.0, "percent_covered_display": "0", "missing_lines": 23, "excluded_lines": 0}, "missing_lines": [916, 918, 921, 926, 927, 928, 931, 937, 938, 939, 942, 943, 946, 947, 948, 949, 950, 951, 954, 955, 959, 960, 962], "excluded_lines": []}, "": {"executed_lines": [1, 2, 3, 4, 5, 6, 7, 8, 9, 10, 11, 12, 13, 14, 15, 16, 18, 21, 24, 49, 50, 53, 125, 126, 129, 130, 131, 143, 144, 150, 151, 181, 182, 204, 205, 307, 308, 309, 316, 317, 318, 457, 458, 459, 531, 532, 533, 617, 618, 619, 685, 686, 687, 703, 704, 914], "summary": {"covered_lines": 56, "num_statements": 56, "percent_covered": 100.0, "percent_covered_display": "100", "missing_lines": 0, "excluded_lines": 0}, "missing_lines": [], "excluded_lines": []}}, "classes": {"MLService": {"executed_lines": [], "summary": {"covered_lines": 0, "num_statements": 71, "percent_covered": 0.0, "percent_covered_display": "0", "missing_lines": 71, "excluded_lines": 0}, "missing_lines": [133, 134, 141, 146, 147, 148, 153, 155, 156, 157, 160, 174, 176, 177, 178, 179, 185, 186, 187, 188, 191, 192, 195, 196, 197, 202, 207, 208, 211, 212, 214, 216, 217, 219, 222, 223, 224, 225, 226, 229, 232, 235, 236, 239, 242, 244, 247, 251, 252, 256, 258, 259, 263, 266, 267, 268, 269, 270, 277, 282, 283, 285, 290, 291, 293, 294, 295, 296, 299, 302, 304], "excluded_lines": []}, "": {"executed_lines": [1, 2, 3, 4, 5, 6, 7, 8, 9, 10, 11, 12, 13, 14, 15, 16, 18, 21, 24, 49, 50, 53, 57, 58, 59, 60, 61, 64, 119, 120, 121, 125, 126, 129, 130, 131, 143, 144, 150, 151, 181, 182, 204, 205, 307, 308, 309, 316, 317, 318, 457, 458, 459, 531, 532, 533, 617, 618, 619, 685, 686, 687, 703, 704, 914], "summary": {"covered_lines": 65, "num_statements": 323, "percent_covered": 20.123839009287927, "percent_covered_display": "20", "missing_lines": 258, "excluded_lines": 0}, "missing_lines": [69, 70, 71, 74, 79, 80, 81, 84, 86, 88, 89, 92, 93, 96, 97, 99, 102, 103, 104, 105, 108, 109, 110, 111, 112, 114, 117, 310, 322, 323, 324, 325, 328, 329, 330, 333, 334, 337, 362, 363, 364, 365, 368, 370, 371, 373, 374, 376, 377, 380, 385, 387, 401, 402, 405, 406, 407, 409, 410, 411, 414, 415, 427, 428, 429, 430, 431, 432, 433, 434, 435, 437, 448, 449, 451, 453, 454, 463, 464, 466, 467, 470, 471, 489, 490, 491, 495, 498, 501, 502, 504, 505, 507, 510, 513, 514, 516, 527, 528, 537, 538, 540, 542, 548, 550, 551, 552, 554, 555, 556, 558, 559, 573, 576, 577, 578, 582, 584, 585, 586, 588, 589, 591, 592, 594, 605, 606, 607, 609, 613, 614, 623, 624, 627, 628, 629, 631, 633, 634, 648, 649, 650, 651, 653, 656, 657, 658, 660, 661, 663, 666, 667, 669, 681, 682, 691, 708, 709, 711, 712, 716, 718, 719, 720, 723, 724, 727, 728, 729, 730, 731, 736, 737, 739, 742, 767, 768, 769, 770, 773, 775, 776, 777, 778, 783, 784, 786, 787, 788, 789, 793, 798, 800, 815, 816, 818, 821, 822, 823, 826, 827, 828, 830, 835, 836, 850, 851, 852, 853, 855, 856, 857, 858, 859, 860, 861, 862, 864, 865, 867, 870, 887, 888, 890, 891, 892, 893, 894, 895, 898, 900, 901, 902, 903, 905, 916, 918, 921, 926, 927, 928, 931, 937, 938, 939, 942, 943, 946, 947, 948, 949, 950, 951, 954, 955, 959, 960, 962], "excluded_lines": []}}}, "routes/queue.py": {"executed_lines": [1, 2, 3, 4, 5, 6, 7, 8, 9, 10, 11, 12, 14, 18, 20, 23, 24, 27, 28, 58, 60, 61, 64, 68, 69, 72, 73, 76, 82, 91, 94, 98, 101, 103, 109, 113, 114, 115, 118, 121, 131, 143, 146, 148, 154, 164, 168, 169, 170, 173, 175, 182, 183, 184, 186, 187, 195, 298, 299, 300, 303, 304, 305, 306, 311, 312, 313, 314, 315, 325, 328, 329, 330, 333, 338, 341, 342, 343, 346, 356, 361, 369, 372, 375, 376, 377, 383, 384, 387, 388, 389, 392, 393, 394, 395, 398, 399, 400, 401, 402, 403, 404, 405, 406, 407, 408, 410, 413, 415, 416, 417, 418, 419, 420, 422, 423, 426, 427, 432, 439, 450, 451, 452, 453, 455, 456, 457, 460, 462, 465, 466, 469, 470, 473, 475, 478, 479, 481, 482, 483, 484, 485, 486, 487, 488, 493, 495, 501, 504, 513, 514, 515, 518, 520, 525, 531, 537, 540, 543, 554, 555, 556, 558, 559, 573, 575, 576, 590, 592, 621, 622, 623, 655, 656, 657, 658, 688, 689, 690], "summary": {"covered_lines": 179, "num_statements": 274, "percent_covered": 65.32846715328468, "percent_covered_display": "65", "missing_lines": 95, "excluded_lines": 0}, "missing_lines": [31, 32, 33, 36, 37, 38, 40, 41, 42, 45, 46, 48, 49, 50, 51, 52, 55, 110, 145, 151, 165, 189, 190, 191, 192, 197, 198, 200, 202, 203, 206, 210, 211, 214, 215, 216, 222, 223, 225, 227, 230, 238, 239, 241, 242, 244, 245, 246, 247, 347, 348, 351, 352, 378, 429, 458, 463, 490, 491, 502, 506, 507, 508, 509, 510, 625, 626, 628, 629, 637, 645, 646, 660, 661, 664, 667, 670, 672, 681, 682, 683, 692, 693, 695, 696, 699, 700, 703, 706, 708, 709, 717, 719, 728, 729], "excluded_lines": [], "functions": {"safe_date_sort_key": {"executed_lines": [20, 23, 24, 27, 28], "summary": {"covered_lines": 5, "num_statements": 22, "percent_covered": 22.727272727272727, "percent_covered_display": "23", "missing_lines": 17, "excluded_lines": 0}, "missing_lines": [31, 32, 33, 36, 37, 38, 40, 41, 42, 45, 46, 48, 49, 50, 51, 52, 55], "excluded_lines": []}, "initialize_queue_positions_for_unassigned": {"executed_lines": [60, 61, 64, 68, 69, 72, 73, 76, 82, 91, 94, 98, 101, 103, 109, 113, 114, 115, 118, 121, 131, 143, 146, 148, 154, 164, 168, 169, 170, 173, 175, 182, 183, 184, 186, 187], "summary": {"covered_lines": 36, "num_statements": 44, "percent_covered": 81.81818181818181, "percent_covered_display": "82", "missing_lines": 8, "excluded_lines": 0}, "missing_lines": [110, 145, 151, 165, 189, 190, 191, 192], "excluded_lines": []}, "initialize_all_queue_positions": {"executed_lines": [], "summary": {"covered_lines": 0, "num_statements": 19, "percent_covered": 0.0, "percent_covered_display": "0", "missing_lines": 19, "excluded_lines": 0}, "missing_lines": [197, 198, 200, 202, 203, 206, 210, 211, 214, 227, 230, 238, 239, 241, 242, 244, 245, 246, 247], "excluded_lines": []}, "initialize_all_queue_positions.priority_sort_key": {"executed_lines": [], "summary": {"covered_lines": 0, "num_statements": 0, "percent_covered": 100.0, "percent_covered_display": "100", "missing_lines": 0, "excluded_lines": 0}, "missing_lines": [], "excluded_lines": []}, "cleaning_queue": {"executed_lines": [303, 304, 305, 306, 311, 325, 328, 329, 330, 333, 338, 341, 342, 343, 346, 356, 361, 369, 372, 375, 376, 377, 383, 384, 387, 388, 389, 392, 393, 394, 395, 398, 399, 410, 413, 415, 416, 417, 418, 419, 420, 422, 423, 426, 427, 432, 439], "summary": {"covered_lines": 47, "num_statements": 53, "percent_covered": 88.67924528301887, "percent_covered_display": "89", "missing_lines": 6, "excluded_lines": 0}, "missing_lines": [347, 348, 351, 352, 378, 429], "excluded_lines": []}, "cleaning_queue.search_filter": {"executed_lines": [312, 313, 314, 315], "summary": {"covered_lines": 4, "num_statements": 4, "percent_covered": 100.0, "percent_covered_display": "100", "missing_lines": 0, "excluded_lines": 0}, "missing_lines": [], "excluded_lines": []}, "cleaning_queue.ManualPagination.__init__": {"executed_lines": [400, 401, 402, 403, 404, 405, 406, 407, 408], "summary": {"covered_lines": 9, "num_statements": 9, "percent_covered": 100.0, "percent_covered_display": "100", "missing_lines": 0, "excluded_lines": 0}, "missing_lines": [], "excluded_lines": []}, "reorder_cleaning_queue": {"executed_lines": [455, 456, 457, 460, 462, 465, 466, 469, 470, 473, 475, 478, 479, 481, 482, 483, 484, 485, 486, 487, 488, 493, 495, 501, 504], "summary": {"covered_lines": 25, "num_statements": 35, "percent_covered": 71.42857142857143, "percent_covered_display": "71", "missing_lines": 10, "excluded_lines": 0}, "missing_lines": [458, 463, 490, 491, 502, 506, 507, 508, 509, 510], "excluded_lines": []}, "cleaning_queue_summary": {"executed_lines": [518, 520, 525, 531, 537, 540, 543, 554, 555, 556, 558, 559, 573, 575, 576, 590, 592], "summary": {"covered_lines": 17, "num_statements": 17, "percent_covered": 100.0, "percent_covered_display": "100", "missing_lines": 0, "excluded_lines": 0}, "missing_lines": [], "excluded_lines": []}, "initialize_queue_positions": {"executed_lines": [], "summary": {"covered_lines": 0, "num_statements": 7, "percent_covered": 0.0, "percent_covered_display": "0", "missing_lines": 7, "excluded_lines": 0}, "missing_lines": [625, 626, 628, 629, 637, 645, 646], "excluded_lines": []}, "reset_all_queue_positions": {"executed_lines": [], "summary": {"covered_lines": 0, "num_statements": 9, "percent_covered": 0.0, "percent_covered_display": "0", "missing_lines": 9, "excluded_lines": 0}, "missing_lines": [660, 661, 664, 667, 670, 672, 681, 682, 683], "excluded_lines": []}, "check_repair_status": {"executed_lines": [], "summary": {"covered_lines": 0, "num_statements": 14, "percent_covered": 0.0, "percent_covered_display": "0", "missing_lines": 14, "excluded_lines": 0}, "missing_lines": [692, 693, 695, 696, 699, 700, 703, 706, 708, 709, 717, 719, 728, 729], "excluded_lines": []}, "": {"executed_lines": [1, 2, 3, 4, 5, 6, 7, 8, 9, 10, 11, 12, 14, 18, 58, 195, 298, 299, 300, 450, 451, 452, 453, 513, 514, 515, 621, 622, 623, 655, 656, 657, 658, 688, 689, 690], "summary": {"covered_lines": 36, "num_statements": 36, "percent_covered": 100.0, "percent_covered_display": "100", "missing_lines": 0, "excluded_lines": 0}, "missing_lines": [], "excluded_lines": []}}, "classes": {"cleaning_queue.ManualPagination": {"executed_lines": [400, 401, 402, 403, 404, 405, 406, 407, 408], "summary": {"covered_lines": 9, "num_statements": 9, "percent_covered": 100.0, "percent_covered_display": "100", "missing_lines": 0, "excluded_lines": 0}, "missing_lines": [], "excluded_lines": []}, "": {"executed_lines": [1, 2, 3, 4, 5, 6, 7, 8, 9, 10, 11, 12, 14, 18, 20, 23, 24, 27, 28, 58, 60, 61, 64, 68, 69, 72, 73, 76, 82, 91, 94, 98, 101, 103, 109, 113, 114, 115, 118, 121, 131, 143, 146, 148, 154, 164, 168, 169, 170, 173, 175, 182, 183, 184, 186, 187, 195, 298, 299, 300, 303, 304, 305, 306, 311, 312, 313, 314, 315, 325, 328, 329, 330, 333, 338, 341, 342, 343, 346, 356, 361, 369, 372, 375, 376, 377, 383, 384, 387, 388, 389, 392, 393, 394, 395, 398, 399, 410, 413, 415, 416, 417, 418, 419, 420, 422, 423, 426, 427, 432, 439, 450, 451, 452, 453, 455, 456, 457, 460, 462, 465, 466, 469, 470, 473, 475, 478, 479, 481, 482, 483, 484, 485, 486, 487, 488, 493, 495, 501, 504, 513, 514, 515, 518, 520, 525, 531, 537, 540, 543, 554, 555, 556, 558, 559, 573, 575, 576, 590, 592, 621, 622, 623, 655, 656, 657, 658, 688, 689, 690], "summary": {"covered_lines": 170, "num_statements": 265, "percent_covered": 64.15094339622641, "percent_covered_display": "64", "missing_lines": 95, "excluded_lines": 0}, "missing_lines": [31, 32, 33, 36, 37, 38, 40, 41, 42, 45, 46, 48, 49, 50, 51, 52, 55, 110, 145, 151, 165, 189, 190, 191, 192, 197, 198, 200, 202, 203, 206, 210, 211, 214, 215, 216, 222, 223, 225, 227, 230, 238, 239, 241, 242, 244, 245, 246, 247, 347, 348, 351, 352, 378, 429, 458, 463, 490, 491, 502, 506, 507, 508, 509, 510, 625, 626, 628, 629, 637, 645, 646, 660, 661, 664, 667, 670, 672, 681, 682, 683, 692, 693, 695, 696, 699, 700, 703, 706, 708, 709, 717, 719, 728, 729], "excluded_lines": []}}}, "routes/repair_order.py": {"executed_lines": [1, 12, 13, 14, 15, 16, 17, 18, 19, 20, 21, 22, 23, 24, 29, 36, 41, 42, 43, 62, 63, 64, 89, 90, 91, 116, 117, 119, 122, 123, 124, 136, 138, 139, 141, 144, 145, 150, 153, 154, 156, 163, 170, 171, 177, 178, 179, 180, 182, 185, 188, 189, 190, 191, 192, 193, 202, 217, 238, 239, 241, 242, 243, 244, 245, 246, 249, 263, 266, 271, 272, 275, 276, 277, 306, 315, 316, 317, 334, 335, 336, 337, 338, 340, 342, 343, 345, 346, 347, 348, 351, 352, 353, 355, 356, 357, 364, 366, 369, 370, 371, 372, 377, 380, 436, 437, 440, 443, 445, 447, 470, 471, 472, 473, 474, 475, 476, 478, 496, 497, 517, 518, 531, 532, 537, 555, 556, 557, 558, 563, 571, 572, 573, 574, 576, 580, 582, 583, 585, 586, 588, 589, 591, 592, 593, 595, 596, 597, 604, 606, 609, 610, 611, 612, 617, 622, 627, 628, 629, 630, 631, 632, 633, 634, 635, 636, 637, 638, 639, 640, 645, 646, 647, 648, 653, 654, 655, 663, 666, 667, 668, 669, 670, 671, 672, 675, 676, 677, 692, 695, 697, 699, 722, 723, 724, 725, 726, 727, 728, 730, 731, 732, 743, 746, 747, 767, 768, 773, 797, 800, 801, 806, 818, 819, 821, 829, 830, 831, 832, 835, 839, 848, 851, 852, 854, 858, 871, 872, 873, 874, 877, 886, 888, 889, 894, 911, 912, 913], "summary": {"covered_lines": 238, "num_statements": 367, 
[...]
, 219, 221, 222, 223, 224, 225, 227, 230, 238, 239, 244, 246, 254, 256, 257, 259, 268, 271, 272, 274, 277, 298, 299, 301, 302, 305, 308, 309, 310, 311, 312, 314, 315, 317], "summary": {"covered_lines": 56, "num_statements": 114, "percent_covered": 49.12280701754386, "percent_covered_display": "49", "missing_lines": 58, "excluded_lines": 0}, "missing_lines": [32, 33, 36, 37, 38, 40, 77, 78, 80, 81, 84, 85, 88, 89, 90, 91, 92, 94, 97, 98, 99, 100, 101, 102, 103, 104, 106, 144, 151, 152, 153, 154, 158, 159, 161, 162, 163, 164, 165, 169, 170, 171, 172, 173, 231, 232, 233, 235, 240, 241, 248, 249, 250, 252, 263, 264, 266, 303], "excluded_lines": []}}}, "utils/repair_order_pdf.py": {"executed_lines": [1, 2, 3, 4, 5, 6, 14, 15, 18, 20, 22, 23, 24, 25, 27, 30, 40, 41, 42, 43, 46, 47, 49, 51, 63, 78, 91, 104, 117, 130, 144, 158, 171, 182, 193, 196, 197, 205, 206, 207, 228, 230, 233, 250, 251, 277, 279, 281, 283, 285, 290, 293, 297, 301, 308, 311, 312, 329, 331, 333, 334, 336, 337, 341, 342, 346, 404, 409, 410, 413, 415, 426, 428, 469, 472, 475, 485, 487, 489, 492, 503, 504, 506, 507, 508, 509, 510, 513, 517, 533, 536, 546, 547, 580, 582, 584, 585, 588, 591, 601, 602, 606, 611, 623, 634, 645, 658, 674, 685, 698, 709, 720, 733, 753, 764, 777, 784, 789, 801, 812, 824, 836, 853, 855, 856, 866, 867, 876, 877, 878, 879, 880, 881, 883, 884, 887, 888, 891, 893, 894], "summary": {"covered_lines": 140, "num_statements": 171, "percent_covered": 81.87134502923976, "percent_covered_display": "82", "missing_lines": 31, "excluded_lines": 0}, "missing_lines": [31, 32, 37, 198, 199, 200, 201, 203, 208, 210, 212, 213, 214, 215, 217, 220, 221, 223, 225, 226, 338, 339, 343, 411, 412, 414, 511, 514, 515, 857, 885], "excluded_lines": [], "functions": {"safe_paragraph": {"executed_lines": [20, 22, 23, 24, 25, 27, 30], "summary": {"covered_lines": 7, "num_statements": 10, "percent_covered": 70.0, "percent_covered_display": "70", "missing_lines": 3, "excluded_lines": 0}, "missing_lines": [31, 32, 37], "excluded_lines": []}, "RepairOrderPDF.__init__": {"executed_lines": [42, 43, 46, 47], "summary": {"covered_lines": 4, "num_statements": 4, "percent_covered": 100.0, "percent_covered_display": "100", "missing_lines": 0, "excluded_lines": 0}, "missing_lines": [], "excluded_lines": []}, "RepairOrderPDF._setup_custom_styles": {"executed_lines": [51, 63, 78, 91, 104, 117, 130, 144, 158, 171, 182], "summary": {"covered_lines": 11, "num_statements": 11, "percent_covered": 100.0, "percent_covered_display": "100", "missing_lines": 0, "excluded_lines": 0}, "missing_lines": [], "excluded_lines": []}, "RepairOrderPDF._calculate_dynamic_instruction_rows": {"executed_lines": [196, 197], "summary": {"covered_lines": 2, "num_statements": 7, "percent_covered": 28.571428571428573, "percent_covered_display": "29", "missing_lines": 5, "excluded_lines": 0}, "missing_lines": [198, 199, 200, 201, 203], "excluded_lines": []}, "RepairOrderPDF._format_date": {"executed_lines": [206, 207], "summary": {"covered_lines": 2, "num_statements": 14, "percent_covered": 14.285714285714286, "percent_covered_display": "14", "missing_lines": 12, "excluded_lines": 0}, "missing_lines": [208, 210, 212, 213, 214, 215, 217, 220, 221, 223, 225, 226], "excluded_lines": []}, "RepairOrderPDF._build_header_with_ro_number": {"executed_lines": [230, 233, 250, 251, 277], "summary": {"covered_lines": 5, "num_statements": 5, "percent_covered": 100.0, "percent_covered_display": "100", "missing_lines": 0, "excluded_lines": 0}, "missing_lines": [], "excluded_lines": []}, "RepairOrderPDF._build_rush_table": {"executed_lines": [281, 283, 293, 297, 301, 308, 311, 312, 329], "summary": {"covered_lines": 9, "num_statements": 9, "percent_covered": 100.0, "percent_covered_display": "100", "missing_lines": 0, "excluded_lines": 0}, "missing_lines": [], "excluded_lines": []}, "RepairOrderPDF._build_rush_table.rush_value": {"executed_lines": [285, 290], "summary": {"covered_lines": 2, "num_statements": 2, "percent_covered": 100.0, "percent_covered_display": "100", "missing_lines": 0, "excluded_lines": 0}, "missing_lines": [], "excluded_lines": []}, "RepairOrderPDF._build_top_section": {"executed_lines": [333, 334, 336, 337, 341, 342, 346, 404, 409, 410, 413, 415, 426, 428, 469, 472, 475, 485], "summary": {"covered_lines": 18, "num_statements": 24, "percent_covered": 75.0, "percent_covered_display": "75", "missing_lines": 6, "excluded_lines": 0}, "missing_lines": [338, 339, 343, 411, 412, 414], "excluded_lines": []}, "RepairOrderPDF._build_items_table": {"executed_lines": [489, 492, 503, 504, 506, 507, 508, 509, 510, 513, 517, 533, 536, 546, 547, 580], "summary": {"covered_lines": 16, "num_statements": 19, "percent_covered": 84.21052631578948, "percent_covered_display": "84", "missing_lines": 3, "excluded_lines": 0}, "missing_lines": [511, 514, 515], "excluded_lines": []}, "RepairOrderPDF._build_footer": {"executed_lines": [584, 585, 588, 591, 601, 602, 606, 611, 623, 634, 645, 658, 674, 685, 698, 709, 720, 733, 753, 764, 777, 784, 789, 801, 812, 824, 836], "summary": {"covered_lines": 27, "num_statements": 27, "percent_covered": 100.0, "percent_covered_display": "100", "missing_lines": 0, "excluded_lines": 0}, "missing_lines": [], "excluded_lines": []}, "RepairOrderPDF.generate_pdf": {"executed_lines": [855, 856, 866, 867, 876, 877, 878, 879, 880, 881, 883, 884, 887, 888], "summary": {"covered_lines": 14, "num_statements": 16, "percent_covered": 87.5, "percent_covered_display": "88", "missing_lines": 2, "excluded_lines": 0}, "missing_lines": [857, 885], "excluded_lines": []}, "generate_repair_order_pdf": {"executed_lines": [893, 894], "summary": {"covered_lines": 2, "num_statements": 2, "percent_covered": 100.0, "percent_covered_display": "100", "missing_lines": 0, "excluded_lines": 0}, "missing_lines": [], "excluded_lines": []}, "": {"executed_lines": [1, 2, 3, 4, 5, 6, 14, 15, 18, 40, 41, 49, 193, 205, 228, 279, 331, 487, 582, 853, 891], "summary": {"covered_lines": 21, "num_statements": 21, "percent_covered": 100.0, "percent_covered_display": "100", "missing_lines": 0, "excluded_lines": 0}, "missing_lines": [], "excluded_lines": []}}, "classes": {"RepairOrderPDF": {"executed_lines": [42, 43, 46, 47, 51, 63, 78, 91, 104, 117, 130, 144, 158, 171, 182, 196, 197, 206, 207, 230, 233, 250, 251, 277, 281, 283, 285, 290, 293, 297, 301, 308, 311, 312, 329, 333, 334, 336, 337, 341, 342, 346, 404, 409, 410, 413, 415, 426, 428, 469, 472, 475, 485, 489, 492, 503, 504, 506, 507, 508, 509, 510, 513, 517, 533, 536, 546, 547, 580, 584, 585, 588, 591, 601, 602, 606, 611, 623, 634, 645, 658, 674, 685, 698, 709, 720, 733, 753, 764, 777, 784, 789, 801, 812, 824, 836, 855, 856, 866, 867, 876, 877, 878, 879, 880, 881, 883, 884, 887, 888], "summary": {"covered_lines": 110, "num_statements": 138, "percent_covered": 79.71014492753623, "percent_covered_display": "80", "missing_lines": 28, "excluded_lines": 0}, "missing_lines": [198, 199, 200, 201, 203, 208, 210, 212, 213, 214, 215, 217, 220, 221, 223, 225, 226, 338, 339, 343, 411, 412, 414, 511, 514, 515, 857, 885], "excluded_lines": []}, "": {"executed_lines": [1, 2, 3, 4, 5, 6, 14, 15, 18, 20, 22, 23, 24, 25, 27, 30, 40, 41, 49, 193, 205, 228, 279, 331, 487, 582, 853, 891, 893, 894], "summary": {"covered_lines": 30, "num_statements": 33, "percent_covered": 90.9090909090909, "percent_covered_display": "91", "missing_lines": 3, "excluded_lines": 0}, "missing_lines": [31, 32, 37], "excluded_lines": []}}}, "utils/thumbnail_generator.py": {"executed_lines": [1, 2, 3, 4, 5, 6, 7, 8, 9, 10, 13, 14, 17, 38, 72, 94, 123, 145, 179, 192, 221, 241, 262], "summary": {"covered_lines": 23, "num_statements": 169, "percent_covered": 13.609467455621301, "percent_covered_display": "14", "missing_lines": 146, "excluded_lines": 0}, "missing_lines": [19, 21, 22, 23, 24, 26, 27, 28, 29, 30, 31, 32, 33, 35, 42, 43, 45, 47, 48, 49, 51, 52, 55, 58, 59, 60, 61, 62, 64, 65, 66, 67, 69, 74, 75, 77, 78, 79, 80, 83, 84, 85, 87, 88, 90, 91, 96, 97, 98, 99, 101, 102, 103, 105, 106, 109, 111, 112, 113, 115, 116, 117, 118, 120, 125, 126, 127, 129, 130, 131, 132, 133, 135, 136, 139, 140, 142, 147, 148, 149, 150, 151, 153, 154, 157, 158, 159, 160, 162, 163, 164, 166, 167, 170, 171, 173, 174, 176, 181, 182, 183, 186, 187, 189, 194, 195, 197, 198, 199, 200, 201, 202, 203, 204, 206, 209, 210, 211, 212, 214, 215, 216, 218, 223, 225, 226, 227, 228, 229, 230, 231, 232, 233, 234, 235, 238, 243, 244, 245, 247, 249, 259, 264, 265, 266, 267], "excluded_lines": [], "functions": {"get_file_type": {"executed_lines": [], "summary": {"covered_lines": 0, "num_statements": 14, "percent_covered": 0.0, "percent_covered_display": "0", "missing_lines": 14, "excluded_lines": 0}, "missing_lines": [19, 21, 22, 23, 24, 26, 27, 28, 29, 30, 31, 32, 33, 35], "excluded_lines": []}, "create_text_thumbnail": {"executed_lines": [], "summary": {"covered_lines": 0, "num_statements": 19, "percent_covered": 0.0, "percent_covered_display": "0", "missing_lines": 19, "excluded_lines": 0}, "missing_lines": [42, 43, 45, 47, 48, 49, 51, 52, 55, 58, 59, 60, 61, 62, 64, 65, 66, 67, 69], "excluded_lines": []}, "create_icon_thumbnail": {"executed_lines": [], "summary": {"covered_lines": 0, "num_statements": 13, "percent_covered": 0.0, "percent_covered_display": "0", "missing_lines": 13, "excluded_lines": 0}, "missing_lines": [74, 75, 77, 78, 79, 80, 83, 84, 85, 87, 88, 90, 91], "excluded_lines": []}, "generate_pdf_thumbnail": {"executed_lines": [], "summary": {"covered_lines": 0, "num_statements": 18, "percent_covered": 0.0, "percent_covered_display": "0", "missing_lines": 18, "excluded_lines": 0}, "missing_lines": [96, 97, 98, 99, 101, 102, 103, 105, 106, 109, 111, 112, 113, 115, 116, 117, 118, 120], "excluded_lines": []}, "generate_docx_thumbnail": {"executed_lines": [], "summary": {"covered_lines": 0, "num_statements": 13, "percent_covered": 0.0, "percent_covered_display": "0", "missing_lines": 13, "excluded_lines": 0}, "missing_lines": [125, 126, 127, 129, 130, 131, 132, 133, 135, 136, 139, 140, 142], "excluded_lines": []}, "generate_excel_thumbnail": {"executed_lines": [], "summary": {"covered_lines": 0, "num_statements": 21, "percent_covered": 0.0, "percent_covered_display": "0", "missing_lines": 21, "excluded_lines": 0}, "missing_lines": [147, 148, 149, 150, 151, 153, 154, 157, 158, 159, 160, 162, 163, 164, 166, 167, 170, 171, 173, 174, 176], "excluded_lines": []}, "generate_text_thumbnail": {"executed_lines": [], "summary": {"covered_lines": 0, "num_statements": 6, "percent_covered": 0.0, "percent_covered_display": "0", "missing_lines": 6, "excluded_lines": 0}, "missing_lines": [181, 182, 183, 186, 187, 189], "excluded_lines": []}, "generate_image_thumbnail": {"executed_lines": [], "summary": {"covered_lines": 0, "num_statements": 19, "percent_covered": 0.0, "percent_covered_display": "0", "missing_lines": 19, "excluded_lines": 0}, "missing_lines": [194, 195, 197, 198, 199, 200, 201, 202, 203, 204, 206, 209, 210, 211, 212, 214, 215, 216, 218], "excluded_lines": []}, "generate_thumbnail": {"executed_lines": [], "summary": {"covered_lines": 0, "num_statements": 13, "percent_covered": 0.0, "percent_covered_display": "0", "missing_lines": 13, "excluded_lines": 0}, "missing_lines": [223, 225, 226, 227, 228, 229, 230, 231, 232, 233, 234, 235, 238], "excluded_lines": []}, "save_thumbnail_to_s3": {"executed_lines": [], "summary": {"covered_lines": 0, "num_statements": 6, "percent_covered": 0.0, "percent_covered_display": "0", "missing_lines": 6, "excluded_lines": 0}, "missing_lines": [243, 244, 245, 247, 249, 259], "excluded_lines": []}, "save_thumbnail_locally": {"executed_lines": [], "summary": {"covered_lines": 0, "num_statements": 4, "percent_covered": 0.0, "percent_covered_display": "0", "missing_lines": 4, "excluded_lines": 0}, "missing_lines": [264, 265, 266, 267], "excluded_lines": []}, "": {"executed_lines": [1, 2, 3, 4, 5, 6, 7, 8, 9, 10, 13, 14, 17, 38, 72, 94, 123, 145, 179, 192, 221, 241, 262], "summary": {"covered_lines": 23, "num_statements": 23, "percent_covered": 100.0, "percent_covered_display": "100", "missing_lines": 0, "excluded_lines": 0}, "missing_lines": [], "excluded_lines": []}}, "classes": {"": {"executed_lines": [1, 2, 3, 4, 5, 6, 7, 8, 9, 10, 13, 14, 17, 38, 72, 94, 123, 145, 179, 192, 221, 241, 262], "summary": {"covered_lines": 23, "num_statements": 169, "percent_covered": 13.609467455621301, "percent_covered_display": "14", "missing_lines": 146, "excluded_lines": 0}, "missing_lines": [19, 21, 22, 23, 24, 26, 27, 28, 29, 30, 31, 32, 33, 35, 42, 43, 45, 47, 48, 49, 51, 52, 55, 58, 59, 60, 61, 62, 64, 65, 66, 67, 69, 74, 75, 77, 78, 79, 80, 83, 84, 85, 87, 88, 90, 91, 96, 97, 98, 99, 101, 102, 103, 105, 106, 109, 111, 112, 113, 115, 116, 117, 118, 120, 125, 126, 127, 129, 130, 131, 132, 133, 135, 136, 139, 140, 142, 147, 148, 149, 150, 151, 153, 154, 157, 158, 159, 160, 162, 163, 164, 166, 167, 170, 171, 173, 174, 176, 181, 182, 183, 186, 187, 189, 194, 195, 197, 198, 199, 200, 201, 202, 203, 204, 206, 209, 210, 211, 212, 214, 215, 216, 218, 223, 225, 226, 227, 228, 229, 230, 231, 232, 233, 234, 235, 238, 243, 244, 245, 247, 249, 259, 264, 265, 266, 267], "excluded_lines": []}}}, "utils/work_order_pdf.py": {"executed_lines": [1, 2, 3, 4, 5, 6, 14, 15, 18, 40, 41, 49, 193, 205, 228, 279, 331, 465, 560, 761, 798], "summary": {"covered_lines": 21, "num_statements": 165, "percent_covered": 12.727272727272727, "percent_covered_display": "13", "missing_lines": 144, "excluded_lines": 0}, "missing_lines": [20, 22, 23, 24, 25, 27, 30, 31, 32, 37, 42, 43, 46, 47, 51, 63, 78, 91, 104, 117, 130, 144, 158, 171, 182, 196, 197, 198, 199, 200, 201, 203, 206, 207, 208, 210, 212, 213, 214, 215, 217, 220, 221, 223, 225, 226, 230, 233, 250, 251, 277, 281, 283, 285, 290, 293, 297, 301, 308, 311, 312, 329, 333, 334, 336, 337, 338, 339, 341, 342, 343, 346, 404, 407, 408, 409, 410, 411, 412, 413, 424, 426, 447, 450, 453, 463, 467, 470, 481, 482, 484, 485, 486, 487, 488, 489, 491, 492, 493, 495, 511, 514, 524, 525, 558, 562, 563, 566, 569, 579, 580, 584, 589, 601, 612, 623, 636, 651, 662, 675, 689, 700, 713, 724, 736, 748, 762, 763, 764, 773, 774, 783, 784, 785, 786, 787, 788, 790, 791, 792, 794, 795, 800, 801], "excluded_lines": [], "functions": {"safe_paragraph": {"executed_lines": [], "summary": {"covered_lines": 0, "num_statements": 10, "percent_covered": 0.0, "percent_covered_display": "0", "missing_lines": 10, "excluded_lines": 0}, "missing_lines": [20, 22, 23, 24, 25, 27, 30, 31, 32, 37], "excluded_lines": []}, "WorkOrderPDF.__init__": {"executed_lines": [], "summary": {"covered_lines": 0, "num_statements": 4, "percent_covered": 0.0, "percent_covered_display": "0", "missing_lines": 4, "excluded_lines": 0}, "missing_lines": [42, 43, 46, 47], "excluded_lines": []}, "WorkOrderPDF._setup_custom_styles": {"executed_lines": [], "summary": {"covered_lines": 0, "num_statements": 11, "percent_covered": 0.0, "percent_covered_display": "0", "missing_lines": 11, "excluded_lines": 0}, "missing_lines": [51, 63, 78, 91, 104, 117, 130, 144, 158, 171, 182], "excluded_lines": []}, "WorkOrderPDF._calculate_dynamic_instruction_rows": {"executed_lines": [], "summary": {"covered_lines": 0, "num_statements": 7, "percent_covered": 0.0, "percent_covered_display": "0", "missing_lines": 7, "excluded_lines": 0}, "missing_lines": [196, 197, 198, 199, 200, 201, 203], "excluded_lines": []}, "WorkOrderPDF._format_date": {"executed_lines": [], "summary": {"covered_lines": 0, "num_statements": 14, "percent_covered": 0.0, "percent_covered_display": "0", "missing_lines": 14, "excluded_lines": 0}, "missing_lines": [206, 207, 208, 210, 212, 213, 214, 215, 217, 220, 221, 223, 225, 226], "excluded_lines": []}, "WorkOrderPDF._build_header_with_wo_number": {"executed_lines": [], "summary": {"covered_lines": 0, "num_statements": 5, "percent_covered": 0.0, "percent_covered_display": "0", "missing_lines": 5, "excluded_lines": 0}, "missing_lines": [230, 233, 250, 251, 277], "excluded_lines": []}, "WorkOrderPDF._build_rush_table": {"executed_lines": [], "summary": {"covered_lines": 0, "num_statements": 9, "percent_covered": 0.0, "percent_covered_display": "0", "missing_lines": 9, "excluded_lines": 0}, "missing_lines": [281, 283, 293, 297, 301, 308, 311, 312, 329], "excluded_lines": []}, "WorkOrderPDF._build_rush_table.rush_value": {"executed_lines": [], "summary": {"covered_lines": 0, "num_statements": 2, "percent_covered": 0.0, "percent_covered_display": "0", "missing_lines": 2, "excluded_lines": 0}, "missing_lines": [285, 290], "excluded_lines": []}, "WorkOrderPDF._build_top_section": {"executed_lines": [], "summary": {"covered_lines": 0, "num_statements": 24, "percent_covered": 0.0, "percent_covered_display": "0", "missing_lines": 24, "excluded_lines": 0}, "missing_lines": [333, 334, 336, 337, 338, 339, 341, 342, 343, 346, 404, 407, 408, 409, 410, 411, 412, 413, 424, 426, 447, 450, 453, 463], "excluded_lines": []}, "WorkOrderPDF._build_items_table": {"executed_lines": [], "summary": {"covered_lines": 0, "num_statements": 19, "percent_covered": 0.0, "percent_covered_display": "0", "missing_lines": 19, "excluded_lines": 0}, "missing_lines": [467, 470, 481, 482, 484, 485, 486, 487, 488, 489, 491, 492, 493, 495, 511, 514, 524, 525, 558], "excluded_lines": []}, "WorkOrderPDF._build_footer": {"executed_lines": [], "summary": {"covered_lines": 0, "num_statements": 21, "percent_covered": 0.0, "percent_covered_display": "0", "missing_lines": 21, "excluded_lines": 0}, "missing_lines": [562, 563, 566, 569, 579, 580, 584, 589, 601, 612, 623, 636, 651, 662, 675, 689, 700, 713, 724, 736, 748], "excluded_lines": []}, "WorkOrderPDF.generate_pdf": {"executed_lines": [], "summary": {"covered_lines": 0, "num_statements": 16, "percent_covered": 0.0, "percent_covered_display": "0", "missing_lines": 16, "excluded_lines": 0}, "missing_lines": [762, 763, 764, 773, 774, 783, 784, 785, 786, 787, 788, 790, 791, 792, 794, 795], "excluded_lines": []}, "generate_work_order_pdf": {"executed_lines": [], "summary": {"covered_lines": 0, "num_statements": 2, "percent_covered": 0.0, "percent_covered_display": "0", "missing_lines": 2, "excluded_lines": 0}, "missing_lines": [800, 801], "excluded_lines": []}, "": {"executed_lines": [1, 2, 3, 4, 5, 6, 14, 15, 18, 40, 41, 49, 193, 205, 228, 279, 331, 465, 560, 761, 798], "summary": {"covered_lines": 21, "num_statements": 21, "percent_covered": 100.0, "percent_covered_display": "100", "missing_lines": 0, "excluded_lines": 0}, "missing_lines": [], "excluded_lines": []}}, "classes": {"WorkOrderPDF": {"executed_lines": [], "summary": {"covered_lines": 0, "num_statements": 132, "percent_covered": 0.0, "percent_covered_display": "0", "missing_lines": 132, "excluded_lines": 0}, "missing_lines": [42, 43, 46, 47, 51, 63, 78, 91, 104, 117, 130, 144, 158, 171, 182, 196, 197, 198, 199, 200, 201, 203, 206, 207, 208, 210, 212, 213, 214, 215, 217, 220, 221, 223, 225, 226, 230, 233, 250, 251, 277, 281, 283, 285, 290, 293, 297, 301, 308, 311, 312, 329, 333, 334, 336, 337, 338, 339, 341, 342, 343, 346, 404, 407, 408, 409, 410, 411, 412, 413, 424, 426, 447, 450, 453, 463, 467, 470, 481, 482, 484, 485, 486, 487, 488, 489, 491, 492, 493, 495, 511, 514, 524, 525, 558, 562, 563, 566, 569, 579, 580, 584, 589, 601, 612, 623, 636, 651, 662, 675, 689, 700, 713, 724, 736, 748, 762, 763, 764, 773, 774, 783, 784, 785, 786, 787, 788, 790, 791, 792, 794, 795], "excluded_lines": []}, "": {"executed_lines": [1, 2, 3, 4, 5, 6, 14, 15, 18, 40, 41, 49, 193, 205, 228, 279, 331, 465, 560, 761, 798], "summary": {"covered_lines": 21, "num_statements": 33, "percent_covered": 63.63636363636363, "percent_covered_display": "64", "missing_lines": 12, "excluded_lines": 0}, "missing_lines": [20, 22, 23, 24, 25, 27, 30, 31, 32, 37, 800, 801], "excluded_lines": []}}}}, "totals": {"covered_lines": 5348, "num_statements": 7687, "percent_covered": 69.57200468323143, "percent_covered_display": "70", "missing_lines": 2339, "excluded_lines": 0}}