{"meta": {"format": 3, "version": "7.10.6", "timestamp": "2025-10-20T22:24:44.645448", "branch_coverage": false, "show_contexts": false}, "files": {"app.py": {"executed_lines": [1, 2, 3, 4, 5, 6, 7, 8, 11, 13, 14, 17, 18, 19, 20, 22, 23, 29, 30, 31, 32, 37, 39, 40, 42, 46, 49, 52, 55, 59, 60, 69, 70, 73, 74, 80, 81, 83, 84, 86, 88, 89, 90, 93, 94, 110, 111, 112, 113, 114, 115, 116, 117, 118, 119, 120, 121, 122, 124, 125, 126, 127, 128, 129, 130, 131, 132, 133, 134, 135, 136, 139, 140, 141, 145, 146, 155, 156, 157, 159, 161, 162, 163, 165, 172, 176, 180, 183, 208], "summary": {"covered_lines": 89, "num_statements": 132, "percent_covered": 67.42424242424242, "percent_covered_display": "67", "missing_lines": 43, "excluded_lines": 0}, "missing_lines": [33, 35, 43, 50, 56, 63, 64, 67, 76, 77, 78, 97, 98, 99, 100, 101, 103, 104, 106, 107, 143, 148, 169, 170, 177, 184, 185, 187, 188, 189, 190, 193, 196, 198, 199, 201, 202, 203, 204, 205, 206, 210, 211], "excluded_lines": [], "functions": {"create_app": {"executed_lines": [13, 14, 17, 18, 19, 20, 22, 23, 37, 39, 40, 69, 70, 80, 81, 110, 111, 112, 113, 114, 115, 116, 117, 118, 119, 120, 121, 122, 124, 125, 126, 127, 128, 129, 130, 131, 132, 133, 134, 135, 136, 139, 140, 141, 145, 146, 155, 156, 161, 162, 163, 165, 172], "summary": {"covered_lines": 53, "num_statements": 55, "percent_covered": 96.36363636363636, "percent_covered_display": "96", "missing_lines": 2, "excluded_lines": 0}, "missing_lines": [169, 170], "excluded_lines": []}, "create_app.format_price": {"executed_lines": [29, 30, 31, 32], "summary": {"covered_lines": 4, "num_statements": 6, "percent_covered": 66.66666666666667, "percent_covered_display": "67", "missing_lines": 2, "excluded_lines": 0}, "missing_lines": [33, 35], "excluded_lines": []}, "create_app.format_phone": {"executed_lines": [42, 46, 49, 52, 55, 59, 60], "summary": {"covered_lines": 7, "num_statements": 13, "percent_covered": 53.84615384615385, "percent_covered_display": "54", "missing_lines": 6, "excluded_lines": 0}, "missing_lines": [43, 50, 56, 63, 64, 67], "excluded_lines": []}, "create_app.yesdash": {"executed_lines": [73, 74], "summary": {"covered_lines": 2, "num_statements": 5, "percent_covered": 40.0, "percent_covered_display": "40", "missing_lines": 3, "excluded_lines": 0}, "missing_lines": [76, 77, 78], "excluded_lines": []}, "create_app.format_date": {"executed_lines": [83, 84, 86, 88, 89, 90, 93, 94], "summary": {"covered_lines": 8, "num_statements": 17, "percent_covered": 47.05882352941177, "percent_covered_display": "47", "missing_lines": 9, "excluded_lines": 0}, "missing_lines": [97, 98, 99, 100, 101, 103, 104, 106, 107], "excluded_lines": []}, "create_app.dashboard": {"executed_lines": [], "summary": {"covered_lines": 0, "num_statements": 1, "percent_covered": 0.0, "percent_covered_display": "0", "missing_lines": 1, "excluded_lines": 0}, "missing_lines": [143], "excluded_lines": []}, "create_app.health_check": {"executed_lines": [], "summary": {"covered_lines": 0, "num_statements": 1, "percent_covered": 0.0, "percent_covered_display": "0", "missing_lines": 1, "excluded_lines": 0}, "missing_lines": [148], "excluded_lines": []}, "create_app.load_user": {"executed_lines": [157, 159], "summary": {"covered_lines": 2, "num_statements": 2, "percent_covered": 100.0, "percent_covered_display": "100", "missing_lines": 0, "excluded_lines": 0}, "missing_lines": [], "excluded_lines": []}, "": {"executed_lines": [1, 2, 3, 4, 5, 6, 7, 8, 11, 176, 180, 183, 208], "summary": {"covered_lines": 13, "num_statements": 32, "percent_covered": 40.625, "percent_covered_display": "41", "missing_lines": 19, "excluded_lines": 0}, "missing_lines": [177, 184, 185, 187, 188, 189, 190, 193, 196, 198, 199, 201, 202, 203, 204, 205, 206, 210, 211], "excluded_lines": []}}, "classes": {"": {"executed_lines": [1, 2, 3, 4, 5, 6, 7, 8, 11, 13, 14, 17, 18, 19, 20, 22, 23, 29, 30, 31, 32, 37, 39, 40, 42, 46, 49, 52, 55, 59, 60, 69, 70, 73, 74, 80, 81, 83, 84, 86, 88, 89, 90, 93, 94, 110, 111, 112, 113, 114, 115, 116, 117, 118, 119, 120, 121, 122, 124, 125, 126, 127, 128, 129, 130, 131, 132, 133, 134, 135, 136, 139, 140, 141, 145, 146, 155, 156, 157, 159, 161, 162, 163, 165, 172, 176, 180, 183, 208], "summary": {"covered_lines": 89, "num_statements": 132, "percent_covered": 67.42424242424242, "percent_covered_display": "67", "missing_lines": 43, "excluded_lines": 0}, "missing_lines": [33, 35, 43, 50, 56, 63, 64, 67, 76, 77, 78, 97, 98, 99, 100, 101, 103, 104, 106, 107, 143, 148, 169, 170, 177, 184, 185, 187, 188, 189, 190, 193, 196, 198, 199, 201, 202, 203, 204, 205, 206, 210, 211], "excluded_lines": []}}}, "application.py": {"executed_lines": [], "summary": {"covered_lines": 0, "num_statements": 3, "percent_covered": 0.0, "percent_covered_display": "0", "missing_lines": 3, "excluded_lines": 0}, "missing_lines": [6, 8, 9], "excluded_lines": [], "functions": {"": {"executed_lines": [], "summary": {"covered_lines": 0, "num_statements": 3, "percent_covered": 0.0, "percent_covered_display": "0", "missing_lines": 3, "excluded_lines": 0}, "missing_lines": [6, 8, 9], "excluded_lines": []}}, "classes": {"": {"executed_lines": [], "summary": {"covered_lines": 0, "num_statements": 3, "percent_covered": 0.0, "percent_covered_display": "0", "missing_lines": 3, "excluded_lines": 0}, "missing_lines": [6, 8, 9], "excluded_lines": []}}}, "config.py": {"executed_lines": [1, 2, 5, 6, 7, 8, 10, 11, 12, 14, 15, 16, 18, 22, 26, 39, 47, 48, 49, 50, 52, 93, 94, 95, 98, 99, 100, 103, 104, 105, 108, 109, 110, 111, 112, 113, 116, 117, 120], "summary": {"covered_lines": 39, "num_statements": 41, "percent_covered": 95.1219512195122, "percent_covered_display": "95", "missing_lines": 2, "excluded_lines": 0}, "missing_lines": [23, 24], "excluded_lines": [], "functions": {"": {"executed_lines": [1, 2, 5, 6, 7, 8, 10, 11, 12, 14, 15, 16, 18, 22, 26, 39, 47, 48, 49, 50, 52, 93, 94, 95, 98, 99, 100, 103, 104, 105, 108, 109, 110, 111, 112, 113, 116, 117, 120], "summary": {"covered_lines": 39, "num_statements": 41, "percent_covered": 95.1219512195122, "percent_covered_display": "95", "missing_lines": 2, "excluded_lines": 0}, "missing_lines": [23, 24], "excluded_lines": []}}, "classes": {"Config": {"executed_lines": [], "summary": {"covered_lines": 0, "num_statements": 0, "percent_covered": 100.0, "percent_covered_display": "100", "missing_lines": 0, "excluded_lines": 0}, "missing_lines": [], "excluded_lines": []}, "DevelopmentConfig": {"executed_lines": [], "summary": {"covered_lines": 0, "num_statements": 0, "percent_covered": 100.0, "percent_covered_display": "100", "missing_lines": 0, "excluded_lines": 0}, "missing_lines": [], "excluded_lines": []}, "ProductionConfig": {"executed_lines": [], "summary": {"covered_lines": 0, "num_statements": 0, "percent_covered": 100.0, "percent_covered_display": "100", "missing_lines": 0, "excluded_lines": 0}, "missing_lines": [], "excluded_lines": []}, "TestingConfig": {"executed_lines": [], "summary": {"covered_lines": 0, "num_statements": 0, "percent_covered": 100.0, "percent_covered_display": "100", "missing_lines": 0, "excluded_lines": 0}, "missing_lines": [], "excluded_lines": []}, "": {"executed_lines": [1, 2, 5, 6, 7, 8, 10, 11, 12, 14, 15, 16, 18, 22, 26, 39, 47, 48, 49, 50, 52, 93, 94, 95, 98, 99, 100, 103, 104, 105, 108, 109, 110, 111, 112, 113, 116, 117, 120], "summary": {"covered_lines": 39, "num_statements": 41, "percent_covered": 95.1219512195122, "percent_covered_display": "95", "missing_lines": 2, "excluded_lines": 0}, "missing_lines": [23, 24], "excluded_lines": []}}}, "decorators.py": {"executed_lines": [1, 2, 3, 6, 9, 10, 11, 12, 13, 14, 15, 16, 18, 20], "summary": {"covered_lines": 14, "num_statements": 14, "percent_covered": 100.0, "percent_covered_display": "100", "missing_lines": 0, "excluded_lines": 0}, "missing_lines": [], "excluded_lines": [], "functions": {"role_required": {"executed_lines": [9, 10, 20], "summary": {"covered_lines": 3, "num_statements": 3, "percent_covered": 100.0, "percent_covered_display": "100", "missing_lines": 0, "excluded_lines": 0}, "missing_lines": [], "excluded_lines": []}, "role_required.decorator": {"executed_lines": [11, 18], "summary": {"covered_lines": 2, "num_statements": 2, "percent_covered": 100.0, "percent_covered_display": "100", "missing_lines": 0, "excluded_lines": 0}, "missing_lines": [], "excluded_lines": []}, "role_required.decorator.decorated_function": {"executed_lines": [12, 13, 14, 15, 16], "summary": {"covered_lines": 5, "num_statements": 5, "percent_covered": 100.0, "percent_covered_display": "100", "missing_lines": 0, "excluded_lines": 0}, "missing_lines": [], "excluded_lines": []}, "": {"executed_lines": [1, 2, 3, 6], "summary": {"covered_lines": 4, "num_statements": 4, "percent_covered": 100.0, "percent_covered_display": "100", "missing_lines": 0, "excluded_lines": 0}, "missing_lines": [], "excluded_lines": []}}, "classes": {"": {"executed_lines": [1, 2, 3, 6, 9, 10, 11, 12, 13, 14, 15, 16, 18, 20], "summary": {"covered_lines": 14, "num_statements": 14, "percent_covered": 100.0, "percent_covered_display": "100", "missing_lines": 0, "excluded_lines": 0}, "missing_lines": [], "excluded_lines": []}}}, "extensions.py": {"executed_lines": [1, 2, 3, 6, 7, 8], "summary": {"covered_lines": 6, "num_statements": 6, "percent_covered": 100.0, "percent_covered_display": "100", "missing_lines": 0, "excluded_lines": 0}, "missing_lines": [], "excluded_lines": [], "functions": {"": {"executed_lines": [1, 2, 3, 6, 7, 8], "summary": {"covered_lines": 6, "num_statements": 6, "percent_covered": 100.0, "percent_covered_display": "100", "missing_lines": 0, "excluded_lines": 0}, "missing_lines": [], "excluded_lines": []}}, "classes": {"": {"executed_lines": [1, 2, 3, 6, 7, 8], "summary": {"covered_lines": 6, "num_statements": 6, "percent_covered": 100.0, "percent_covered_display": "100", "missing_lines": 0, "excluded_lines": 0}, "missing_lines": [], "excluded_lines": []}}}, "models/__init__.py": {"executed_lines": [2, 9], "summary": {"covered_lines": 2, "num_statements": 2, "percent_covered": 100.0, "percent_covered_display": "100", "missing_lines": 0, "excluded_lines": 0}, "missing_lines": [], "excluded_lines": [], "functions": {"": {"executed_lines": [2, 9], "summary": {"covered_lines": 2, "num_statements": 2, "percent_covered": 100.0, "percent_covered_display": "100", "missing_lines": 0, "excluded_lines": 0}, "missing_lines": [], "excluded_lines": []}}, "classes": {"": {"executed_lines": [2, 9], "summary": {"covered_lines": 2, "num_statements": 2, "percent_covered": 100.0, "percent_covered_display": "100", "missing_lines": 0, "excluded_lines": 0}, "missing_lines": [], "excluded_lines": []}}}, "models/customer.py": {"executed_lines": [1, 4, 5, 8, 9, 10, 11, 12, 13, 14, 15, 16, 17, 18, 19, 20, 21, 22, 23, 24, 26, 29, 30, 31, 32, 35, 38, 43, 45, 47, 72, 74, 75, 76, 78, 80, 81, 82, 83, 84, 85, 87, 89, 90, 91, 92, 95, 96, 97, 98, 99, 100, 101, 103, 104, 105, 109, 111, 113, 115, 116, 118, 119, 120, 122, 123, 124, 125, 126, 127, 128, 130, 131, 132, 138, 140, 142, 143, 144, 145, 146, 148, 149], "summary": {"covered_lines": 83, "num_statements": 85, "percent_covered": 97.6470588235294, "percent_covered_display": "98", "missing_lines": 2, "excluded_lines": 0}, "missing_lines": [93, 136], "excluded_lines": [], "functions": {"Customer.to_dict": {"executed_lines": [47], "summary": {"covered_lines": 1, "num_statements": 1, "percent_covered": 100.0, "percent_covered_display": "100", "missing_lines": 0, "excluded_lines": 0}, "missing_lines": [], "excluded_lines": []}, "Customer.clean_email": {"executed_lines": [74, 75, 76], "summary": {"covered_lines": 3, "num_statements": 3, "percent_covered": 100.0, "percent_covered_display": "100", "missing_lines": 0, "excluded_lines": 0}, "missing_lines": [], "excluded_lines": []}, "Customer.clean_phone": {"executed_lines": [80, 81, 82, 83, 84, 85], "summary": {"covered_lines": 6, "num_statements": 6, "percent_covered": 100.0, "percent_covered_display": "100", "missing_lines": 0, "excluded_lines": 0}, "missing_lines": [], "excluded_lines": []}, "Customer.get_full_address": {"executed_lines": [89, 90, 91, 92, 95, 96, 97, 98, 99, 100, 101, 103, 104, 105, 109, 111], "summary": {"covered_lines": 16, "num_statements": 17, "percent_covered": 94.11764705882354, "percent_covered_display": "94", "missing_lines": 1, "excluded_lines": 0}, "missing_lines": [93], "excluded_lines": []}, "Customer.get_mailing_address": {"executed_lines": [115, 116, 118, 119, 120, 122, 123, 124, 125, 126, 127, 128, 130, 131, 132, 138], "summary": {"covered_lines": 16, "num_statements": 17, "percent_covered": 94.11764705882354, "percent_covered_display": "94", "missing_lines": 1, "excluded_lines": 0}, "missing_lines": [136], "excluded_lines": []}, "Customer.get_primary_phone": {"executed_lines": [142, 143, 144, 145, 146], "summary": {"covered_lines": 5, "num_statements": 5, "percent_covered": 100.0, "percent_covered_display": "100", "missing_lines": 0, "excluded_lines": 0}, "missing_lines": [], "excluded_lines": []}, "Customer.__repr__": {"executed_lines": [149], "summary": {"covered_lines": 1, "num_statements": 1, "percent_covered": 100.0, "percent_covered_display": "100", "missing_lines": 0, "excluded_lines": 0}, "missing_lines": [], "excluded_lines": []}, "": {"executed_lines": [1, 4, 5, 8, 9, 10, 11, 12, 13, 14, 15, 16, 17, 18, 19, 20, 21, 22, 23, 24, 26, 29, 30, 31, 32, 35, 38, 43, 45, 72, 78, 87, 113, 140, 148], "summary": {"covered_lines": 35, "num_statements": 35, "percent_covered": 100.0, "percent_covered_display": "100", "missing_lines": 0, "excluded_lines": 0}, "missing_lines": [], "excluded_lines": []}}, "classes": {"Customer": {"executed_lines": [47, 74, 75, 76, 80, 81, 82, 83, 84, 85, 89, 90, 91, 92, 95, 96, 97, 98, 99, 100, 101, 103, 104, 105, 109, 111, 115, 116, 118, 119, 120, 122, 123, 124, 125, 126, 127, 128, 130, 131, 132, 138, 142, 143, 144, 145, 146, 149], "summary": {"covered_lines": 48, "num_statements": 50, "percent_covered": 96.0, "percent_covered_display": "96", "missing_lines": 2, "excluded_lines": 0}, "missing_lines": [93, 136], "excluded_lines": []}, "": {"executed_lines": [1, 4, 5, 8, 9, 10, 11, 12, 13, 14, 15, 16, 17, 18, 19, 20, 21, 22, 23, 24, 26, 29, 30, 31, 32, 35, 38, 43, 45, 72, 78, 87, 113, 140, 148], "summary": {"covered_lines": 35, "num_statements": 35, "percent_covered": 100.0, "percent_covered_display": "100", "missing_lines": 0, "excluded_lines": 0}, "missing_lines": [], "excluded_lines": []}}}, "models/inventory.py": {"executed_lines": [1, 2, 5, 6, 9, 10, 11, 12, 13, 14, 15, 16, 17, 18, 20, 22, 35, 36], "summary": {"covered_lines": 18, "num_statements": 18, "percent_covered": 100.0, "percent_covered_display": "100", "missing_lines": 0, "excluded_lines": 0}, "missing_lines": [], "excluded_lines": [], "functions": {"Inventory.to_dict": {"executed_lines": [22], "summary": {"covered_lines": 1, "num_statements": 1, "percent_covered": 100.0, "percent_covered_display": "100", "missing_lines": 0, "excluded_lines": 0}, "missing_lines": [], "excluded_lines": []}, "Inventory.__repr__": {"executed_lines": [36], "summary": {"covered_lines": 1, "num_statements": 1, "percent_covered": 100.0, "percent_covered_display": "100", "missing_lines": 0, "excluded_lines": 0}, "missing_lines": [], "excluded_lines": []}, "": {"executed_lines": [1, 2, 5, 6, 9, 10, 11, 12, 13, 14, 15, 16, 17, 18, 20, 35], "summary": {"covered_lines": 16, "num_statements": 16, "percent_covered": 100.0, "percent_covered_display": "100", "missing_lines": 0, "excluded_lines": 0}, "missing_lines": [], "excluded_lines": []}}, "classes": {"Inventory": {"executed_lines": [22, 36], "summary": {"covered_lines": 2, "num_statements": 2, "percent_covered": 100.0, "percent_covered_display": "100", "missing_lines": 0, "excluded_lines": 0}, "missing_lines": [], "excluded_lines": []}, "": {"executed_lines": [1, 2, 5, 6, 9, 10, 11, 12, 13, 14, 15, 16, 17, 18, 20, 35], "summary": {"covered_lines": 16, "num_statements": 16, "percent_covered": 100.0, "percent_covered_display": "100", "missing_lines": 0, "excluded_lines": 0}, "missing_lines": [], "excluded_lines": []}}}, "models/invite_token.py": {"executed_lines": [1, 2, 3, 6, 7, 9, 10, 11, 12, 13, 15, 16, 21, 22, 23, 24, 25], "summary": {"covered_lines": 17, "num_statements": 17, "percent_covered": 100.0, "percent_covered_display": "100", "missing_lines": 0, "excluded_lines": 0}, "missing_lines": [], "excluded_lines": [], "functions": {"InviteToken.generate_token": {"executed_lines": [21, 22, 23, 24, 25], "summary": {"covered_lines": 5, "num_statements": 5, "percent_covered": 100.0, "percent_covered_display": "100", "missing_lines": 0, "excluded_lines": 0}, "missing_lines": [], "excluded_lines": []}, "": {"executed_lines": [1, 2, 3, 6, 7, 9, 10, 11, 12, 13, 15, 16], "summary": {"covered_lines": 12, "num_statements": 12, "percent_covered": 100.0, "percent_covered_display": "100", "missing_lines": 0, "excluded_lines": 0}, "missing_lines": [], "excluded_lines": []}}, "classes": {"InviteToken": {"executed_lines": [21, 22, 23, 24, 25], "summary": {"covered_lines": 5, "num_statements": 5, "percent_covered": 100.0, "percent_covered_display": "100", "missing_lines": 0, "excluded_lines": 0}, "missing_lines": [], "excluded_lines": []}, "": {"executed_lines": [1, 2, 3, 6, 7, 9, 10, 11, 12, 13, 15, 16], "summary": {"covered_lines": 12, "num_statements": 12, "percent_covered": 100.0, "percent_covered_display": "100", "missing_lines": 0, "excluded_lines": 0}, "missing_lines": [], "excluded_lines": []}}}, "models/repair_order.py": {"executed_lines": [1, 2, 3, 4, 7, 8, 11, 14, 18, 19, 22, 25, 28, 29, 30, 33, 34, 37, 38, 39, 40, 45, 50, 51, 58, 63, 67, 70, 73, 74, 75, 76, 77, 78, 79, 80, 81, 84, 87, 88, 91, 92, 97, 103, 111, 112, 114, 116, 117, 130, 131, 132, 133, 134, 137, 138, 140, 142, 144, 196, 197, 199, 200, 203, 204, 207, 210, 219, 220, 222, 227, 228, 229, 230, 231, 232, 235, 236, 238, 240, 254, 255, 257, 258], "summary": {"covered_lines": 84, "num_statements": 91, "percent_covered": 92.3076923076923, "percent_covered_display": "92", "missing_lines": 7, "excluded_lines": 0}, "missing_lines": [123, 124, 126, 127, 128, 135, 139], "excluded_lines": [], "functions": {"RepairWorkOrder.sync_source_name": {"executed_lines": [111, 112, 114], "summary": {"covered_lines": 3, "num_statements": 3, "percent_covered": 100.0, "percent_covered_display": "100", "missing_lines": 0, "excluded_lines": 0}, "missing_lines": [], "excluded_lines": []}, "RepairWorkOrder.customer_source_name": {"executed_lines": [], "summary": {"covered_lines": 0, "num_statements": 5, "percent_covered": 0.0, "percent_covered_display": "0", "missing_lines": 5, "excluded_lines": 0}, "missing_lines": [123, 124, 126, 127, 128], "excluded_lines": []}, "RepairWorkOrder.validate_seeclean": {"executed_lines": [132, 133, 134, 137, 138, 140], "summary": {"covered_lines": 6, "num_statements": 8, "percent_covered": 75.0, "percent_covered_display": "75", "missing_lines": 2, "excluded_lines": 0}, "missing_lines": [135, 139], "excluded_lines": []}, "RepairWorkOrder.to_dict": {"executed_lines": [144], "summary": {"covered_lines": 1, "num_statements": 1, "percent_covered": 100.0, "percent_covered_display": "100", "missing_lines": 0, "excluded_lines": 0}, "missing_lines": [], "excluded_lines": []}, "RepairWorkOrder.__repr__": {"executed_lines": [197], "summary": {"covered_lines": 1, "num_statements": 1, "percent_covered": 100.0, "percent_covered_display": "100", "missing_lines": 0, "excluded_lines": 0}, "missing_lines": [], "excluded_lines": []}, "RepairWorkOrder.__str__": {"executed_lines": [200], "summary": {"covered_lines": 1, "num_statements": 1, "percent_covered": 100.0, "percent_covered_display": "100", "missing_lines": 0, "excluded_lines": 0}, "missing_lines": [], "excluded_lines": []}, "RepairWorkOrderItem.to_dict": {"executed_lines": [240], "summary": {"covered_lines": 1, "num_statements": 1, "percent_covered": 100.0, "percent_covered_display": "100", "missing_lines": 0, "excluded_lines": 0}, "missing_lines": [], "excluded_lines": []}, "RepairWorkOrderItem.__repr__": {"executed_lines": [255], "summary": {"covered_lines": 1, "num_statements": 1, "percent_covered": 100.0, "percent_covered_display": "100", "missing_lines": 0, "excluded_lines": 0}, "missing_lines": [], "excluded_lines": []}, "RepairWorkOrderItem.__str__": {"executed_lines": [258], "summary": {"covered_lines": 1, "num_statements": 1, "percent_covered": 100.0, "percent_covered_display": "100", "missing_lines": 0, "excluded_lines": 0}, "missing_lines": [], "excluded_lines": []}, "": {"executed_lines": [1, 2, 3, 4, 7, 8, 11, 14, 18, 19, 22, 25, 28, 29, 30, 33, 34, 37, 38, 39, 40, 45, 50, 51, 58, 63, 67, 70, 73, 74, 75, 76, 77, 78, 79, 80, 81, 84, 87, 88, 91, 92, 97, 103, 116, 117, 130, 131, 142, 196, 199, 203, 204, 207, 210, 219, 220, 222, 227, 228, 229, 230, 231, 232, 235, 236, 238, 254, 257], "summary": {"covered_lines": 69, "num_statements": 69, "percent_covered": 100.0, "percent_covered_display": "100", "missing_lines": 0, "excluded_lines": 0}, "missing_lines": [], "excluded_lines": []}}, "classes": {"RepairWorkOrder": {"executed_lines": [111, 112, 114, 132, 133, 134, 137, 138, 140, 144, 197, 200], "summary": {"covered_lines": 12, "num_statements": 19, "percent_covered": 63.1578947368421, "percent_covered_display": "63", "missing_lines": 7, "excluded_lines": 0}, "missing_lines": [123, 124, 126, 127, 128, 135, 139], "excluded_lines": []}, "RepairWorkOrderItem": {"executed_lines": [240, 255, 258], "summary": {"covered_lines": 3, "num_statements": 3, "percent_covered": 100.0, "percent_covered_display": "100", "missing_lines": 0, "excluded_lines": 0}, "missing_lines": [], "excluded_lines": []}, "": {"executed_lines": [1, 2, 3, 4, 7, 8, 11, 14, 18, 19, 22, 25, 28, 29, 30, 33, 34, 37, 38, 39, 40, 45, 50, 51, 58, 63, 67, 70, 73, 74, 75, 76, 77, 78, 79, 80, 81, 84, 87, 88, 91, 92, 97, 103, 116, 117, 130, 131, 142, 196, 199, 203, 204, 207, 210, 219, 220, 222, 227, 228, 229, 230, 231, 232, 235, 236, 238, 254, 257], "summary": {"covered_lines": 69, "num_statements": 69, "percent_covered": 100.0, "percent_covered_display": "100", "missing_lines": 0, "excluded_lines": 0}, "missing_lines": [], "excluded_lines": []}}}, "models/repair_order_file.py": {"executed_lines": [1, 2, 5, 6, 9, 12, 20, 21, 22, 23, 26, 28], "summary": {"covered_lines": 12, "num_statements": 13, "percent_covered": 92.3076923076923, "percent_covered_display": "92", "missing_lines": 1, "excluded_lines": 0}, "missing_lines": [29], "excluded_lines": [], "functions": {"RepairOrderFile.to_dict": {"executed_lines": [], "summary": {"covered_lines": 0, "num_statements": 1, "percent_covered": 0.0, "percent_covered_display": "0", "missing_lines": 1, "excluded_lines": 0}, "missing_lines": [29], "excluded_lines": []}, "": {"executed_lines": [1, 2, 5, 6, 9, 12, 20, 21, 22, 23, 26, 28], "summary": {"covered_lines": 12, "num_statements": 12, "percent_covered": 100.0, "percent_covered_display": "100", "missing_lines": 0, "excluded_lines": 0}, "missing_lines": [], "excluded_lines": []}}, "classes": {"RepairOrderFile": {"executed_lines": [], "summary": {"covered_lines": 0, "num_statements": 1, "percent_covered": 0.0, "percent_covered_display": "0", "missing_lines": 1, "excluded_lines": 0}, "missing_lines": [29], "excluded_lines": []}, "": {"executed_lines": [1, 2, 5, 6, 9, 12, 20, 21, 22, 23, 26, 28], "summary": {"covered_lines": 12, "num_statements": 12, "percent_covered": 100.0, "percent_covered_display": "100", "missing_lines": 0, "excluded_lines": 0}, "missing_lines": [], "excluded_lines": []}}}, "models/source.py": {"executed_lines": [1, 4, 5, 9, 10, 11, 12, 13, 14, 15, 16, 18, 20, 22, 34, 36, 37, 38, 40, 42, 43, 44, 46, 48, 49, 50, 52, 53, 54, 55, 56, 57, 58, 60, 61, 62, 68, 70, 71], "summary": {"covered_lines": 39, "num_statements": 40, "percent_covered": 97.5, "percent_covered_display": "98", "missing_lines": 1, "excluded_lines": 0}, "missing_lines": [66], "excluded_lines": [], "functions": {"Source.to_dict": {"executed_lines": [22], "summary": {"covered_lines": 1, "num_statements": 1, "percent_covered": 100.0, "percent_covered_display": "100", "missing_lines": 0, "excluded_lines": 0}, "missing_lines": [], "excluded_lines": []}, "Source.clean_email": {"executed_lines": [36, 37, 38], "summary": {"covered_lines": 3, "num_statements": 3, "percent_covered": 100.0, "percent_covered_display": "100", "missing_lines": 0, "excluded_lines": 0}, "missing_lines": [], "excluded_lines": []}, "Source.clean_phone": {"executed_lines": [42, 43, 44], "summary": {"covered_lines": 3, "num_statements": 3, "percent_covered": 100.0, "percent_covered_display": "100", "missing_lines": 0, "excluded_lines": 0}, "missing_lines": [], "excluded_lines": []}, "Source.get_full_address": {"executed_lines": [48, 49, 50, 52, 53, 54, 55, 56, 57, 58, 60, 61, 62, 68], "summary": {"covered_lines": 14, "num_statements": 15, "percent_covered": 93.33333333333333, "percent_covered_display": "93", "missing_lines": 1, "excluded_lines": 0}, "missing_lines": [66], "excluded_lines": []}, "Source.__repr__": {"executed_lines": [71], "summary": {"covered_lines": 1, "num_statements": 1, "percent_covered": 100.0, "percent_covered_display": "100", "missing_lines": 0, "excluded_lines": 0}, "missing_lines": [], "excluded_lines": []}, "": {"executed_lines": [1, 4, 5, 9, 10, 11, 12, 13, 14, 15, 16, 18, 20, 34, 40, 46, 70], "summary": {"covered_lines": 17, "num_statements": 17, "percent_covered": 100.0, "percent_covered_display": "100", "missing_lines": 0, "excluded_lines": 0}, "missing_lines": [], "excluded_lines": []}}, "classes": {"Source": {"executed_lines": [22, 36, 37, 38, 42, 43, 44, 48, 49, 50, 52, 53, 54, 55, 56, 57, 58, 60, 61, 62, 68, 71], "summary": {"covered_lines": 22, "num_statements": 23, "percent_covered": 95.65217391304348, "percent_covered_display": "96", "missing_lines": 1, "excluded_lines": 0}, "missing_lines": [66], "excluded_lines": []}, "": {"executed_lines": [1, 4, 5, 9, 10, 11, 12, 13, 14, 15, 16, 18, 20, 34, 40, 46, 70], "summary": {"covered_lines": 17, "num_statements": 17, "percent_covered": 100.0, "percent_covered_display": "100", "missing_lines": 0, "excluded_lines": 0}, "missing_lines": [], "excluded_lines": []}}}, "models/user.py": {"executed_lines": [1, 2, 3, 4, 7, 8, 10, 11, 12, 13, 19, 22, 23], "summary": {"covered_lines": 13, "num_statements": 13, "percent_covered": 100.0, "percent_covered_display": "100", "missing_lines": 0, "excluded_lines": 0}, "missing_lines": [], "excluded_lines": [], "functions": {"User.__repr__": {"executed_lines": [23], "summary": {"covered_lines": 1, "num_statements": 1, "percent_covered": 100.0, "percent_covered_display": "100", "missing_lines": 0, "excluded_lines": 0}, "missing_lines": [], "excluded_lines": []}, "": {"executed_lines": [1, 2, 3, 4, 7, 8, 10, 11, 12, 13, 19, 22], "summary": {"covered_lines": 12, "num_statements": 12, "percent_covered": 100.0, "percent_covered_display": "100", "missing_lines": 0, "excluded_lines": 0}, "missing_lines": [], "excluded_lines": []}}, "classes": {"User": {"executed_lines": [23], "summary": {"covered_lines": 1, "num_statements": 1, "percent_covered": 100.0, "percent_covered_display": "100", "missing_lines": 0, "excluded_lines": 0}, "missing_lines": [], "excluded_lines": []}, "": {"executed_lines": [1, 2, 3, 4, 7, 8, 10, 11, 12, 13, 19, 22], "summary": {"covered_lines": 12, "num_statements": 12, "percent_covered": 100.0, "percent_covered_display": "100", "missing_lines": 0, "excluded_lines": 0}, "missing_lines": [], "excluded_lines": []}}}, "models/work_order.py": {"executed_lines": [1, 2, 3, 6, 7, 10, 11, 15, 19, 22, 26, 29, 30, 31, 32, 34, 35, 36, 37, 38, 40, 41, 42, 43, 45, 46, 49, 50, 52, 55, 58, 59, 63, 70, 72, 74, 81, 82, 89, 90, 91, 96, 97, 99, 100, 104, 112, 113, 115, 117, 118, 131, 132, 134, 169, 170, 171, 173, 174, 176, 177, 180, 181, 184, 187, 194, 199, 200, 203, 204, 205, 206, 207, 208, 211, 212, 214, 216, 230, 231, 233, 234], "summary": {"covered_lines": 82, "num_statements": 91, "percent_covered": 90.10989010989012, "percent_covered_display": "90", "missing_lines": 9, "excluded_lines": 0}, "missing_lines": [92, 94, 101, 102, 124, 125, 127, 128, 129], "excluded_lines": [], "functions": {"WorkOrder.is_sail_order": {"executed_lines": [89, 90, 91], "summary": {"covered_lines": 3, "num_statements": 5, "percent_covered": 60.0, "percent_covered_display": "60", "missing_lines": 2, "excluded_lines": 0}, "missing_lines": [92, 94], "excluded_lines": []}, "WorkOrder.get_sail_order_sources": {"executed_lines": [99, 100], "summary": {"covered_lines": 2, "num_statements": 4, "percent_covered": 50.0, "percent_covered_display": "50", "missing_lines": 2, "excluded_lines": 0}, "missing_lines": [101, 102], "excluded_lines": []}, "WorkOrder.sync_source_name": {"executed_lines": [112, 113, 115], "summary": {"covered_lines": 3, "num_statements": 3, "percent_covered": 100.0, "percent_covered_display": "100", "missing_lines": 0, "excluded_lines": 0}, "missing_lines": [], "excluded_lines": []}, "WorkOrder.customer_source_name": {"executed_lines": [], "summary": {"covered_lines": 0, "num_statements": 5, "percent_covered": 0.0, "percent_covered_display": "0", "missing_lines": 5, "excluded_lines": 0}, "missing_lines": [124, 125, 127, 128, 129], "excluded_lines": []}, "WorkOrder.to_dict": {"executed_lines": [132, 134, 169, 170, 171], "summary": {"covered_lines": 5, "num_statements": 5, "percent_covered": 100.0, "percent_covered_display": "100", "missing_lines": 0, "excluded_lines": 0}, "missing_lines": [], "excluded_lines": []}, "WorkOrder.__repr__": {"executed_lines": [174], "summary": {"covered_lines": 1, "num_statements": 1, "percent_covered": 100.0, "percent_covered_display": "100", "missing_lines": 0, "excluded_lines": 0}, "missing_lines": [], "excluded_lines": []}, "WorkOrder.__str__": {"executed_lines": [177], "summary": {"covered_lines": 1, "num_statements": 1, "percent_covered": 100.0, "percent_covered_display": "100", "missing_lines": 0, "excluded_lines": 0}, "missing_lines": [], "excluded_lines": []}, "WorkOrderItem.to_dict": {"executed_lines": [216], "summary": {"covered_lines": 1, "num_statements": 1, "percent_covered": 100.0, "percent_covered_display": "100", "missing_lines": 0, "excluded_lines": 0}, "missing_lines": [], "excluded_lines": []}, "WorkOrderItem.__repr__": {"executed_lines": [231], "summary": {"covered_lines": 1, "num_statements": 1, "percent_covered": 100.0, "percent_covered_display": "100", "missing_lines": 0, "excluded_lines": 0}, "missing_lines": [], "excluded_lines": []}, "WorkOrderItem.__str__": {"executed_lines": [234], "summary": {"covered_lines": 1, "num_statements": 1, "percent_covered": 100.0, "percent_covered_display": "100", "missing_lines": 0, "excluded_lines": 0}, "missing_lines": [], "excluded_lines": []}, "": {"executed_lines": [1, 2, 3, 6, 7, 10, 11, 15, 19, 22, 26, 29, 30, 31, 32, 34, 35, 36, 37, 38, 40, 41, 42, 43, 45, 46, 49, 50, 52, 55, 58, 59, 63, 70, 72, 74, 81, 82, 96, 97, 104, 117, 118, 131, 173, 176, 180, 181, 184, 187, 194, 199, 200, 203, 204, 205, 206, 207, 208, 211, 212, 214, 230, 233], "summary": {"covered_lines": 64, "num_statements": 64, "percent_covered": 100.0, "percent_covered_display": "100", "missing_lines": 0, "excluded_lines": 0}, "missing_lines": [], "excluded_lines": []}}, "classes": {"WorkOrder": {"executed_lines": [89, 90, 91, 99, 100, 112, 113, 115, 132, 134, 169, 170, 171, 174, 177], "summary": {"covered_lines": 15, "num_statements": 24, "percent_covered": 62.5, "percent_covered_display": "62", "missing_lines": 9, "excluded_lines": 0}, "missing_lines": [92, 94, 101, 102, 124, 125, 127, 128, 129], "excluded_lines": []}, "WorkOrderItem": {"executed_lines": [216, 231, 234], "summary": {"covered_lines": 3, "num_statements": 3, "percent_covered": 100.0, "percent_covered_display": "100", "missing_lines": 0, "excluded_lines": 0}, "missing_lines": [], "excluded_lines": []}, "": {"executed_lines": [1, 2, 3, 6, 7, 10, 11, 15, 19, 22, 26, 29, 30, 31, 32, 34, 35, 36, 37, 38, 40, 41, 42, 43, 45, 46, 49, 50, 52, 55, 58, 59, 63, 70, 72, 74, 81, 82, 96, 97, 104, 117, 118, 131, 173, 176, 180, 181, 184, 187, 194, 199, 200, 203, 204, 205, 206, 207, 208, 211, 212, 214, 230, 233], "summary": {"covered_lines": 64, "num_statements": 64, "percent_covered": 100.0, "percent_covered_display": "100", "missing_lines": 0, "excluded_lines": 0}, "missing_lines": [], "excluded_lines": []}}}, "models/work_order_file.py": {"executed_lines": [1, 2, 5, 6, 9, 12, 20, 21, 22, 23, 26, 28, 29], "summary": {"covered_lines": 13, "num_statements": 13, "percent_covered": 100.0, "percent_covered_display": "100", "missing_lines": 0, "excluded_lines": 0}, "missing_lines": [], "excluded_lines": [], "functions": {"WorkOrderFile.to_dict": {"executed_lines": [29], "summary": {"covered_lines": 1, "num_statements": 1, "percent_covered": 100.0, "percent_covered_display": "100", "missing_lines": 0, "excluded_lines": 0}, "missing_lines": [], "excluded_lines": []}, "": {"executed_lines": [1, 2, 5, 6, 9, 12, 20, 21, 22, 23, 26, 28], "summary": {"covered_lines": 12, "num_statements": 12, "percent_covered": 100.0, "percent_covered_display": "100", "missing_lines": 0, "excluded_lines": 0}, "missing_lines": [], "excluded_lines": []}}, "classes": {"WorkOrderFile": {"executed_lines": [29], "summary": {"covered_lines": 1, "num_statements": 1, "percent_covered": 100.0, "percent_covered_display": "100", "missing_lines": 0, "excluded_lines": 0}, "missing_lines": [], "excluded_lines": []}, "": {"executed_lines": [1, 2, 5, 6, 9, 12, 20, 21, 22, 23, 26, 28], "summary": {"covered_lines": 12, "num_statements": 12, "percent_covered": 100.0, "percent_covered_display": "100", "missing_lines": 0, "excluded_lines": 0}, "missing_lines": [], "excluded_lines": []}}}, "routes/__init__.py": {"executed_lines": [0], "summary": {"covered_lines": 0, "num_statements": 0, "percent_covered": 100.0, "percent_covered_display": "100", "missing_lines": 0, "excluded_lines": 0}, "missing_lines": [], "excluded_lines": [], "functions": {"": {"executed_lines": [], "summary": {"covered_lines": 0, "num_statements": 0, "percent_covered": 100.0, "percent_covered_display": "100", "missing_lines": 0, "excluded_lines": 0}, "missing_lines": [], "excluded_lines": []}}, "classes": {"": {"executed_lines": [], "summary": {"covered_lines": 0, "num_statements": 0, "percent_covered": 100.0, "percent_covered_display": "100", "missing_lines": 0, "excluded_lines": 0}, "missing_lines": [], "excluded_lines": []}}}, "routes/admin.py": {"executed_lines": [1, 2, 3, 4, 5, 6, 8, 11, 12, 13, 14, 26, 27, 28, 29, 41, 42, 43, 44], "summary": {"covered_lines": 19, "num_statements": 43, "percent_covered": 44.18604651162791, "percent_covered_display": "44", "missing_lines": 24, "excluded_lines": 0}, "missing_lines": [15, 16, 17, 18, 19, 21, 22, 23, 30, 31, 32, 33, 35, 36, 37, 38, 45, 46, 47, 48, 50, 51, 52, 54], "excluded_lines": [], "functions": {"manage_users": {"executed_lines": [], "summary": {"covered_lines": 0, "num_statements": 8, "percent_covered": 0.0, "percent_covered_display": "0", "missing_lines": 8, "excluded_lines": 0}, "missing_lines": [15, 16, 17, 18, 19, 21, 22, 23], "excluded_lines": []}, "delete_user": {"executed_lines": [], "summary": {"covered_lines": 0, "num_statements": 8, "percent_covered": 0.0, "percent_covered_display": "0", "missing_lines": 8, "excluded_lines": 0}, "missing_lines": [30, 31, 32, 33, 35, 36, 37, 38], "excluded_lines": []}, "update_user_role": {"executed_lines": [], "summary": {"covered_lines": 0, "num_statements": 8, "percent_covered": 0.0, "percent_covered_display": "0", "missing_lines": 8, "excluded_lines": 0}, "missing_lines": [45, 46, 47, 48, 50, 51, 52, 54], "excluded_lines": []}, "": {"executed_lines": [1, 2, 3, 4, 5, 6, 8, 11, 12, 13, 14, 26, 27, 28, 29, 41, 42, 43, 44], "summary": {"covered_lines": 19, "num_statements": 19, "percent_covered": 100.0, "percent_covered_display": "100", "missing_lines": 0, "excluded_lines": 0}, "missing_lines": [], "excluded_lines": []}}, "classes": {"": {"executed_lines": [1, 2, 3, 4, 5, 6, 8, 11, 12, 13, 14, 26, 27, 28, 29, 41, 42, 43, 44], "summary": {"covered_lines": 19, "num_statements": 43, "percent_covered": 44.18604651162791, "percent_covered_display": "44", "missing_lines": 24, "excluded_lines": 0}, "missing_lines": [15, 16, 17, 18, 19, 21, 22, 23, 30, 31, 32, 33, 35, 36, 37, 38, 45, 46, 47, 48, 50, 51, 52, 54], "excluded_lines": []}}}, "routes/analytics.py": {"executed_lines": [1, 2, 3, 4, 5, 6, 7, 8, 9, 10, 13, 19, 27, 92, 143, 171, 214, 243, 252, 324, 325, 326, 327, 328, 346, 347, 348, 349, 350], "summary": {"covered_lines": 29, "num_statements": 157, "percent_covered": 18.471337579617835, "percent_covered_display": "18", "missing_lines": 128, "excluded_lines": 0}, "missing_lines": [29, 30, 33, 44, 47, 48, 51, 54, 57, 60, 65, 68, 69, 70, 73, 74, 76, 77, 79, 80, 81, 83, 84, 94, 95, 107, 108, 109, 110, 114, 115, 117, 120, 121, 124, 125, 126, 130, 145, 146, 150, 151, 153, 165, 166, 168, 173, 174, 176, 177, 178, 181, 186, 189, 190, 191, 192, 193, 195, 196, 199, 201, 206, 209, 211, 216, 217, 220, 221, 222, 224, 225, 226, 229, 230, 233, 238, 240, 245, 246, 248, 249, 258, 259, 262, 263, 264, 269, 274, 277, 279, 280, 283, 284, 285, 291, 293, 294, 297, 298, 299, 301, 305, 307, 308, 330, 331, 332, 334, 336, 337, 338, 340, 341, 352, 353, 355, 356, 357, 358, 360, 361, 365, 380, 381, 382, 384, 385], "excluded_lines": [], "functions": {"load_work_orders": {"executed_lines": [], "summary": {"covered_lines": 0, "num_statements": 23, "percent_covered": 0.0, "percent_covered_display": "0", "missing_lines": 23, "excluded_lines": 0}, "missing_lines": [29, 30, 33, 44, 47, 48, 51, 54, 57, 60, 65, 68, 69, 70, 73, 74, 76, 77, 79, 80, 81, 83, 84], "excluded_lines": []}, "calculate_kpis": {"executed_lines": [], "summary": {"covered_lines": 0, "num_statements": 15, "percent_covered": 0.0, "percent_covered_display": "0", "missing_lines": 15, "excluded_lines": 0}, "missing_lines": [94, 95, 107, 108, 109, 110, 114, 115, 117, 120, 121, 124, 125, 126, 130], "excluded_lines": []}, "get_monthly_trends": {"executed_lines": [], "summary": {"covered_lines": 0, "num_statements": 8, "percent_covered": 0.0, "percent_covered_display": "0", "missing_lines": 8, "excluded_lines": 0}, "missing_lines": [145, 146, 150, 151, 153, 165, 166, 168], "excluded_lines": []}, "get_daily_throughput": {"executed_lines": [], "summary": {"covered_lines": 0, "num_statements": 19, "percent_covered": 0.0, "percent_covered_display": "0", "missing_lines": 19, "excluded_lines": 0}, "missing_lines": [173, 174, 176, 177, 178, 181, 186, 189, 190, 191, 192, 193, 195, 196, 199, 201, 206, 209, 211], "excluded_lines": []}, "get_backlog_data": {"executed_lines": [], "summary": {"covered_lines": 0, "num_statements": 13, "percent_covered": 0.0, "percent_covered_display": "0", "missing_lines": 13, "excluded_lines": 0}, "missing_lines": [216, 217, 220, 221, 222, 224, 225, 226, 229, 230, 233, 238, 240], "excluded_lines": []}, "get_revenue_by_product_type": {"executed_lines": [], "summary": {"covered_lines": 0, "num_statements": 4, "percent_covered": 0.0, "percent_covered_display": "0", "missing_lines": 4, "excluded_lines": 0}, "missing_lines": [245, 246, 248, 249], "excluded_lines": []}, "get_weekly_sq_ft_cleaned_kde": {"executed_lines": [], "summary": {"covered_lines": 0, "num_statements": 23, "percent_covered": 0.0, "percent_covered_display": "0", "missing_lines": 23, "excluded_lines": 0}, "missing_lines": [258, 259, 262, 263, 264, 269, 274, 277, 279, 280, 283, 284, 285, 291, 293, 294, 297, 298, 299, 301, 305, 307, 308], "excluded_lines": []}, "analytics_dashboard": {"executed_lines": [], "summary": {"covered_lines": 0, "num_statements": 9, "percent_covered": 0.0, "percent_covered_display": "0", "missing_lines": 9, "excluded_lines": 0}, "missing_lines": [330, 331, 332, 334, 336, 337, 338, 340, 341], "excluded_lines": []}, "get_analytics_data": {"executed_lines": [], "summary": {"covered_lines": 0, "num_statements": 14, "percent_covered": 0.0, "percent_covered_display": "0", "missing_lines": 14, "excluded_lines": 0}, "missing_lines": [352, 353, 355, 356, 357, 358, 360, 361, 365, 380, 381, 382, 384, 385], "excluded_lines": []}, "": {"executed_lines": [1, 2, 3, 4, 5, 6, 7, 8, 9, 10, 13, 19, 27, 92, 143, 171, 214, 243, 252, 324, 325, 326, 327, 328, 346, 347, 348, 349, 350], "summary": {"covered_lines": 29, "num_statements": 29, "percent_covered": 100.0, "percent_covered_display": "100", "missing_lines": 0, "excluded_lines": 0}, "missing_lines": [], "excluded_lines": []}}, "classes": {"": {"executed_lines": [1, 2, 3, 4, 5, 6, 7, 8, 9, 10, 13, 19, 27, 92, 143, 171, 214, 243, 252, 324, 325, 326, 327, 328, 346, 347, 348, 349, 350], "summary": {"covered_lines": 29, "num_statements": 157, "percent_covered": 18.471337579617835, "percent_covered_display": "18", "missing_lines": 128, "excluded_lines": 0}, "missing_lines": [29, 30, 33, 44, 47, 48, 51, 54, 57, 60, 65, 68, 69, 70, 73, 74, 76, 77, 79, 80, 81, 83, 84, 94, 95, 107, 108, 109, 110, 114, 115, 117, 120, 121, 124, 125, 126, 130, 145, 146, 150, 151, 153, 165, 166, 168, 173, 174, 176, 177, 178, 181, 186, 189, 190, 191, 192, 193, 195, 196, 199, 201, 206, 209, 211, 216, 217, 220, 221, 222, 224, 225, 226, 229, 230, 233, 238, 240, 245, 246, 248, 249, 258, 259, 262, 263, 264, 269, 274, 277, 279, 280, 283, 284, 285, 291, 293, 294, 297, 298, 299, 301, 305, 307, 308, 330, 331, 332, 334, 336, 337, 338, 340, 341, 352, 353, 355, 356, 357, 358, 360, 361, 365, 380, 381, 382, 384, 385], "excluded_lines": []}}}, "routes/auth.py": {"executed_lines": [1, 2, 3, 4, 5, 6, 8, 11, 12, 13, 14, 16, 17, 18, 20, 22, 23, 24, 25, 27, 29, 32, 33, 34, 35, 36, 39, 40, 41, 42, 43, 45, 46, 47, 49, 50, 51, 53, 54, 55, 57, 58, 59, 60, 61, 62, 65, 71, 74, 75, 77, 79, 80, 82], "summary": {"covered_lines": 54, "num_statements": 54, "percent_covered": 100.0, "percent_covered_display": "100", "missing_lines": 0, "excluded_lines": 0}, "missing_lines": [], "excluded_lines": [], "functions": {"login": {"executed_lines": [13, 14, 16, 17, 18, 20, 22, 23, 24, 25, 27, 29], "summary": {"covered_lines": 12, "num_statements": 12, "percent_covered": 100.0, "percent_covered_display": "100", "missing_lines": 0, "excluded_lines": 0}, "missing_lines": [], "excluded_lines": []}, "logout": {"executed_lines": [34, 35, 36], "summary": {"covered_lines": 3, "num_statements": 3, "percent_covered": 100.0, "percent_covered_display": "100", "missing_lines": 0, "excluded_lines": 0}, "missing_lines": [], "excluded_lines": []}, "register": {"executed_lines": [41, 42, 43, 45, 46, 47, 49, 50, 51, 53, 54, 55, 57, 58, 59, 60, 61, 62, 65, 71, 74, 75, 77, 79, 80, 82], "summary": {"covered_lines": 26, "num_statements": 26, "percent_covered": 100.0, "percent_covered_display": "100", "missing_lines": 0, "excluded_lines": 0}, "missing_lines": [], "excluded_lines": []}, "": {"executed_lines": [1, 2, 3, 4, 5, 6, 8, 11, 12, 32, 33, 39, 40], "summary": {"covered_lines": 13, "num_statements": 13, "percent_covered": 100.0, "percent_covered_display": "100", "missing_lines": 0, "excluded_lines": 0}, "missing_lines": [], "excluded_lines": []}}, "classes": {"": {"executed_lines": [1, 2, 3, 4, 5, 6, 8, 11, 12, 13, 14, 16, 17, 18, 20, 22, 23, 24, 25, 27, 29, 32, 33, 34, 35, 36, 39, 40, 41, 42, 43, 45, 46, 47, 49, 50, 51, 53, 54, 55, 57, 58, 59, 60, 61, 62, 65, 71, 74, 75, 77, 79, 80, 82], "summary": {"covered_lines": 54, "num_statements": 54, "percent_covered": 100.0, "percent_covered_display": "100", "missing_lines": 0, "excluded_lines": 0}, "missing_lines": [], "excluded_lines": []}}}, "routes/customers.py": {"executed_lines": [1, 2, 3, 4, 5, 6, 7, 8, 9, 10, 11, 12, 13, 14, 15, 18, 21, 22, 25, 26, 31, 38, 40, 43, 44, 45, 46, 48, 49, 52, 54, 62, 63, 64, 67, 68, 70, 73, 74, 75, 76, 89, 99, 100, 101, 102, 103, 105, 108, 118, 119, 120, 121, 122, 123, 124, 125, 126, 127, 128, 129, 131, 132, 134, 135, 137, 138, 139, 140, 158, 171, 172, 173, 175, 178, 179, 180, 182, 183, 186, 193, 198, 207, 208, 209, 210, 212, 213, 215, 216, 217, 222, 223, 224, 226, 227, 229, 232, 234, 256, 257, 258, 259, 260, 261, 262, 264, 265, 268, 270, 271, 319, 320, 323, 324, 325, 326, 328, 330, 331, 333, 342, 344, 345, 346, 347, 348, 349, 350, 351, 352, 353, 354, 355, 356, 357, 358, 359, 360, 363, 364, 365, 366, 367, 368, 369, 371, 374, 376, 377, 385, 386, 391, 392, 393, 394, 395, 406, 407, 408, 409, 411, 413, 414, 415, 418, 420, 425], "summary": {"covered_lines": 168, "num_statements": 195, "percent_covered": 86.15384615384616, "percent_covered_display": "86", "missing_lines": 27, "excluded_lines": 0}, "missing_lines": [275, 276, 277, 280, 283, 285, 287, 288, 291, 292, 295, 296, 297, 303, 304, 305, 306, 311, 315, 334, 335, 381, 382, 383, 421, 422, 423], "excluded_lines": [], "functions": {"user_can_edit": {"executed_lines": [22], "summary": {"covered_lines": 1, "num_statements": 1, "percent_covered": 100.0, "percent_covered_display": "100", "missing_lines": 0, "excluded_lines": 0}, "missing_lines": [], "excluded_lines": []}, "get_customer_filter_options": {"executed_lines": [31, 38, 40], "summary": {"covered_lines": 3, "num_statements": 3, "percent_covered": 100.0, "percent_covered_display": "100", "missing_lines": 0, "excluded_lines": 0}, "missing_lines": [], "excluded_lines": []}, "list_customers": {"executed_lines": [48, 49, 52, 54], "summary": {"covered_lines": 4, "num_statements": 4, "percent_covered": 100.0, "percent_covered_display": "100", "missing_lines": 0, "excluded_lines": 0}, "missing_lines": [], "excluded_lines": []}, "api_customers": {"executed_lines": [67, 68, 70, 73, 74, 75, 76, 89, 99, 100, 101, 102, 103, 105, 108, 118, 119, 120, 121, 122, 123, 124, 125, 126, 127, 128, 129, 131, 132, 134, 135, 137, 138, 139, 140, 158], "summary": {"covered_lines": 36, "num_statements": 36, "percent_covered": 100.0, "percent_covered_display": "100", "missing_lines": 0, "excluded_lines": 0}, "missing_lines": [], "excluded_lines": []}, "view_customer": {"executed_lines": [175], "summary": {"covered_lines": 1, "num_statements": 1, "percent_covered": 100.0, "percent_covered_display": "100", "missing_lines": 0, "excluded_lines": 0}, "missing_lines": [], "excluded_lines": []}, "customer_detail": {"executed_lines": [182, 183, 186, 193, 198], "summary": {"covered_lines": 5, "num_statements": 5, "percent_covered": 100.0, "percent_covered_display": "100", "missing_lines": 0, "excluded_lines": 0}, "missing_lines": [], "excluded_lines": []}, "create_customer": {"executed_lines": [212, 213, 215, 216, 217, 222, 223, 224, 226, 227, 229, 232, 234, 256, 257, 258, 259, 260, 261, 262, 264, 265, 268, 270, 271, 319, 320], "summary": {"covered_lines": 27, "num_statements": 46, "percent_covered": 58.69565217391305, "percent_covered_display": "59", "missing_lines": 19, "excluded_lines": 0}, "missing_lines": [275, 276, 277, 280, 283, 285, 287, 288, 291, 292, 295, 296, 297, 303, 304, 305, 306, 311, 315], "excluded_lines": []}, "edit_customer": {"executed_lines": [328, 330, 331, 333, 342, 344, 345, 346, 347, 348, 349, 350, 351, 352, 353, 354, 355, 356, 357, 358, 359, 360, 363, 364, 365, 366, 367, 368, 369, 371, 374, 376, 377, 385, 386], "summary": {"covered_lines": 35, "num_statements": 40, "percent_covered": 87.5, "percent_covered_display": "88", "missing_lines": 5, "excluded_lines": 0}, "missing_lines": [334, 335, 381, 382, 383], "excluded_lines": []}, "api_source_info": {"executed_lines": [394, 395], "summary": {"covered_lines": 2, "num_statements": 2, "percent_covered": 100.0, "percent_covered_display": "100", "missing_lines": 0, "excluded_lines": 0}, "missing_lines": [], "excluded_lines": []}, "delete_customer": {"executed_lines": [411, 413, 414, 415, 418, 420, 425], "summary": {"covered_lines": 7, "num_statements": 10, "percent_covered": 70.0, "percent_covered_display": "70", "missing_lines": 3, "excluded_lines": 0}, "missing_lines": [421, 422, 423], "excluded_lines": []}, "": {"executed_lines": [1, 2, 3, 4, 5, 6, 7, 8, 9, 10, 11, 12, 13, 14, 15, 18, 21, 25, 26, 43, 44, 45, 46, 62, 63, 64, 171, 172, 173, 178, 179, 180, 207, 208, 209, 210, 323, 324, 325, 326, 391, 392, 393, 406, 407, 408, 409], "summary": {"covered_lines": 47, "num_statements": 47, "percent_covered": 100.0, "percent_covered_display": "100", "missing_lines": 0, "excluded_lines": 0}, "missing_lines": [], "excluded_lines": []}}, "classes": {"": {"executed_lines": [1, 2, 3, 4, 5, 6, 7, 8, 9, 10, 11, 12, 13, 14, 15, 18, 21, 22, 25, 26, 31, 38, 40, 43, 44, 45, 46, 48, 49, 52, 54, 62, 63, 64, 67, 68, 70, 73, 74, 75, 76, 89, 99, 100, 101, 102, 103, 105, 108, 118, 119, 120, 121, 122, 123, 124, 125, 126, 127, 128, 129, 131, 132, 134, 135, 137, 138, 139, 140, 158, 171, 172, 173, 175, 178, 179, 180, 182, 183, 186, 193, 198, 207, 208, 209, 210, 212, 213, 215, 216, 217, 222, 223, 224, 226, 227, 229, 232, 234, 256, 257, 258, 259, 260, 261, 262, 264, 265, 268, 270, 271, 319, 320, 323, 324, 325, 326, 328, 330, 331, 333, 342, 344, 345, 346, 347, 348, 349, 350, 351, 352, 353, 354, 355, 356, 357, 358, 359, 360, 363, 364, 365, 366, 367, 368, 369, 371, 374, 376, 377, 385, 386, 391, 392, 393, 394, 395, 406, 407, 408, 409, 411, 413, 414, 415, 418, 420, 425], "summary": {"covered_lines": 168, "num_statements": 195, "percent_covered": 86.15384615384616, "percent_covered_display": "86", "missing_lines": 27, "excluded_lines": 0}, "missing_lines": [275, 276, 277, 280, 283, 285, 287, 288, 291, 292, 295, 296, 297, 303, 304, 305, 306, 311, 315, 334, 335, 381, 382, 383, 421, 422, 423], "excluded_lines": []}}}, "routes/dashboard.py": {"executed_lines": [1, 2, 3, 4, 5, 6, 7, 8, 11, 14, 15, 41, 42, 43, 44, 62, 63, 64, 65], "summary": {"covered_lines": 19, "num_statements": 25, "percent_covered": 76.0, "percent_covered_display": "76", "missing_lines": 6, "excluded_lines": 0}, "missing_lines": [33, 38, 45, 46, 47, 51], "excluded_lines": [], "functions": {"get_recent_orders": {"executed_lines": [15], "summary": {"covered_lines": 1, "num_statements": 3, "percent_covered": 33.333333333333336, "percent_covered_display": "33", "missing_lines": 2, "excluded_lines": 0}, "missing_lines": [33, 38], "excluded_lines": []}, "dashboard": {"executed_lines": [43, 44, 62, 63, 64, 65], "summary": {"covered_lines": 6, "num_statements": 10, "percent_covered": 60.0, "percent_covered_display": "60", "missing_lines": 4, "excluded_lines": 0}, "missing_lines": [45, 46, 47, 51], "excluded_lines": []}, "": {"executed_lines": [1, 2, 3, 4, 5, 6, 7, 8, 11, 14, 41, 42], "summary": {"covered_lines": 12, "num_statements": 12, "percent_covered": 100.0, "percent_covered_display": "100", "missing_lines": 0, "excluded_lines": 0}, "missing_lines": [], "excluded_lines": []}}, "classes": {"": {"executed_lines": [1, 2, 3, 4, 5, 6, 7, 8, 11, 14, 15, 41, 42, 43, 44, 62, 63, 64, 65], "summary": {"covered_lines": 19, "num_statements": 25, "percent_covered": 76.0, "percent_covered_display": "76", "missing_lines": 6, "excluded_lines": 0}, "missing_lines": [33, 38, 45, 46, 47, 51], "excluded_lines": []}}}, "routes/in_progress.py": {"executed_lines": [1, 2, 3, 4, 5, 6, 7, 8, 9, 11, 14, 15, 16, 21, 22, 23, 24, 25, 27, 31, 34, 36, 45, 46, 47, 72, 73, 74, 75, 76, 78, 86, 89, 91, 100, 101, 102, 103, 104, 106, 114, 117, 119, 128, 129, 130, 131, 132, 134, 142, 145, 147, 156, 157, 158, 159, 160, 162, 174, 177, 179, 187, 188, 189, 190, 191, 193, 194, 195, 202, 204, 205, 206, 209, 210, 211, 212, 213, 215, 216, 218, 222, 223, 225, 226, 230, 231, 233, 234, 235, 238, 239, 240, 241, 243, 244, 246, 247, 248, 250, 251, 252], "summary": {"covered_lines": 102, "num_statements": 120, "percent_covered": 85.0, "percent_covered_display": "85", "missing_lines": 18, "excluded_lines": 0}, "missing_lines": [17, 48, 49, 51, 58, 61, 63, 192, 196, 203, 214, 219, 224, 227, 228, 242, 245, 249], "excluded_lines": [], "functions": {"in_progress_home": {"executed_lines": [], "summary": {"covered_lines": 0, "num_statements": 1, "percent_covered": 0.0, "percent_covered_display": "0", "missing_lines": 1, "excluded_lines": 0}, "missing_lines": [17], "excluded_lines": []}, "list_in_progress": {"executed_lines": [24, 25, 27, 31, 34, 36], "summary": {"covered_lines": 6, "num_statements": 6, "percent_covered": 100.0, "percent_covered_display": "100", "missing_lines": 0, "excluded_lines": 0}, "missing_lines": [], "excluded_lines": []}, "list_recently_cleaned": {"executed_lines": [], "summary": {"covered_lines": 0, "num_statements": 6, "percent_covered": 0.0, "percent_covered_display": "0", "missing_lines": 6, "excluded_lines": 0}, "missing_lines": [48, 49, 51, 58, 61, 63], "excluded_lines": []}, "list_cleaned": {"executed_lines": [75, 76, 78, 86, 89, 91], "summary": {"covered_lines": 6, "num_statements": 6, "percent_covered": 100.0, "percent_covered_display": "100", "missing_lines": 0, "excluded_lines": 0}, "missing_lines": [], "excluded_lines": []}, "list_treated": {"executed_lines": [103, 104, 106, 114, 117, 119], "summary": {"covered_lines": 6, "num_statements": 6, "percent_covered": 100.0, "percent_covered_display": "100", "missing_lines": 0, "excluded_lines": 0}, "missing_lines": [], "excluded_lines": []}, "list_packaged": {"executed_lines": [131, 132, 134, 142, 145, 147], "summary": {"covered_lines": 6, "num_statements": 6, "percent_covered": 100.0, "percent_covered_display": "100", "missing_lines": 0, "excluded_lines": 0}, "missing_lines": [], "excluded_lines": []}, "all_recent": {"executed_lines": [159, 160, 162, 174, 177, 179], "summary": {"covered_lines": 6, "num_statements": 6, "percent_covered": 100.0, "percent_covered_display": "100", "missing_lines": 0, "excluded_lines": 0}, "missing_lines": [], "excluded_lines": []}, "treat_work_order": {"executed_lines": [190, 191, 193, 194, 195, 202, 204, 205, 206], "summary": {"covered_lines": 9, "num_statements": 12, "percent_covered": 75.0, "percent_covered_display": "75", "missing_lines": 3, "excluded_lines": 0}, "missing_lines": [192, 196, 203], "excluded_lines": []}, "package_work_order": {"executed_lines": [212, 213, 215, 216, 218, 222, 223, 225, 226, 230, 231, 233, 234, 235], "summary": {"covered_lines": 14, "num_statements": 19, "percent_covered": 73.6842105263158, "percent_covered_display": "74", "missing_lines": 5, "excluded_lines": 0}, "missing_lines": [214, 219, 224, 227, 228], "excluded_lines": []}, "complete_work_order": {"executed_lines": [241, 243, 244, 246, 247, 248, 250, 251, 252], "summary": {"covered_lines": 9, "num_statements": 12, "percent_covered": 75.0, "percent_covered_display": "75", "missing_lines": 3, "excluded_lines": 0}, "missing_lines": [242, 245, 249], "excluded_lines": []}, "": {"executed_lines": [1, 2, 3, 4, 5, 6, 7, 8, 9, 11, 14, 15, 16, 21, 22, 23, 45, 46, 47, 72, 73, 74, 100, 101, 102, 128, 129, 130, 156, 157, 158, 187, 188, 189, 209, 210, 211, 238, 239, 240], "summary": {"covered_lines": 40, "num_statements": 40, "percent_covered": 100.0, "percent_covered_display": "100", "missing_lines": 0, "excluded_lines": 0}, "missing_lines": [], "excluded_lines": []}}, "classes": {"": {"executed_lines": [1, 2, 3, 4, 5, 6, 7, 8, 9, 11, 14, 15, 16, 21, 22, 23, 24, 25, 27, 31, 34, 36, 45, 46, 47, 72, 73, 74, 75, 76, 78, 86, 89, 91, 100, 101, 102, 103, 104, 106, 114, 117, 119, 128, 129, 130, 131, 132, 134, 142, 145, 147, 156, 157, 158, 159, 160, 162, 174, 177, 179, 187, 188, 189, 190, 191, 193, 194, 195, 202, 204, 205, 206, 209, 210, 211, 212, 213, 215, 216, 218, 222, 223, 225, 226, 230, 231, 233, 234, 235, 238, 239, 240, 241, 243, 244, 246, 247, 248, 250, 251, 252], "summary": {"covered_lines": 102, "num_statements": 120, "percent_covered": 85.0, "percent_covered_display": "85", "missing_lines": 18, "excluded_lines": 0}, "missing_lines": [17, 48, 49, 51, 58, 61, 63, 192, 196, 203, 214, 219, 224, 227, 228, 242, 245, 249], "excluded_lines": []}}}, "routes/inventory.py": {"executed_lines": [1, 2, 3, 4, 5, 6, 7, 9, 12, 13, 14, 43, 44, 45, 51, 52, 53, 54, 98, 99, 100, 101, 136, 137, 138, 156, 157, 158, 160, 161, 163, 166, 169, 170, 173, 174, 183, 185, 203, 204, 205, 207, 209, 226, 227, 228, 230, 232, 235, 236, 237, 238, 240, 243, 244, 245, 247, 248, 255, 256, 257, 258, 259, 260, 261, 263, 265, 266, 267, 269, 270, 282, 283, 286, 292, 293, 294, 295, 296, 297, 299, 301, 302, 303, 305, 306, 307, 308, 309, 310, 311, 313, 314, 320, 321, 322, 323, 325, 327, 328, 329, 330], "summary": {"covered_lines": 102, "num_statements": 176, "percent_covered": 57.95454545454545, "percent_covered_display": "58", "missing_lines": 74, "excluded_lines": 0}, "missing_lines": [16, 17, 18, 20, 23, 24, 34, 36, 47, 48, 56, 57, 59, 61, 64, 65, 66, 68, 69, 82, 83, 85, 86, 90, 91, 92, 93, 95, 103, 105, 106, 108, 110, 111, 112, 114, 115, 116, 117, 118, 119, 120, 121, 123, 124, 125, 129, 130, 131, 133, 140, 142, 143, 144, 145, 146, 147, 148, 150, 164, 233, 241, 250, 251, 252, 287, 288, 289, 315, 316, 317, 331, 332, 333], "excluded_lines": [], "functions": {"inventory_list": {"executed_lines": [], "summary": {"covered_lines": 0, "num_statements": 8, "percent_covered": 0.0, "percent_covered_display": "0", "missing_lines": 8, "excluded_lines": 0}, "missing_lines": [16, 17, 18, 20, 23, 24, 34, 36], "excluded_lines": []}, "inventory_detail": {"executed_lines": [], "summary": {"covered_lines": 0, "num_statements": 2, "percent_covered": 0.0, "percent_covered_display": "0", "missing_lines": 2, "excluded_lines": 0}, "missing_lines": [47, 48], "excluded_lines": []}, "create_inventory": {"executed_lines": [], "summary": {"covered_lines": 0, "num_statements": 18, "percent_covered": 0.0, "percent_covered_display": "0", "missing_lines": 18, "excluded_lines": 0}, "missing_lines": [56, 57, 59, 61, 64, 65, 66, 68, 69, 82, 83, 85, 86, 90, 91, 92, 93, 95], "excluded_lines": []}, "edit_inventory": {"executed_lines": [], "summary": {"covered_lines": 0, "num_statements": 22, "percent_covered": 0.0, "percent_covered_display": "0", "missing_lines": 22, "excluded_lines": 0}, "missing_lines": [103, 105, 106, 108, 110, 111, 112, 114, 115, 116, 117, 118, 119, 120, 121, 123, 124, 125, 129, 130, 131, 133], "excluded_lines": []}, "delete_inventory": {"executed_lines": [], "summary": {"covered_lines": 0, "num_statements": 9, "percent_covered": 0.0, "percent_covered_display": "0", "missing_lines": 9, "excluded_lines": 0}, "missing_lines": [140, 142, 143, 144, 145, 146, 147, 148, 150], "excluded_lines": []}, "api_search_inventory": {"executed_lines": [160, 161, 163, 166, 169, 170, 173, 174, 183, 185], "summary": {"covered_lines": 10, "num_statements": 11, "percent_covered": 90.9090909090909, "percent_covered_display": "91", "missing_lines": 1, "excluded_lines": 0}, "missing_lines": [164], "excluded_lines": []}, "api_customer_inventory": {"executed_lines": [207, 209], "summary": {"covered_lines": 2, "num_statements": 2, "percent_covered": 100.0, "percent_covered_display": "100", "missing_lines": 0, "excluded_lines": 0}, "missing_lines": [], "excluded_lines": []}, "api_bulk_update_inventory": {"executed_lines": [230, 232, 235, 236, 237, 238, 240, 243, 244, 245, 247, 248], "summary": {"covered_lines": 12, "num_statements": 17, "percent_covered": 70.58823529411765, "percent_covered_display": "71", "missing_lines": 5, "excluded_lines": 0}, "missing_lines": [233, 241, 250, 251, 252], "excluded_lines": []}, "add_inventory_ajax": {"executed_lines": [259, 260, 261, 263, 265, 266, 267, 269, 270, 282, 283, 286], "summary": {"covered_lines": 12, "num_statements": 15, "percent_covered": 80.0, "percent_covered_display": "80", "missing_lines": 3, "excluded_lines": 0}, "missing_lines": [287, 288, 289], "excluded_lines": []}, "edit_inventory_ajax": {"executed_lines": [296, 297, 299, 301, 302, 303, 305, 306, 307, 308, 309, 310, 311, 313, 314], "summary": {"covered_lines": 15, "num_statements": 18, "percent_covered": 83.33333333333333, "percent_covered_display": "83", "missing_lines": 3, "excluded_lines": 0}, "missing_lines": [315, 316, 317], "excluded_lines": []}, "delete_inventory_ajax": {"executed_lines": [325, 327, 328, 329, 330], "summary": {"covered_lines": 5, "num_statements": 8, "percent_covered": 62.5, "percent_covered_display": "62", "missing_lines": 3, "excluded_lines": 0}, "missing_lines": [331, 332, 333], "excluded_lines": []}, "": {"executed_lines": [1, 2, 3, 4, 5, 6, 7, 9, 12, 13, 14, 43, 44, 45, 51, 52, 53, 54, 98, 99, 100, 101, 136, 137, 138, 156, 157, 158, 203, 204, 205, 226, 227, 228, 255, 256, 257, 258, 292, 293, 294, 295, 320, 321, 322, 323], "summary": {"covered_lines": 46, "num_statements": 46, "percent_covered": 100.0, "percent_covered_display": "100", "missing_lines": 0, "excluded_lines": 0}, "missing_lines": [], "excluded_lines": []}}, "classes": {"": {"executed_lines": [1, 2, 3, 4, 5, 6, 7, 9, 12, 13, 14, 43, 44, 45, 51, 52, 53, 54, 98, 99, 100, 101, 136, 137, 138, 156, 157, 158, 160, 161, 163, 166, 169, 170, 173, 174, 183, 185, 203, 204, 205, 207, 209, 226, 227, 228, 230, 232, 235, 236, 237, 238, 240, 243, 244, 245, 247, 248, 255, 256, 257, 258, 259, 260, 261, 263, 265, 266, 267, 269, 270, 282, 283, 286, 292, 293, 294, 295, 296, 297, 299, 301, 302, 303, 305, 306, 307, 308, 309, 310, 311, 313, 314, 320, 321, 322, 323, 325, 327, 328, 329, 330], "summary": {"covered_lines": 102, "num_statements": 176, "percent_covered": 57.95454545454545, "percent_covered_display": "58", "missing_lines": 74, "excluded_lines": 0}, "missing_lines": [16, 17, 18, 20, 23, 24, 34, 36, 47, 48, 56, 57, 59, 61, 64, 65, 66, 68, 69, 82, 83, 85, 86, 90, 91, 92, 93, 95, 103, 105, 106, 108, 110, 111, 112, 114, 115, 116, 117, 118, 119, 120, 121, 123, 124, 125, 129, 130, 131, 133, 140, 142, 143, 144, 145, 146, 147, 148, 150, 164, 233, 241, 250, 251, 252, 287, 288, 289, 315, 316, 317, 331, 332, 333], "excluded_lines": []}}}, "routes/ml.py": {"executed_lines": [1, 2, 3, 4, 5, 6, 7, 8, 9, 10, 11, 12, 13, 14, 15, 16, 18, 21, 24, 62, 63, 66, 70, 71, 72, 73, 74, 77, 132, 133, 134, 138, 139, 142, 143, 144, 156, 157, 163, 164, 194, 195, 260, 261, 352, 353, 354, 361, 362, 363, 500, 501, 502, 574, 575, 576, 660, 661, 662, 728, 729, 730, 746, 747, 955], "summary": {"covered_lines": 65, "num_statements": 401, "percent_covered": 16.209476309226932, "percent_covered_display": "16", "missing_lines": 336, "excluded_lines": 0}, "missing_lines": [82, 83, 84, 87, 92, 93, 94, 97, 99, 101, 102, 105, 106, 109, 110, 112, 115, 116, 117, 118, 121, 122, 123, 124, 125, 127, 130, 146, 147, 154, 159, 160, 161, 166, 168, 169, 170, 173, 187, 189, 190, 191, 192, 202, 203, 204, 205, 208, 209, 212, 213, 214, 221, 223, 225, 226, 227, 228, 229, 232, 233, 234, 235, 236, 239, 240, 241, 244, 246, 247, 248, 251, 254, 258, 263, 264, 267, 268, 270, 272, 273, 275, 278, 279, 280, 281, 282, 285, 288, 291, 292, 295, 298, 300, 303, 311, 312, 313, 314, 315, 322, 327, 328, 330, 335, 336, 338, 339, 340, 341, 344, 347, 349, 355, 367, 368, 369, 370, 373, 374, 375, 378, 379, 385, 408, 410, 411, 413, 414, 416, 417, 420, 425, 427, 444, 445, 448, 449, 450, 452, 453, 454, 457, 458, 470, 471, 472, 473, 474, 475, 476, 477, 478, 480, 491, 492, 494, 496, 497, 506, 507, 509, 510, 513, 514, 532, 533, 534, 538, 541, 544, 545, 547, 548, 550, 553, 556, 557, 559, 570, 571, 580, 581, 583, 585, 591, 593, 594, 595, 597, 598, 599, 601, 602, 616, 619, 620, 621, 625, 627, 628, 629, 631, 632, 634, 635, 637, 648, 649, 650, 652, 656, 657, 666, 667, 670, 671, 672, 674, 676, 677, 691, 692, 693, 694, 696, 699, 700, 701, 703, 704, 706, 709, 710, 712, 724, 725, 734, 751, 752, 754, 755, 759, 761, 762, 763, 766, 767, 770, 771, 772, 773, 774, 779, 780, 782, 788, 811, 813, 814, 815, 816, 821, 822, 824, 825, 826, 827, 831, 836, 838, 856, 857, 859, 862, 863, 864, 867, 868, 869, 871, 876, 877, 891, 892, 893, 894, 896, 897, 898, 899, 900, 901, 902, 903, 905, 906, 908, 911, 928, 929, 931, 932, 933, 934, 935, 936, 939, 941, 942, 943, 944, 946, 957, 959, 962, 967, 968, 969, 972, 978, 979, 980, 983, 984, 987, 988, 989, 990, 991, 992, 995, 996, 1000, 1001, 1003], "excluded_lines": [], "functions": {"load_latest_model_from_s3": {"executed_lines": [70, 71, 72, 73, 74, 77, 132, 133, 134], "summary": {"covered_lines": 9, "num_statements": 36, "percent_covered": 25.0, "percent_covered_display": "25", "missing_lines": 27, "excluded_lines": 0}, "missing_lines": [82, 83, 84, 87, 92, 93, 94, 97, 99, 101, 102, 105, 106, 109, 110, 112, 115, 116, 117, 118, 121, 122, 123, 124, 125, 127, 130], "excluded_lines": []}, "MLService.convert_to_binary": {"executed_lines": [], "summary": {"covered_lines": 0, "num_statements": 3, "percent_covered": 0.0, "percent_covered_display": "0", "missing_lines": 3, "excluded_lines": 0}, "missing_lines": [146, 147, 154], "excluded_lines": []}, "MLService.convert_to_numeric": {"executed_lines": [], "summary": {"covered_lines": 0, "num_statements": 3, "percent_covered": 0.0, "percent_covered_display": "0", "missing_lines": 3, "excluded_lines": 0}, "missing_lines": [159, 160, 161], "excluded_lines": []}, "MLService.load_work_orders": {"executed_lines": [], "summary": {"covered_lines": 0, "num_statements": 10, "percent_covered": 0.0, "percent_covered_display": "0", "missing_lines": 10, "excluded_lines": 0}, "missing_lines": [166, 168, 169, 170, 173, 187, 189, 190, 191, 192], "excluded_lines": []}, "MLService.preprocess_data": {"executed_lines": [], "summary": {"covered_lines": 0, "num_statements": 31, "percent_covered": 0.0, "percent_covered_display": "0", "missing_lines": 31, "excluded_lines": 0}, "missing_lines": [202, 203, 204, 205, 208, 209, 212, 213, 214, 221, 223, 225, 226, 227, 228, 229, 232, 233, 234, 235, 236, 239, 240, 241, 244, 246, 247, 248, 251, 254, 258], "excluded_lines": []}, "MLService.engineer_features": {"executed_lines": [], "summary": {"covered_lines": 0, "num_statements": 39, "percent_covered": 0.0, "percent_covered_display": "0", "missing_lines": 39, "excluded_lines": 0}, "missing_lines": [263, 264, 267, 268, 270, 272, 273, 275, 278, 279, 280, 281, 282, 285, 288, 291, 292, 295, 298, 300, 303, 311, 312, 313, 314, 315, 322, 327, 328, 330, 335, 336, 338, 339, 340, 341, 344, 347, 349], "excluded_lines": []}, "dashboard": {"executed_lines": [], "summary": {"covered_lines": 0, "num_statements": 1, "percent_covered": 0.0, "percent_covered_display": "0", "missing_lines": 1, "excluded_lines": 0}, "missing_lines": [355], "excluded_lines": []}, "train_model": {"executed_lines": [], "summary": {"covered_lines": 0, "num_statements": 45, "percent_covered": 0.0, "percent_covered_display": "0", "missing_lines": 45, "excluded_lines": 0}, "missing_lines": [367, 368, 369, 370, 373, 374, 375, 378, 379, 385, 408, 410, 411, 413, 414, 416, 417, 420, 425, 427, 444, 445, 448, 449, 450, 452, 453, 454, 457, 458, 470, 471, 472, 473, 474, 475, 476, 477, 478, 480, 491, 492, 494, 496, 497], "excluded_lines": []}, "predict": {"executed_lines": [], "summary": {"covered_lines": 0, "num_statements": 22, "percent_covered": 0.0, "percent_covered_display": "0", "missing_lines": 22, "excluded_lines": 0}, "missing_lines": [506, 507, 509, 510, 513, 514, 532, 533, 534, 538, 541, 544, 545, 547, 548, 550, 553, 556, 557, 559, 570, 571], "excluded_lines": []}, "batch_predict": {"executed_lines": [], "summary": {"covered_lines": 0, "num_statements": 32, "percent_covered": 0.0, "percent_covered_display": "0", "missing_lines": 32, "excluded_lines": 0}, "missing_lines": [580, 581, 583, 585, 591, 593, 594, 595, 597, 598, 599, 601, 602, 616, 619, 620, 621, 625, 627, 628, 629, 631, 632, 634, 635, 637, 648, 649, 650, 652, 656, 657], "excluded_lines": []}, "predict_work_order": {"executed_lines": [], "summary": {"covered_lines": 0, "num_statements": 24, "percent_covered": 0.0, "percent_covered_display": "0", "missing_lines": 24, "excluded_lines": 0}, "missing_lines": [666, 667, 670, 671, 672, 674, 676, 677, 691, 692, 693, 694, 696, 699, 700, 701, 703, 704, 706, 709, 710, 712, 724, 725], "excluded_lines": []}, "status": {"executed_lines": [], "summary": {"covered_lines": 0, "num_statements": 1, "percent_covered": 0.0, "percent_covered_display": "0", "missing_lines": 1, "excluded_lines": 0}, "missing_lines": [734], "excluded_lines": []}, "cron_retrain": {"executed_lines": [], "summary": {"covered_lines": 0, "num_statements": 75, "percent_covered": 0.0, "percent_covered_display": "0", "missing_lines": 75, "excluded_lines": 0}, "missing_lines": [751, 752, 754, 755, 759, 761, 762, 763, 766, 767, 770, 771, 772, 773, 774, 779, 780, 782, 788, 811, 813, 814, 815, 816, 821, 822, 824, 825, 826, 827, 831, 836, 838, 856, 857, 859, 862, 863, 864, 867, 868, 869, 871, 876, 877, 891, 892, 893, 894, 896, 897, 898, 899, 900, 901, 902, 903, 905, 906, 908, 911, 928, 929, 931, 932, 933, 934, 935, 936, 939, 941, 942, 943, 944, 946], "excluded_lines": []}, "cleanup_old_s3_models": {"executed_lines": [], "summary": {"covered_lines": 0, "num_statements": 23, "percent_covered": 0.0, "percent_covered_display": "0", "missing_lines": 23, "excluded_lines": 0}, "missing_lines": [957, 959, 962, 967, 968, 969, 972, 978, 979, 980, 983, 984, 987, 988, 989, 990, 991, 992, 995, 996, 1000, 1001, 1003], "excluded_lines": []}, "": {"executed_lines": [1, 2, 3, 4, 5, 6, 7, 8, 9, 10, 11, 12, 13, 14, 15, 16, 18, 21, 24, 62, 63, 66, 138, 139, 142, 143, 144, 156, 157, 163, 164, 194, 195, 260, 261, 352, 353, 354, 361, 362, 363, 500, 501, 502, 574, 575, 576, 660, 661, 662, 728, 729, 730, 746, 747, 955], "summary": {"covered_lines": 56, "num_statements": 56, "percent_covered": 100.0, "percent_covered_display": "100", "missing_lines": 0, "excluded_lines": 0}, "missing_lines": [], "excluded_lines": []}}, "classes": {"MLService": {"executed_lines": [], "summary": {"covered_lines": 0, "num_statements": 86, "percent_covered": 0.0, "percent_covered_display": "0", "missing_lines": 86, "excluded_lines": 0}, "missing_lines": [146, 147, 154, 159, 160, 161, 166, 168, 169, 170, 173, 187, 189, 190, 191, 192, 202, 203, 204, 205, 208, 209, 212, 213, 214, 221, 223, 225, 226, 227, 228, 229, 232, 233, 234, 235, 236, 239, 240, 241, 244, 246, 247, 248, 251, 254, 258, 263, 264, 267, 268, 270, 272, 273, 275, 278, 279, 280, 281, 282, 285, 288, 291, 292, 295, 298, 300, 303, 311, 312, 313, 314, 315, 322, 327, 328, 330, 335, 336, 338, 339, 340, 341, 344, 347, 349], "excluded_lines": []}, "": {"executed_lines": [1, 2, 3, 4, 5, 6, 7, 8, 9, 10, 11, 12, 13, 14, 15, 16, 18, 21, 24, 62, 63, 66, 70, 71, 72, 73, 74, 77, 132, 133, 134, 138, 139, 142, 143, 144, 156, 157, 163, 164, 194, 195, 260, 261, 352, 353, 354, 361, 362, 363, 500, 501, 502, 574, 575, 576, 660, 661, 662, 728, 729, 730, 746, 747, 955], "summary": {"covered_lines": 65, "num_statements": 315, "percent_covered": 20.634920634920636, "percent_covered_display": "21", "missing_lines": 250, "excluded_lines": 0}, "missing_lines": [82, 83, 84, 87, 92, 93, 94, 97, 99, 101, 102, 105, 106, 109, 110, 112, 115, 116, 117, 118, 121, 122, 123, 124, 125, 127, 130, 355, 367, 368, 369, 370, 373, 374, 375, 378, 379, 385, 408, 410, 411, 413, 414, 416, 417, 420, 425, 427, 444, 445, 448, 449, 450, 452, 453, 454, 457, 458, 470, 471, 472, 473, 474, 475, 476, 477, 478, 480, 491, 492, 494, 496, 497, 506, 507, 509, 510, 513, 514, 532, 533, 534, 538, 541, 544, 545, 547, 548, 550, 553, 556, 557, 559, 570, 571, 580, 581, 583, 585, 591, 593, 594, 595, 597, 598, 599, 601, 602, 616, 619, 620, 621, 625, 627, 628, 629, 631, 632, 634, 635, 637, 648, 649, 650, 652, 656, 657, 666, 667, 670, 671, 672, 674, 676, 677, 691, 692, 693, 694, 696, 699, 700, 701, 703, 704, 706, 709, 710, 712, 724, 725, 734, 751, 752, 754, 755, 759, 761, 762, 763, 766, 767, 770, 771, 772, 773, 774, 779, 780, 782, 788, 811, 813, 814, 815, 816, 821, 822, 824, 825, 826, 827, 831, 836, 838, 856, 857, 859, 862, 863, 864, 867, 868, 869, 871, 876, 877, 891, 892, 893, 894, 896, 897, 898, 899, 900, 901, 902, 903, 905, 906, 908, 911, 928, 929, 931, 932, 933, 934, 935, 936, 939, 941, 942, 943, 944, 946, 957, 959, 962, 967, 968, 969, 972, 978, 979, 980, 983, 984, 987, 988, 989, 990, 991, 992, 995, 996, 1000, 1001, 1003], "excluded_lines": []}}}, "routes/queue.py": {"executed_lines": [1, 2, 3, 4, 5, 6, 7, 8, 9, 10, 11, 12, 14, 18, 20, 23, 24, 27, 28, 58, 60, 61, 67, 71, 72, 75, 76, 79, 85, 94, 97, 101, 104, 106, 112, 116, 117, 118, 121, 124, 134, 146, 149, 151, 157, 167, 171, 172, 173, 176, 178, 185, 186, 187, 189, 190, 198, 301, 302, 303, 306, 307, 308, 309, 314, 315, 316, 317, 318, 328, 334, 335, 336, 339, 344, 347, 348, 349, 352, 362, 367, 375, 378, 381, 382, 383, 389, 390, 393, 394, 395, 398, 399, 400, 401, 404, 405, 406, 407, 408, 409, 410, 411, 412, 413, 414, 416, 419, 421, 422, 423, 424, 425, 426, 428, 429, 432, 433, 438, 445, 456, 457, 458, 459, 461, 463, 464, 465, 468, 470, 473, 474, 477, 478, 481, 483, 487, 495, 498, 499, 500, 502, 503, 504, 511, 513, 514, 515, 516, 517, 518, 519, 520, 523, 525, 531, 567, 568, 569, 572, 577, 582, 588, 594, 597, 600, 611, 612, 613, 615, 616, 630, 632, 633, 647, 649, 678, 679, 680, 712, 713, 714, 715, 745, 746, 747], "summary": {"covered_lines": 186, "num_statements": 286, "percent_covered": 65.03496503496504, "percent_covered_display": "65", "missing_lines": 100, "excluded_lines": 0}, "missing_lines": [31, 32, 33, 36, 37, 38, 40, 41, 42, 45, 46, 48, 49, 50, 51, 52, 55, 113, 148, 154, 168, 192, 193, 194, 195, 200, 201, 203, 205, 206, 209, 213, 214, 217, 218, 219, 225, 226, 228, 230, 233, 241, 242, 244, 245, 247, 248, 249, 250, 353, 354, 357, 358, 384, 435, 466, 471, 533, 535, 536, 539, 540, 541, 549, 550, 556, 557, 558, 559, 560, 682, 683, 685, 686, 694, 702, 703, 717, 718, 721, 724, 727, 729, 738, 739, 740, 749, 750, 752, 753, 756, 757, 760, 763, 765, 766, 774, 776, 785, 786], "excluded_lines": [], "functions": {"safe_date_sort_key": {"executed_lines": [20, 23, 24, 27, 28], "summary": {"covered_lines": 5, "num_statements": 22, "percent_covered": 22.727272727272727, "percent_covered_display": "23", "missing_lines": 17, "excluded_lines": 0}, "missing_lines": [31, 32, 33, 36, 37, 38, 40, 41, 42, 45, 46, 48, 49, 50, 51, 52, 55], "excluded_lines": []}, "initialize_queue_positions_for_unassigned": {"executed_lines": [60, 61, 67, 71, 72, 75, 76, 79, 85, 94, 97, 101, 104, 106, 112, 116, 117, 118, 121, 124, 134, 146, 149, 151, 157, 167, 171, 172, 173, 176, 178, 185, 186, 187, 189, 190], "summary": {"covered_lines": 36, "num_statements": 44, "percent_covered": 81.81818181818181, "percent_covered_display": "82", "missing_lines": 8, "excluded_lines": 0}, "missing_lines": [113, 148, 154, 168, 192, 193, 194, 195], "excluded_lines": []}, "initialize_all_queue_positions": {"executed_lines": [], "summary": {"covered_lines": 0, "num_statements": 19, "percent_covered": 0.0, "percent_covered_display": "0", "missing_lines": 19, "excluded_lines": 0}, "missing_lines": [200, 201, 203, 205, 206, 209, 213, 214, 217, 230, 233, 241, 242, 244, 245, 247, 248, 249, 250], "excluded_lines": []}, "initialize_all_queue_positions.priority_sort_key": {"executed_lines": [], "summary": {"covered_lines": 0, "num_statements": 0, "percent_covered": 100.0, "percent_covered_display": "100", "missing_lines": 0, "excluded_lines": 0}, "missing_lines": [], "excluded_lines": []}, "cleaning_queue": {"executed_lines": [306, 307, 308, 309, 314, 328, 334, 335, 336, 339, 344, 347, 348, 349, 352, 362, 367, 375, 378, 381, 382, 383, 389, 390, 393, 394, 395, 398, 399, 400, 401, 404, 405, 416, 419, 421, 422, 423, 424, 425, 426, 428, 429, 432, 433, 438, 445], "summary": {"covered_lines": 47, "num_statements": 53, "percent_covered": 88.67924528301887, "percent_covered_display": "89", "missing_lines": 6, "excluded_lines": 0}, "missing_lines": [353, 354, 357, 358, 384, 435], "excluded_lines": []}, "cleaning_queue.search_filter": {"executed_lines": [315, 316, 317, 318], "summary": {"covered_lines": 4, "num_statements": 4, "percent_covered": 100.0, "percent_covered_display": "100", "missing_lines": 0, "excluded_lines": 0}, "missing_lines": [], "excluded_lines": []}, "cleaning_queue.ManualPagination.__init__": {"executed_lines": [406, 407, 408, 409, 410, 411, 412, 413, 414], "summary": {"covered_lines": 9, "num_statements": 9, "percent_covered": 100.0, "percent_covered_display": "100", "missing_lines": 0, "excluded_lines": 0}, "missing_lines": [], "excluded_lines": []}, "reorder_cleaning_queue": {"executed_lines": [461, 463, 464, 465, 468, 470, 473, 474, 477, 478, 481, 483, 487, 495, 498, 499, 500, 502, 503, 504, 511, 513, 514, 515, 516, 517, 518, 519, 520, 523, 525, 531], "summary": {"covered_lines": 32, "num_statements": 47, "percent_covered": 68.08510638297872, "percent_covered_display": "68", "missing_lines": 15, "excluded_lines": 0}, "missing_lines": [466, 471, 533, 535, 536, 539, 540, 541, 549, 550, 556, 557, 558, 559, 560], "excluded_lines": []}, "cleaning_queue_summary": {"executed_lines": [572, 577, 582, 588, 594, 597, 600, 611, 612, 613, 615, 616, 630, 632, 633, 647, 649], "summary": {"covered_lines": 17, "num_statements": 17, "percent_covered": 100.0, "percent_covered_display": "100", "missing_lines": 0, "excluded_lines": 0}, "missing_lines": [], "excluded_lines": []}, "initialize_queue_positions": {"executed_lines": [], "summary": {"covered_lines": 0, "num_statements": 7, "percent_covered": 0.0, "percent_covered_display": "0", "missing_lines": 7, "excluded_lines": 0}, "missing_lines": [682, 683, 685, 686, 694, 702, 703], "excluded_lines": []}, "reset_all_queue_positions": {"executed_lines": [], "summary": {"covered_lines": 0, "num_statements": 9, "percent_covered": 0.0, "percent_covered_display": "0", "missing_lines": 9, "excluded_lines": 0}, "missing_lines": [717, 718, 721, 724, 727, 729, 738, 739, 740], "excluded_lines": []}, "check_repair_status": {"executed_lines": [], "summary": {"covered_lines": 0, "num_statements": 14, "percent_covered": 0.0, "percent_covered_display": "0", "missing_lines": 14, "excluded_lines": 0}, "missing_lines": [749, 750, 752, 753, 756, 757, 760, 763, 765, 766, 774, 776, 785, 786], "excluded_lines": []}, "": {"executed_lines": [1, 2, 3, 4, 5, 6, 7, 8, 9, 10, 11, 12, 14, 18, 58, 198, 301, 302, 303, 456, 457, 458, 459, 567, 568, 569, 678, 679, 680, 712, 713, 714, 715, 745, 746, 747], "summary": {"covered_lines": 36, "num_statements": 36, "percent_covered": 100.0, "percent_covered_display": "100", "missing_lines": 0, "excluded_lines": 0}, "missing_lines": [], "excluded_lines": []}}, "classes": {"cleaning_queue.ManualPagination": {"executed_lines": [406, 407, 408, 409, 410, 411, 412, 413, 414], "summary": {"covered_lines": 9, "num_statements": 9, "percent_covered": 100.0, "percent_covered_display": "100", "missing_lines": 0, "excluded_lines": 0}, "missing_lines": [], "excluded_lines": []}, "": {"executed_lines": [1, 2, 3, 4, 5, 6, 7, 8, 9, 10, 11, 12, 14, 18, 20, 23, 24, 27, 28, 58, 60, 61, 67, 71, 72, 75, 76, 79, 85, 94, 97, 101, 104, 106, 112, 116, 117, 118, 121, 124, 134, 146, 149, 151, 157, 167, 171, 172, 173, 176, 178, 185, 186, 187, 189, 190, 198, 301, 302, 303, 306, 307, 308, 309, 314, 315, 316, 317, 318, 328, 334, 335, 336, 339, 344, 347, 348, 349, 352, 362, 367, 375, 378, 381, 382, 383, 389, 390, 393, 394, 395, 398, 399, 400, 401, 404, 405, 416, 419, 421, 422, 423, 424, 425, 426, 428, 429, 432, 433, 438, 445, 456, 457, 458, 459, 461, 463, 464, 465, 468, 470, 473, 474, 477, 478, 481, 483, 487, 495, 498, 499, 500, 502, 503, 504, 511, 513, 514, 515, 516, 517, 518, 519, 520, 523, 525, 531, 567, 568, 569, 572, 577, 582, 588, 594, 597, 600, 611, 612, 613, 615, 616, 630, 632, 633, 647, 649, 678, 679, 680, 712, 713, 714, 715, 745, 746, 747], "summary": {"covered_lines": 177, "num_statements": 277, "percent_covered": 63.898916967509024, "percent_covered_display": "64", "missing_lines": 100, "excluded_lines": 0}, "missing_lines": [31, 32, 33, 36, 37, 38, 40, 41, 42, 45, 46, 48, 49, 50, 51, 52, 55, 113, 148, 154, 168, 192, 193, 194, 195, 200, 201, 203, 205, 206, 209, 213, 214, 217, 218, 219, 225, 226, 228, 230, 233, 241, 242, 244, 245, 247, 248, 249, 250, 353, 354, 357, 358, 384, 435, 466, 471, 533, 535, 536, 539, 540, 541, 549, 550, 556, 557, 558, 559, 560, 682, 683, 685, 686, 694, 702, 703, 717, 718, 721, 724, 727, 729, 738, 739, 740, 749, 750, 752, 753, 756, 757, 
[...]
nes": []}}}, "utils/repair_order_pdf.py": {"executed_lines": [1, 2, 3, 4, 5, 6, 14, 15, 16, 19, 21, 23, 24, 25, 26, 28, 31, 41, 42, 43, 44, 47, 48, 50, 52, 64, 79, 92, 105, 118, 131, 145, 159, 172, 183, 194, 197, 198, 206, 207, 208, 229, 231, 234, 251, 252, 278, 280, 282, 284, 286, 287, 292, 295, 299, 303, 310, 313, 314, 331, 333, 335, 336, 338, 339, 343, 344, 348, 406, 411, 412, 415, 417, 428, 430, 471, 474, 477, 487, 489, 491, 494, 505, 506, 508, 509, 510, 511, 512, 515, 519, 535, 538, 548, 549, 582, 584, 586, 587, 590, 593, 603, 604, 608, 613, 625, 641, 652, 665, 674, 683, 696, 716, 727, 740, 747, 752, 764, 775, 787, 799, 814, 816, 817, 827, 828, 837, 838, 839, 840, 841, 842, 844, 845, 848, 849, 852, 854, 855], "summary": {"covered_lines": 139, "num_statements": 170, "percent_covered": 81.76470588235294, "percent_covered_display": "82", "missing_lines": 31, "excluded_lines": 0}, "missing_lines": [32, 33, 38, 199, 200, 201, 202, 204, 209, 211, 213, 214, 215, 216, 218, 221, 222, 224, 226, 227, 340, 341, 345, 413, 414, 416, 513, 516, 517, 818, 846], "excluded_lines": [], "functions": {"safe_paragraph": {"executed_lines": [21, 23, 24, 25, 26, 28, 31], "summary": {"covered_lines": 7, "num_statements": 10, "percent_covered": 70.0, "percent_covered_display": "70", "missing_lines": 3, "excluded_lines": 0}, "missing_lines": [32, 33, 38], "excluded_lines": []}, "RepairOrderPDF.__init__": {"executed_lines": [43, 44, 47, 48], "summary": {"covered_lines": 4, "num_statements": 4, "percent_covered": 100.0, "percent_covered_display": "100", "missing_lines": 0, "excluded_lines": 0}, "missing_lines": [], "excluded_lines": []}, "RepairOrderPDF._setup_custom_styles": {"executed_lines": [52, 64, 79, 92, 105, 118, 131, 145, 159, 172, 183], "summary": {"covered_lines": 11, "num_statements": 11, "percent_covered": 100.0, "percent_covered_display": "100", "missing_lines": 0, "excluded_lines": 0}, "missing_lines": [], "excluded_lines": []}, "RepairOrderPDF._calculate_dynamic_instruction_rows": {"executed_lines": [197, 198], "summary": {"covered_lines": 2, "num_statements": 7, "percent_covered": 28.571428571428573, "percent_covered_display": "29", "missing_lines": 5, "excluded_lines": 0}, "missing_lines": [199, 200, 201, 202, 204], "excluded_lines": []}, "RepairOrderPDF._format_date": {"executed_lines": [207, 208], "summary": {"covered_lines": 2, "num_statements": 14, "percent_covered": 14.285714285714286, "percent_covered_display": "14", "missing_lines": 12, "excluded_lines": 0}, "missing_lines": [209, 211, 213, 214, 215, 216, 218, 221, 222, 224, 226, 227], "excluded_lines": []}, "RepairOrderPDF._build_header_with_ro_number": {"executed_lines": [231, 234, 251, 252, 278], "summary": {"covered_lines": 5, "num_statements": 5, "percent_covered": 100.0, "percent_covered_display": "100", "missing_lines": 0, "excluded_lines": 0}, "missing_lines": [], "excluded_lines": []}, "RepairOrderPDF._build_rush_table": {"executed_lines": [282, 284, 295, 299, 303, 310, 313, 314, 331], "summary": {"covered_lines": 9, "num_statements": 9, "percent_covered": 100.0, "percent_covered_display": "100", "missing_lines": 0, "excluded_lines": 0}, "missing_lines": [], "excluded_lines": []}, "RepairOrderPDF._build_rush_table.rush_value": {"executed_lines": [286, 287, 292], "summary": {"covered_lines": 3, "num_statements": 3, "percent_covered": 100.0, "percent_covered_display": "100", "missing_lines": 0, "excluded_lines": 0}, "missing_lines": [], "excluded_lines": []}, "RepairOrderPDF._build_top_section": {"executed_lines": [335, 336, 338, 339, 343, 344, 348, 406, 411, 412, 415, 417, 428, 430, 471, 474, 477, 487], "summary": {"covered_lines": 18, "num_statements": 24, "percent_covered": 75.0, "percent_covered_display": "75", "missing_lines": 6, "excluded_lines": 0}, "missing_lines": [340, 341, 345, 413, 414, 416], "excluded_lines": []}, "RepairOrderPDF._build_items_table": {"executed_lines": [491, 494, 505, 506, 508, 509, 510, 511, 512, 515, 519, 535, 538, 548, 549, 582], "summary": {"covered_lines": 16, "num_statements": 19, "percent_covered": 84.21052631578948, "percent_covered_display": "84", "missing_lines": 3, "excluded_lines": 0}, "missing_lines": [513, 516, 517], "excluded_lines": []}, "RepairOrderPDF._build_footer": {"executed_lines": [586, 587, 590, 593, 603, 604, 608, 613, 625, 641, 652, 665, 674, 683, 696, 716, 727, 740, 747, 752, 764, 775, 787, 799], "summary": {"covered_lines": 24, "num_statements": 24, "percent_covered": 100.0, "percent_covered_display": "100", "missing_lines": 0, "excluded_lines": 0}, "missing_lines": [], "excluded_lines": []}, "RepairOrderPDF.generate_pdf": {"executed_lines": [816, 817, 827, 828, 837, 838, 839, 840, 841, 842, 844, 845, 848, 849], "summary": {"covered_lines": 14, "num_statements": 16, "percent_covered": 87.5, "percent_covered_display": "88", "missing_lines": 2, "excluded_lines": 0}, "missing_lines": [818, 846], "excluded_lines": []}, "generate_repair_order_pdf": {"executed_lines": [854, 855], "summary": {"covered_lines": 2, "num_statements": 2, "percent_covered": 100.0, "percent_covered_display": "100", "missing_lines": 0, "excluded_lines": 0}, "missing_lines": [], "excluded_lines": []}, "": {"executed_lines": [1, 2, 3, 4, 5, 6, 14, 15, 16, 19, 41, 42, 50, 194, 206, 229, 280, 333, 489, 584, 814, 852], "summary": {"covered_lines": 22, "num_statements": 22, "percent_covered": 100.0, "percent_covered_display": "100", "missing_lines": 0, "excluded_lines": 0}, "missing_lines": [], "excluded_lines": []}}, "classes": {"RepairOrderPDF": {"executed_lines": [43, 44, 47, 48, 52, 64, 79, 92, 105, 118, 131, 145, 159, 172, 183, 197, 198, 207, 208, 231, 234, 251, 252, 278, 282, 284, 286, 287, 292, 295, 299, 303, 310, 313, 314, 331, 335, 336, 338, 339, 343, 344, 348, 406, 411, 412, 415, 417, 428, 430, 471, 474, 477, 487, 491, 494, 505, 506, 508, 509, 510, 511, 512, 515, 519, 535, 538, 548, 549, 582, 586, 587, 590, 593, 603, 604, 608, 613, 625, 641, 652, 665, 674, 683, 696, 716, 727, 740, 747, 752, 764, 775, 787, 799, 816, 817, 827, 828, 837, 838, 839, 840, 841, 842, 844, 845, 848, 849], "summary": {"covered_lines": 108, "num_statements": 136, "percent_covered": 79.41176470588235, "percent_covered_display": "79", "missing_lines": 28, "excluded_lines": 0}, "missing_lines": [199, 200, 201, 202, 204, 209, 211, 213, 214, 215, 216, 218, 221, 222, 224, 226, 227, 340, 341, 345, 413, 414, 416, 513, 516, 517, 818, 846], "excluded_lines": []}, "": {"executed_lines": [1, 2, 3, 4, 5, 6, 14, 15, 16, 19, 21, 23, 24, 25, 26, 28, 31, 41, 42, 50, 194, 206, 229, 280, 333, 489, 584, 814, 852, 854, 855], "summary": {"covered_lines": 31, "num_statements": 34, "percent_covered": 91.17647058823529, "percent_covered_display": "91", "missing_lines": 3, "excluded_lines": 0}, "missing_lines": [32, 33, 38], "excluded_lines": []}}}, "utils/thumbnail_generator.py": {"executed_lines": [1, 2, 3, 4, 5, 6, 7, 8, 9, 10, 13, 14, 17, 38, 72, 94, 123, 145, 179, 192, 221, 241, 273], "summary": {"covered_lines": 23, "num_statements": 176, "percent_covered": 13.068181818181818, "percent_covered_display": "13", "missing_lines": 153, "excluded_lines": 0}, "missing_lines": [19, 21, 22, 23, 24, 26, 27, 28, 29, 30, 31, 32, 33, 35, 42, 43, 45, 47, 48, 49, 51, 52, 55, 58, 59, 60, 61, 62, 64, 65, 66, 67, 69, 74, 75, 77, 78, 79, 80, 83, 84, 85, 87, 88, 90, 91, 96, 97, 98, 99, 101, 102, 103, 105, 106, 109, 111, 112, 113, 115, 116, 117, 118, 120, 125, 126, 127, 129, 130, 131, 132, 133, 135, 136, 139, 140, 142, 147, 148, 149, 150, 151, 153, 154, 157, 158, 159, 160, 162, 163, 164, 166, 167, 170, 171, 173, 174, 176, 181, 182, 183, 186, 187, 189, 194, 195, 197, 198, 199, 200, 201, 202, 203, 204, 206, 209, 210, 211, 212, 214, 215, 216, 218, 223, 225, 226, 227, 228, 229, 230, 231, 232, 233, 234, 235, 238, 244, 245, 246, 247, 249, 250, 251, 254, 255, 256, 258, 260, 270, 275, 276, 277, 278], "excluded_lines": [], "functions": {"get_file_type": {"executed_lines": [], "summary": {"covered_lines": 0, "num_statements": 14, "percent_covered": 0.0, "percent_covered_display": "0", "missing_lines": 14, "excluded_lines": 0}, "missing_lines": [19, 21, 22, 23, 24, 26, 27, 28, 29, 30, 31, 32, 33, 35], "excluded_lines": []}, "create_text_thumbnail": {"executed_lines": [], "summary": {"covered_lines": 0, "num_statements": 19, "percent_covered": 0.0, "percent_covered_display": "0", "missing_lines": 19, "excluded_lines": 0}, "missing_lines": [42, 43, 45, 47, 48, 49, 51, 52, 55, 58, 59, 60, 61, 62, 64, 65, 66, 67, 69], "excluded_lines": []}, "create_icon_thumbnail": {"executed_lines": [], "summary": {"covered_lines": 0, "num_statements": 13, "percent_covered": 0.0, "percent_covered_display": "0", "missing_lines": 13, "excluded_lines": 0}, "missing_lines": [74, 75, 77, 78, 79, 80, 83, 84, 85, 87, 88, 90, 91], "excluded_lines": []}, "generate_pdf_thumbnail": {"executed_lines": [], "summary": {"covered_lines": 0, "num_statements": 18, "percent_covered": 0.0, "percent_covered_display": "0", "missing_lines": 18, "excluded_lines": 0}, "missing_lines": [96, 97, 98, 99, 101, 102, 103, 105, 106, 109, 111, 112, 113, 115, 116, 117, 118, 120], "excluded_lines": []}, "generate_docx_thumbnail": {"executed_lines": [], "summary": {"covered_lines": 0, "num_statements": 13, "percent_covered": 0.0, "percent_covered_display": "0", "missing_lines": 13, "excluded_lines": 0}, "missing_lines": [125, 126, 127, 129, 130, 131, 132, 133, 135, 136, 139, 140, 142], "excluded_lines": []}, "generate_excel_thumbnail": {"executed_lines": [], "summary": {"covered_lines": 0, "num_statements": 21, "percent_covered": 0.0, "percent_covered_display": "0", "missing_lines": 21, "excluded_lines": 0}, "missing_lines": [147, 148, 149, 150, 151, 153, 154, 157, 158, 159, 160, 162, 163, 164, 166, 167, 170, 171, 173, 174, 176], "excluded_lines": []}, "generate_text_thumbnail": {"executed_lines": [], "summary": {"covered_lines": 0, "num_statements": 6, "percent_covered": 0.0, "percent_covered_display": "0", "missing_lines": 6, "excluded_lines": 0}, "missing_lines": [181, 182, 183, 186, 187, 189], "excluded_lines": []}, "generate_image_thumbnail": {"executed_lines": [], "summary": {"covered_lines": 0, "num_statements": 19, "percent_covered": 0.0, "percent_covered_display": "0", "missing_lines": 19, "excluded_lines": 0}, "missing_lines": [194, 195, 197, 198, 199, 200, 201, 202, 203, 204, 206, 209, 210, 211, 212, 214, 215, 216, 218], "excluded_lines": []}, "generate_thumbnail": {"executed_lines": [], "summary": {"covered_lines": 0, "num_statements": 13, "percent_covered": 0.0, "percent_covered_display": "0", "missing_lines": 13, "excluded_lines": 0}, "missing_lines": [223, 225, 226, 227, 228, 229, 230, 231, 232, 233, 234, 235, 238], "excluded_lines": []}, "save_thumbnail_to_s3": {"executed_lines": [], "summary": {"covered_lines": 0, "num_statements": 13, "percent_covered": 0.0, "percent_covered_display": "0", "missing_lines": 13, "excluded_lines": 0}, "missing_lines": [244, 245, 246, 247, 249, 250, 251, 254, 255, 256, 258, 260, 270], "excluded_lines": []}, "save_thumbnail_locally": {"executed_lines": [], "summary": {"covered_lines": 0, "num_statements": 4, "percent_covered": 0.0, "percent_covered_display": "0", "missing_lines": 4, "excluded_lines": 0}, "missing_lines": [275, 276, 277, 278], "excluded_lines": []}, "": {"executed_lines": [1, 2, 3, 4, 5, 6, 7, 8, 9, 10, 13, 14, 17, 38, 72, 94, 123, 145, 179, 192, 221, 241, 273], "summary": {"covered_lines": 23, "num_statements": 23, "percent_covered": 100.0, "percent_covered_display": "100", "missing_lines": 0, "excluded_lines": 0}, "missing_lines": [], "excluded_lines": []}}, "classes": {"": {"executed_lines": [1, 2, 3, 4, 5, 6, 7, 8, 9, 10, 13, 14, 17, 38, 72, 94, 123, 145, 179, 192, 221, 241, 273], "summary": {"covered_lines": 23, "num_statements": 176, "percent_covered": 13.068181818181818, "percent_covered_display": "13", "missing_lines": 153, "excluded_lines": 0}, "missing_lines": [19, 21, 22, 23, 24, 26, 27, 28, 29, 30, 31, 32, 33, 35, 42, 43, 45, 47, 48, 49, 51, 52, 55, 58, 59, 60, 61, 62, 64, 65, 66, 67, 69, 74, 75, 77, 78, 79, 80, 83, 84, 85, 87, 88, 90, 91, 96, 97, 98, 99, 101, 102, 103, 105, 106, 109, 111, 112, 113, 115, 116, 117, 118, 120, 125, 126, 127, 129, 130, 131, 132, 133, 135, 136, 139, 140, 142, 147, 148, 149, 150, 151, 153, 154, 157, 158, 159, 160, 162, 163, 164, 166, 167, 170, 171, 173, 174, 176, 181, 182, 183, 186, 187, 189, 194, 195, 197, 198, 199, 200, 201, 202, 203, 204, 206, 209, 210, 211, 212, 214, 215, 216, 218, 223, 225, 226, 227, 228, 229, 230, 231, 232, 233, 234, 235, 238, 244, 245, 246, 247, 249, 250, 251, 254, 255, 256, 258, 260, 270, 275, 276, 277, 278], "excluded_lines": []}}}, "utils/work_order_pdf.py": {"executed_lines": [1, 2, 3, 4, 5, 6, 14, 15, 16, 17, 20, 42, 61, 62, 70, 214, 226, 249, 300, 354, 494, 589, 799, 836], "summary": {"covered_lines": 24, "num_statements": 188, "percent_covered": 12.76595744680851, "percent_covered_display": "13", "missing_lines": 164, "excluded_lines": 0}, "missing_lines": [22, 24, 25, 26, 27, 32, 33, 34, 39, 45, 47, 48, 50, 51, 52, 54, 56, 57, 58, 63, 64, 67, 68, 72, 84, 99, 112, 125, 138, 151, 165, 179, 192, 203, 217, 218, 219, 220, 221, 222, 224, 227, 228, 229, 231, 233, 234, 235, 236, 238, 241, 242, 244, 246, 247, 251, 254, 271, 272, 298, 302, 304, 307, 308, 313, 316, 320, 324, 331, 334, 335, 352, 356, 357, 359, 360, 361, 362, 364, 365, 366, 369, 427, 430, 431, 432, 433, 434, 435, 438, 439, 446, 447, 448, 449, 450, 451, 453, 455, 476, 479, 482, 492, 496, 499, 510, 511, 513, 514, 515, 516, 517, 518, 520, 521, 522, 524, 540, 543, 553, 554, 587, 591, 592, 595, 599, 600, 601, 603, 613, 614, 618, 623, 635, 650, 661, 674, 689, 700, 713, 727, 738, 751, 762, 774, 786, 800, 801, 802, 811, 812, 821, 822, 823, 824, 825, 826, 828, 829, 830, 832, 833, 838, 839], "excluded_lines": [], "functions": {"safe_paragraph": {"executed_lines": [], "summary": {"covered_lines": 0, "num_statements": 9, "percent_covered": 0.0, "percent_covered_display": "0", "missing_lines": 9, "excluded_lines": 0}, "missing_lines": [22, 24, 25, 26, 27, 32, 33, 34, 39], "excluded_lines": []}, "create_bool_paragraph": {"executed_lines": [], "summary": {"covered_lines": 0, "num_statements": 10, "percent_covered": 0.0, "percent_covered_display": "0", "missing_lines": 10, "excluded_lines": 0}, "missing_lines": [45, 47, 48, 50, 51, 52, 54, 56, 57, 58], "excluded_lines": []}, "WorkOrderPDF.__init__": {"executed_lines": [], "summary": {"covered_lines": 0, "num_statements": 4, "percent_covered": 0.0, "percent_covered_display": "0", "missing_lines": 4, "excluded_lines": 0}, "missing_lines": [63, 64, 67, 68], "excluded_lines": []}, "WorkOrderPDF._setup_custom_styles": {"executed_lines": [], "summary": {"covered_lines": 0, "num_statements": 11, "percent_covered": 0.0, "percent_covered_display": "0", "missing_lines": 11, "excluded_lines": 0}, "missing_lines": [72, 84, 99, 112, 125, 138, 151, 165, 179, 192, 203], "excluded_lines": []}, "WorkOrderPDF._calculate_dynamic_instruction_rows": {"executed_lines": [], "summary": {"covered_lines": 0, "num_statements": 7, "percent_covered": 0.0, "percent_covered_display": "0", "missing_lines": 7, "excluded_lines": 0}, "missing_lines": [217, 218, 219, 220, 221, 222, 224], "excluded_lines": []}, "WorkOrderPDF._format_date": {"executed_lines": [], "summary": {"covered_lines": 0, "num_statements": 14, "percent_covered": 0.0, "percent_covered_display": "0", "missing_lines": 14, "excluded_lines": 0}, "missing_lines": [227, 228, 229, 231, 233, 234, 235, 236, 238, 241, 242, 244, 246, 247], "excluded_lines": []}, "WorkOrderPDF._build_header_with_wo_number": {"executed_lines": [], "summary": {"covered_lines": 0, "num_statements": 5, "percent_covered": 0.0, "percent_covered_display": "0", "missing_lines": 5, "excluded_lines": 0}, "missing_lines": [251, 254, 271, 272, 298], "excluded_lines": []}, "WorkOrderPDF._build_rush_table": {"executed_lines": [], "summary": {"covered_lines": 0, "num_statements": 9, "percent_covered": 0.0, "percent_covered_display": "0", "missing_lines": 9, "excluded_lines": 0}, "missing_lines": [302, 304, 316, 320, 324, 331, 334, 335, 352], "excluded_lines": []}, "WorkOrderPDF._build_rush_table.rush_value": {"executed_lines": [], "summary": {"covered_lines": 0, "num_statements": 3, "percent_covered": 0.0, "percent_covered_display": "0", "missing_lines": 3, "excluded_lines": 0}, "missing_lines": [307, 308, 313], "excluded_lines": []}, "WorkOrderPDF._build_top_section": {"executed_lines": [], "summary": {"covered_lines": 0, "num_statements": 31, "percent_covered": 0.0, "percent_covered_display": "0", "missing_lines": 31, "excluded_lines": 0}, "missing_lines": [356, 357, 359, 360, 361, 362, 364, 365, 366, 369, 427, 430, 431, 432, 433, 434, 435, 438, 439, 446, 447, 448, 449, 450, 451, 453, 455, 476, 479, 482, 492], "excluded_lines": []}, "WorkOrderPDF._build_items_table": {"executed_lines": [], "summary": {"covered_lines": 0, "num_statements": 19, "percent_covered": 0.0, "percent_covered_display": "0", "missing_lines": 19, "excluded_lines": 0}, "missing_lines": [496, 499, 510, 511, 513, 514, 515, 516, 517, 518, 520, 521, 522, 524, 540, 543, 553, 554, 587], "excluded_lines": []}, "WorkOrderPDF._build_footer": {"executed_lines": [], "summary": {"covered_lines": 0, "num_statements": 24, "percent_covered": 0.0, "percent_covered_display": "0", "missing_lines": 24, "excluded_lines": 0}, "missing_lines": [591, 592, 595, 599, 600, 601, 603, 613, 614, 618, 623, 635, 650, 661, 674, 689, 700, 713, 727, 738, 751, 762, 774, 786], "excluded_lines": []}, "WorkOrderPDF.generate_pdf": {"executed_lines": [], "summary": {"covered_lines": 0, "num_statements": 16, "percent_covered": 0.0, "percent_covered_display": "0", "missing_lines": 16, "excluded_lines": 0}, "missing_lines": [800, 801, 802, 811, 812, 821, 822, 823, 824, 825, 826, 828, 829, 830, 832, 833], "excluded_lines": []}, "generate_work_order_pdf": {"executed_lines": [], "summary": {"covered_lines": 0, "num_statements": 2, "percent_covered": 0.0, "percent_covered_display": "0", "missing_lines": 2, "excluded_lines": 0}, "missing_lines": [838, 839], "excluded_lines": []}, "": {"executed_lines": [1, 2, 3, 4, 5, 6, 14, 15, 16, 17, 20, 42, 61, 62, 70, 214, 226, 249, 300, 354, 494, 589, 799, 836], "summary": {"covered_lines": 24, "num_statements": 24, "percent_covered": 100.0, "percent_covered_display": "100", "missing_lines": 0, "excluded_lines": 0}, "missing_lines": [], "excluded_lines": []}}, "classes": {"WorkOrderPDF": {"executed_lines": [], "summary": {"covered_lines": 0, "num_statements": 143, "percent_covered": 0.0, "percent_covered_display": "0", "missing_lines": 143, "excluded_lines": 0}, "missing_lines": [63, 64, 67, 68, 72, 84, 99, 112, 125, 138, 151, 165, 179, 192, 203, 217, 218, 219, 220, 221, 222, 224, 227, 228, 229, 231, 233, 234, 235, 236, 238, 241, 242, 244, 246, 247, 251, 254, 271, 272, 298, 302, 304, 307, 308, 313, 316, 320, 324, 331, 334, 335, 352, 356, 357, 359, 360, 361, 362, 364, 365, 366, 369, 427, 430, 431, 432, 433, 434, 435, 438, 439, 446, 447, 448, 449, 450, 451, 453, 455, 476, 479, 482, 492, 496, 499, 510, 511, 513, 514, 515, 516, 517, 518, 520, 521, 522, 524, 540, 543, 553, 554, 587, 591, 592, 595, 599, 600, 601, 603, 613, 614, 618, 623, 635, 650, 661, 674, 689, 700, 713, 727, 738, 751, 762, 774, 786, 800, 801, 802, 811, 812, 821, 822, 823, 824, 825, 826, 828, 829, 830, 832, 833], "excluded_lines": []}, "": {"executed_lines": [1, 2, 3, 4, 5, 6, 14, 15, 16, 17, 20, 42, 61, 62, 70, 214, 226, 249, 300, 354, 494, 589, 799, 836], "summary": {"covered_lines": 24, "num_statements": 45, "percent_covered": 53.333333333333336, "percent_covered_display": "53", "missing_lines": 21, "excluded_lines": 0}, "missing_lines": [22, 24, 25, 26, 27, 32, 33, 34, 39, 45, 47, 48, 50, 51, 52, 54, 56, 57, 58, 838, 839], "excluded_lines": []}}}}, "totals": {"covered_lines": 6260, "num_statements": 8826, "percent_covered": 70.92680716066168, "percent_covered_display": "71", "missing_lines": 2566, "excluded_lines": 0}}